#
# There is insufficient memory for the Java Runtime Environment to continue.
# Native memory allocation (mmap) failed to map 106954752 bytes for Failed to commit area from 0x000000008f300000 to 0x0000000095900000 of length 106954752.
# Possible reasons:
#   The system is out of physical RAM or swap space
#   The process is running with CompressedOops enabled, and the Java Heap may be blocking the growth of the native heap
# Possible solutions:
#   Reduce memory load on the system
#   Increase physical memory or swap space
#   Check if swap backing store is full
#   Decrease Java heap size (-Xmx/-Xms)
#   Decrease number of Java threads
#   Decrease Java thread stack sizes (-Xss)
#   Set larger code cache with -XX:ReservedCodeCacheSize=
#   JVM is running with Unscaled Compressed Oops mode in which the Java heap is
#     placed in the first 4GB address space. The Java Heap base address is the
#     maximum limit for the native heap growth. Please use -XX:HeapBaseMinAddress
#     to set the Java Heap base and to place the Java Heap above 4GB virtual address.
# This output file may be truncated or incomplete.
#
#  Out of Memory Error (./src/hotspot/os/windows/os_windows.cpp:3301), pid=36992, tid=15932
#
# JRE version: OpenJDK Runtime Environment (11.0.10) (build 11.0.10+0-b96-7249189)
# Java VM: OpenJDK 64-Bit Server VM (11.0.10+0-b96-7249189, mixed mode, tiered, compressed oops, g1 gc, windows-amd64)
# No core dump will be written. Minidumps are not enabled by default on client versions of Windows
#

---------------  S U M M A R Y ------------

Command Line: --add-opens=java.base/java.util=ALL-UNNAMED --add-opens=java.base/java.lang=ALL-UNNAMED --add-opens=java.base/java.lang.invoke=ALL-UNNAMED --add-opens=java.base/java.util=ALL-UNNAMED --add-opens=java.prefs/java.util.prefs=ALL-UNNAMED --add-opens=java.prefs/java.util.prefs=ALL-UNNAMED --add-opens=java.base/java.nio.charset=ALL-UNNAMED --add-opens=java.base/java.net=ALL-UNNAMED --add-opens=java.base/java.util.concurrent.atomic=ALL-UNNAMED -Xmx2048m -Dfile.encoding=UTF-8 -Duser.country=KR -Duser.language=ko -Duser.variant org.gradle.launcher.daemon.bootstrap.GradleDaemon 7.0.2

Host: AMD Ryzen 7 3700U with Radeon Vega Mobile Gfx  , 8 cores, 5G,  Windows 10 , 64 bit Build 18362 (10.0.18362.1500)
Time: Thu Mar 24 14:24:24 2022 ¢¥eCN©öI¡¾©ö C¡ÍA¨ª¨öA elapsed time: 42.453598 seconds (0d 0h 0m 42s)

---------------  T H R E A D  ---------------

Current thread (0x000001a5ade25000):  VMThread "VM Thread" [stack: 0x0000003e38a00000,0x0000003e38b00000] [id=15932]

Stack: [0x0000003e38a00000,0x0000003e38b00000]
[error occurred during error reporting (printing stack bounds), id 0xc0000005, EXCEPTION_ACCESS_VIOLATION (0xc0000005) at pc=0x000001a596d00f2d]

Native frames: (J=compiled Java code, j=interpreted, Vv=VM code, C=native code)
V  [jvm.dll+0x5ecfaa]
V  [jvm.dll+0x722bd5]
V  [jvm.dll+0x72412d]
V  [jvm.dll+0x724745]
V  [jvm.dll+0x7246fb]
V  [jvm.dll+0x5ec348]
V  [jvm.dll+0x5ecad8]
C  [ntdll.dll+0xa1fff]
C  [ntdll.dll+0x6aad9]
C  [ntdll.dll+0xa0c6e]
C  0x000001a596d00f2d

VM_Operation (0x0000003e39ef2c30): G1CollectForAllocation, mode: safepoint, requested by thread 0x000001a5b09e8000


---------------  P R O C E S S  ---------------

Threads class SMR info:
_java_thread_list=0x000001a5b13963e0, length=66, elements={
0x000001a591a61800, 0x000001a5ade27000, 0x000001a5ade30000, 0x000001a5ade57000,
0x000001a5ade58800, 0x000001a5ade5b800, 0x000001a5ae764800, 0x000001a5ae765000,
0x000001a5ade69000, 0x000001a5ae8af000, 0x000001a5afe44000, 0x000001a5aea74800,
0x000001a5af8c3800, 0x000001a5aedf4000, 0x000001a5af41c000, 0x000001a5b1156000,
0x000001a5b09e8000, 0x000001a5b02a4000, 0x000001a5b0c8d800, 0x000001a5b0c94000,
0x000001a5b0c92800, 0x000001a5b0c90000, 0x000001a5b0c8e800, 0x000001a5b0c91000,
0x000001a5b0c93800, 0x000001a5b0c92000, 0x000001a5b0c8f800, 0x000001a5afac2000,
0x000001a5afabc000, 0x000001a5afabe800, 0x000001a5afabf800, 0x000001a5afac2800,
0x000001a5afabd000, 0x000001a5afac1000, 0x000001a5afac5000, 0x000001a5afac6000,
0x000001a5afac0000, 0x000001a5afac8800, 0x000001a5afaca000, 0x000001a5afac7000,
0x000001a5afac7800, 0x000001a5afac9000, 0x000001a5afacb000, 0x000001a5b249c800,
0x000001a5b249e000, 0x000001a5b249f000, 0x000001a5b24a0800, 0x000001a5b249d000,
0x000001a5b249f800, 0x000001a5b249b800, 0x000001a5b24a7000, 0x000001a5b24a1000,
0x000001a5b24a3000, 0x000001a5b24a4800, 0x000001a5b24a5800, 0x000001a5b24a2000,
0x000001a5b24a8000, 0x000001a5b24a8800, 0x000001a5b24a9800, 0x000001a5b24a3800,
0x000001a5b5b58000, 0x000001a5b5b5e000, 0x000001a5b5b5a800, 0x000001a5b5b5e800,
0x000001a5b5b59000, 0x000001a5b5b5f800
}

Java Threads: ( => current thread )
  0x000001a591a61800 JavaThread "main" [_thread_blocked, id=38384, stack(0x0000003e38400000,0x0000003e38500000)]
  0x000001a5ade27000 JavaThread "Reference Handler" daemon [_thread_blocked, id=18284, stack(0x0000003e38b00000,0x0000003e38c00000)]
  0x000001a5ade30000 JavaThread "Finalizer" daemon [_thread_blocked, id=34248, stack(0x0000003e38c00000,0x0000003e38d00000)]
  0x000001a5ade57000 JavaThread "Signal Dispatcher" daemon [_thread_blocked, id=19636, stack(0x0000003e38d00000,0x0000003e38e00000)]
  0x000001a5ade58800 JavaThread "Attach Listener" daemon [_thread_blocked, id=35048, stack(0x0000003e38e00000,0x0000003e38f00000)]
  0x000001a5ade5b800 JavaThread "Service Thread" daemon [_thread_blocked, id=7116, stack(0x0000003e38f00000,0x0000003e39000000)]
  0x000001a5ae764800 JavaThread "C2 CompilerThread0" daemon [_thread_blocked, id=31184, stack(0x0000003e39000000,0x0000003e39100000)]
  0x000001a5ae765000 JavaThread "C1 CompilerThread0" daemon [_thread_blocked, id=15520, stack(0x0000003e39100000,0x0000003e39200000)]
  0x000001a5ade69000 JavaThread "Sweeper thread" daemon [_thread_blocked, id=37000, stack(0x0000003e39200000,0x0000003e39300000)]
  0x000001a5ae8af000 JavaThread "Common-Cleaner" daemon [_thread_blocked, id=24152, stack(0x0000003e39300000,0x0000003e39400000)]
  0x000001a5afe44000 JavaThread "Daemon health stats" [_thread_blocked, id=29464, stack(0x0000003e39700000,0x0000003e39800000)]
  0x000001a5aea74800 JavaThread "Incoming local TCP Connector on port 14768" [_thread_in_native, id=32504, stack(0x0000003e39500000,0x0000003e39600000)]
  0x000001a5af8c3800 JavaThread "Daemon periodic checks" [_thread_blocked, id=30560, stack(0x0000003e39a00000,0x0000003e39b00000)]
  0x000001a5aedf4000 JavaThread "Daemon" [_thread_blocked, id=35052, stack(0x0000003e39b00000,0x0000003e39c00000)]
  0x000001a5af41c000 JavaThread "Handler for socket connection from /127.0.0.1:14768 to /127.0.0.1:14769" [_thread_in_native, id=33660, stack(0x0000003e39c00000,0x0000003e39d00000)]
  0x000001a5b1156000 JavaThread "Cancel handler" [_thread_blocked, id=30324, stack(0x0000003e39d00000,0x0000003e39e00000)]
  0x000001a5b09e8000 JavaThread "Daemon worker" [_thread_blocked, id=34684, stack(0x0000003e39e00000,0x0000003e39f00000)]
  0x000001a5b02a4000 JavaThread "Asynchronous log dispatcher for DefaultDaemonConnection: socket connection from /127.0.0.1:14768 to /127.0.0.1:14769" [_thread_blocked, id=20824, stack(0x0000003e39f00000,0x0000003e3a000000)]
  0x000001a5b0c8d800 JavaThread "Stdin handler" [_thread_blocked, id=29720, stack(0x0000003e3a000000,0x0000003e3a100000)]
  0x000001a5b0c94000 JavaThread "Daemon client event forwarder" [_thread_blocked, id=15332, stack(0x0000003e3a100000,0x0000003e3a200000)]
  0x000001a5b0c92800 JavaThread "Cache worker for file hash cache (C:\Users\YoungHwan\.gradle\caches\7.0.2\fileHashes)" [_thread_blocked, id=35460, stack(0x0000003e3a200000,0x0000003e3a300000)]
  0x000001a5b0c90000 JavaThread "File lock request listener" [_thread_in_native, id=32532, stack(0x0000003e3a300000,0x0000003e3a400000)]
  0x000001a5b0c8e800 JavaThread "Cache worker for journal cache (C:\Users\YoungHwan\.gradle\caches\journal-1)" [_thread_blocked, id=20204, stack(0x0000003e3a900000,0x0000003e3aa00000)]
  0x000001a5b0c91000 JavaThread "Cache worker for file hash cache (C:\Users\YoungHwan\Desktop\Android_Prac_BNR4th\Ch12\CriminalIntent\.gradle\7.0.2\fileHashes)" [_thread_blocked, id=28732, stack(0x0000003e3ab00000,0x0000003e3ac00000)]
  0x000001a5b0c93800 JavaThread "File watcher server" daemon [_thread_blocked, id=25912, stack(0x0000003e3ac00000,0x0000003e3ad00000)]
  0x000001a5b0c92000 JavaThread "File watcher consumer" daemon [_thread_blocked, id=33296, stack(0x0000003e3ad00000,0x0000003e3ae00000)]
  0x000001a5b0c8f800 JavaThread "Cache worker for checksums cache (C:\Users\YoungHwan\Desktop\Android_Prac_BNR4th\Ch12\CriminalIntent\.gradle\checksums)" [_thread_blocked, id=24304, stack(0x0000003e3ae00000,0x0000003e3af00000)]
  0x000001a5afac2000 JavaThread "Cache worker for cache directory md-supplier (C:\Users\YoungHwan\.gradle\caches\7.0.2\md-supplier)" [_thread_blocked, id=34512, stack(0x0000003e3af00000,0x0000003e3b000000)]
  0x000001a5afabc000 JavaThread "Cache worker for cache directory md-rule (C:\Users\YoungHwan\.gradle\caches\7.0.2\md-rule)" [_thread_blocked, id=30824, stack(0x0000003e3b000000,0x0000003e3b100000)]
  0x000001a5afabe800 JavaThread "Cache worker for execution history cache (C:\Users\YoungHwan\.gradle\caches\7.0.2\executionHistory)" [_thread_blocked, id=14456, stack(0x0000003e3b100000,0x0000003e3b200000)]
  0x000001a5afabf800 JavaThread "jar transforms" [_thread_blocked, id=30204, stack(0x0000003e3b200000,0x0000003e3b300000)]
  0x000001a5afac2800 JavaThread "jar transforms Thread 2" [_thread_blocked, id=18920, stack(0x0000003e3b300000,0x0000003e3b400000)]
  0x000001a5afabd000 JavaThread "Cache worker for file content cache (C:\Users\YoungHwan\.gradle\caches\7.0.2\fileContent)" [_thread_blocked, id=31708, stack(0x0000003e3b400000,0x0000003e3b500000)]
  0x000001a5afac1000 JavaThread "Cache worker for dependencies-accessors (C:\Users\YoungHwan\Desktop\Android_Prac_BNR4th\Ch12\CriminalIntent\.gradle\7.0.2\dependencies-accessors)" [_thread_blocked, id=34852, stack(0x0000003e3b500000,0x0000003e3b600000)]
  0x000001a5afac5000 JavaThread "jar transforms Thread 3" [_thread_blocked, id=24988, stack(0x0000003e3b600000,0x0000003e3b700000)]
  0x000001a5afac6000 JavaThread "Cache worker for Build Output Cleanup Cache (C:\Users\YoungHwan\Desktop\Android_Prac_BNR4th\Ch12\CriminalIntent\.gradle\buildOutputCleanup)" [_thread_blocked, id=18956, stack(0x0000003e3b700000,0x0000003e3b800000)]
  0x000001a5afac0000 JavaThread "Build operations" [_thread_blocked, id=3960, stack(0x0000003e3b800000,0x0000003e3b900000)]
  0x000001a5afac8800 JavaThread "Build operations Thread 2" [_thread_blocked, id=31700, stack(0x0000003e3b900000,0x0000003e3ba00000)]
  0x000001a5afaca000 JavaThread "Build operations Thread 3" [_thread_blocked, id=34316, stack(0x0000003e3ba00000,0x0000003e3bb00000)]
  0x000001a5afac7000 JavaThread "Build operations Thread 4" [_thread_blocked, id=16640, stack(0x0000003e3bb00000,0x0000003e3bc00000)]
  0x000001a5afac7800 JavaThread "Build operations Thread 5" [_thread_blocked, id=16224, stack(0x0000003e3bc00000,0x0000003e3bd00000)]
  0x000001a5afac9000 JavaThread "Build operations Thread 6" [_thread_blocked, id=30448, stack(0x0000003e3bd00000,0x0000003e3be00000)]
  0x000001a5afacb000 JavaThread "Build operations Thread 7" [_thread_blocked, id=13084, stack(0x0000003e3be00000,0x0000003e3bf00000)]
  0x000001a5b249c800 JavaThread "Build operations Thread 8" [_thread_blocked, id=33276, stack(0x0000003e3bf00000,0x0000003e3c000000)]
  0x000001a5b249e000 JavaThread "jar transforms Thread 4" [_thread_blocked, id=34600, stack(0x0000003e3c000000,0x0000003e3c100000)]
  0x000001a5b249f000 JavaThread "jar transforms Thread 5" [_thread_blocked, id=13928, stack(0x0000003e3c100000,0x0000003e3c200000)]
  0x000001a5b24a0800 JavaThread "jar transforms Thread 6" [_thread_blocked, id=8300, stack(0x0000003e3c200000,0x0000003e3c300000)]
  0x000001a5b249d000 JavaThread "jar transforms Thread 7" [_thread_blocked, id=14728, stack(0x0000003e3c300000,0x0000003e3c400000)]
  0x000001a5b249f800 JavaThread "jar transforms Thread 8" [_thread_blocked, id=35880, stack(0x0000003e3c400000,0x0000003e3c500000)]
  0x000001a5b249b800 JavaThread "Memory manager" [_thread_blocked, id=11112, stack(0x0000003e3aa00000,0x0000003e3ab00000)]
  0x000001a5b24a7000 JavaThread "build event listener" [_thread_blocked, id=24116, stack(0x0000003e3c600000,0x0000003e3c700000)]
  0x000001a5b24a1000 JavaThread "pool-3-thread-1" [_thread_blocked, id=13536, stack(0x0000003e3c700000,0x0000003e3c800000)]
  0x000001a5b24a3000 JavaThread "build event listener" [_thread_blocked, id=7348, stack(0x0000003e3c800000,0x0000003e3c900000)]
  0x000001a5b24a4800 JavaThread "Execution worker for ':'" [_thread_blocked, id=35440, stack(0x0000003e3c900000,0x0000003e3ca00000)]
  0x000001a5b24a5800 JavaThread "Execution worker for ':' Thread 2" [_thread_blocked, id=12496, stack(0x0000003e3ca00000,0x0000003e3cb00000)]
  0x000001a5b24a2000 JavaThread "Execution worker for ':' Thread 3" [_thread_blocked, id=26792, stack(0x0000003e3cb00000,0x0000003e3cc00000)]
  0x000001a5b24a8000 JavaThread "Execution worker for ':' Thread 4" [_thread_blocked, id=7436, stack(0x0000003e3cc00000,0x0000003e3cd00000)]
  0x000001a5b24a8800 JavaThread "Execution worker for ':' Thread 5" [_thread_blocked, id=25716, stack(0x0000003e3cd00000,0x0000003e3ce00000)]
  0x000001a5b24a9800 JavaThread "Execution worker for ':' Thread 6" [_thread_blocked, id=21616, stack(0x0000003e3ce00000,0x0000003e3cf00000)]
  0x000001a5b24a3800 JavaThread "Execution worker for ':' Thread 7" [_thread_blocked, id=27548, stack(0x0000003e3cf00000,0x0000003e3d000000)]
  0x000001a5b5b58000 JavaThread "Cache worker for execution history cache (C:\Users\YoungHwan\Desktop\Android_Prac_BNR4th\Ch12\CriminalIntent\.gradle\7.0.2\executionHistory)" [_thread_blocked, id=23252, stack(0x0000003e3d000000,0x0000003e3d100000)]
  0x000001a5b5b5e000 JavaThread "WorkerExecutor Queue Thread 4" [_thread_blocked, id=36000, stack(0x0000003e3d400000,0x0000003e3d500000)]
  0x000001a5b5b5a800 JavaThread "pool-4-thread-1" [_thread_blocked, id=22980, stack(0x0000003e3d500000,0x0000003e3d600000)]
  0x000001a5b5b5e800 JavaThread "stderr" [_thread_in_native, id=16316, stack(0x0000003e3d600000,0x0000003e3d700000)]
  0x000001a5b5b59000 JavaThread "stdout" [_thread_in_native, id=38720, stack(0x0000003e3d700000,0x0000003e3d800000)]
  0x000001a5b5b5f800 JavaThread "WorkerExecutor Queue Thread 5" [_thread_blocked, id=22508, stack(0x0000003e3d800000,0x0000003e3d900000)]

Other Threads:
=>0x000001a5ade25000 VMThread "VM Thread" [stack: 0x0000003e38a00000,0x0000003e38b00000] [id=15932]
  0x000001a5ae8d0000 WatcherThread [stack: 0x0000003e39400000,0x0000003e39500000] [id=33612]
  0x000001a591a78800 GCTaskThread "GC Thread#0" [stack: 0x0000003e38500000,0x0000003e38600000] [id=5604]
  0x000001a5af499800 GCTaskThread "GC Thread#1" [stack: 0x0000003e39600000,0x0000003e39700000] [id=21060]
  0x000001a5b0ee6800 GCTaskThread "GC Thread#2" [stack: 0x0000003e39800000,0x0000003e39900000] [id=12532]
  0x000001a5b0ff9800 GCTaskThread "GC Thread#3" [stack: 0x0000003e39900000,0x0000003e39a00000] [id=21084]
  0x000001a5af383800 GCTaskThread "GC Thread#4" [stack: 0x0000003e3a400000,0x0000003e3a500000] [id=33984]
  0x000001a5af405800 GCTaskThread "GC Thread#5" [stack: 0x0000003e3a500000,0x0000003e3a600000] [id=9992]
  0x000001a5b072e800 GCTaskThread "GC Thread#6" [stack: 0x0000003e3a600000,0x0000003e3a700000] [id=34008]
  0x000001a5afe7b000 GCTaskThread "GC Thread#7" [stack: 0x0000003e3a700000,0x0000003e3a800000] [id=10780]
  0x000001a591aaa800 ConcurrentGCThread "G1 Main Marker" [stack: 0x0000003e38600000,0x0000003e38700000] [id=5756]
  0x000001a591aac000 ConcurrentGCThread "G1 Conc#0" [stack: 0x0000003e38700000,0x0000003e38800000] [id=24888]
  0x000001a5afccb800 ConcurrentGCThread "G1 Conc#1" [stack: 0x0000003e3a800000,0x0000003e3a900000] [id=3660]
  0x000001a5adc80800 ConcurrentGCThread "G1 Refine#0" [stack: 0x0000003e38800000,0x0000003e38900000] [id=27480]
  0x000001a5adc81000 ConcurrentGCThread "G1 Young RemSet Sampling" [stack: 0x0000003e38900000,0x0000003e38a00000] [id=10040]

Threads with active compile tasks:
C2 CompilerThread0  42520 15472       4       com.android.tools.r8.graph.G0::a (138 bytes)
C1 CompilerThread0  42521 15514       3       com.android.tools.r8.ir.regalloc.a::a (3985 bytes)

VM state:at safepoint (normal execution)

VM Mutex/Monitor currently owned by a thread:  ([mutex/lock_event])
[0x000001a591a5d0c0] Threads_lock - owner thread: 0x000001a5ade25000
[0x000001a591a5bda0] Heap_lock - owner thread: 0x000001a5b09e8000

Heap address: 0x0000000080000000, size: 2048 MB, Compressed Oops mode: 32-bit
Narrow klass base: 0x0000000000000000, Narrow klass shift: 3
Compressed class space size: 1073741824 Address: 0x0000000100000000

Heap:
 garbage-first heap   total 353280K, used 129535K [0x0000000080000000, 0x0000000100000000)
  region size 1024K, 5 young (5120K), 5 survivors (5120K)
 Metaspace       used 112398K, capacity 115263K, committed 115788K, reserved 1148928K
  class space    used 14405K, capacity 15506K, committed 15692K, reserved 1048576K
Heap Regions: E=young(eden), S=young(survivor), O=old, HS=humongous(starts), HC=humongous(continues), CS=collection set, F=free, A=archive, TAMS=top-at-mark-start (previous, next)
|   0|0x0000000080000000, 0x0000000080100000, 0x0000000080100000|100%| O|  |TAMS 0x0000000080100000, 0x0000000080100000| Untracked 
|   1|0x0000000080100000, 0x0000000080200000, 0x0000000080200000|100%| O|  |TAMS 0x0000000080200000, 0x0000000080200000| Untracked 
|   2|0x0000000080200000, 0x0000000080300000, 0x0000000080300000|100%| O|  |TAMS 0x0000000080300000, 0x0000000080300000| Untracked 
|   3|0x0000000080300000, 0x0000000080400000, 0x0000000080400000|100%|HS|  |TAMS 0x0000000080400000, 0x0000000080400000| Complete 
|   4|0x0000000080400000, 0x0000000080500000, 0x0000000080500000|100%|HC|  |TAMS 0x0000000080500000, 0x0000000080500000| Complete 
|   5|0x0000000080500000, 0x0000000080600000, 0x0000000080600000|100%|HC|  |TAMS 0x0000000080600000, 0x0000000080600000| Complete 
|   6|0x0000000080600000, 0x0000000080700000, 0x0000000080700000|100%| O|  |TAMS 0x0000000080700000, 0x0000000080700000| Untracked 
|   7|0x0000000080700000, 0x0000000080800000, 0x0000000080800000|100%| O|  |TAMS 0x0000000080800000, 0x0000000080800000| Untracked 
|   8|0x0000000080800000, 0x0000000080900000, 0x0000000080900000|100%| O|  |TAMS 0x0000000080900000, 0x0000000080900000| Untracked 
|   9|0x0000000080900000, 0x0000000080a00000, 0x0000000080a00000|100%| O|  |TAMS 0x0000000080a00000, 0x0000000080a00000| Untracked 
|  10|0x0000000080a00000, 0x0000000080b00000, 0x0000000080b00000|100%| O|  |TAMS 0x0000000080b00000, 0x0000000080b00000| Untracked 
|  11|0x0000000080b00000, 0x0000000080c00000, 0x0000000080c00000|100%| O|  |TAMS 0x0000000080c00000, 0x0000000080c00000| Untracked 
|  12|0x0000000080c00000, 0x0000000080d00000, 0x0000000080d00000|100%| O|  |TAMS 0x0000000080d00000, 0x0000000080d00000| Untracked 
|  13|0x0000000080d00000, 0x0000000080e00000, 0x0000000080e00000|100%| O|  |TAMS 0x0000000080e00000, 0x0000000080e00000| Untracked 
|  14|0x0000000080e00000, 0x0000000080f00000, 0x0000000080f00000|100%| O|  |TAMS 0x0000000080f00000, 0x0000000080f00000| Untracked 
|  15|0x0000000080f00000, 0x0000000081000000, 0x0000000081000000|100%| O|  |TAMS 0x0000000081000000, 0x0000000081000000| Untracked 
|  16|0x0000000081000000, 0x0000000081100000, 0x0000000081100000|100%| O|  |TAMS 0x0000000081100000, 0x0000000081100000| Untracked 
|  17|0x0000000081100000, 0x0000000081200000, 0x0000000081200000|100%| O|  |TAMS 0x0000000081200000, 0x0000000081200000| Untracked 
|  18|0x0000000081200000, 0x0000000081300000, 0x0000000081300000|100%| O|  |TAMS 0x0000000081300000, 0x0000000081300000| Untracked 
|  19|0x0000000081300000, 0x0000000081400000, 0x0000000081400000|100%|HS|  |TAMS 0x0000000081400000, 0x0000000081400000| Complete 
|  20|0x0000000081400000, 0x0000000081500000, 0x0000000081500000|100%| O|  |TAMS 0x0000000081500000, 0x0000000081500000| Untracked 
|  21|0x0000000081500000, 0x0000000081600000, 0x0000000081600000|100%| O|  |TAMS 0x0000000081600000, 0x0000000081600000| Untracked 
|  22|0x0000000081600000, 0x0000000081700000, 0x0000000081700000|100%| O|  |TAMS 0x0000000081700000, 0x0000000081700000| Untracked 
|  23|0x0000000081700000, 0x0000000081800000, 0x0000000081800000|100%| O|  |TAMS 0x0000000081800000, 0x0000000081800000| Untracked 
|  24|0x0000000081800000, 0x0000000081900000, 0x0000000081900000|100%| O|  |TAMS 0x0000000081900000, 0x0000000081900000| Untracked 
|  25|0x0000000081900000, 0x0000000081a00000, 0x0000000081a00000|100%| O|  |TAMS 0x0000000081a00000, 0x0000000081a00000| Untracked 
|  26|0x0000000081a00000, 0x0000000081b00000, 0x0000000081b00000|100%| O|  |TAMS 0x0000000081b00000, 0x0000000081b00000| Untracked 
|  27|0x0000000081b00000, 0x0000000081c00000, 0x0000000081c00000|100%|HS|  |TAMS 0x0000000081c00000, 0x0000000081c00000| Complete 
|  28|0x0000000081c00000, 0x0000000081d00000, 0x0000000081d00000|100%|HS|  |TAMS 0x0000000081d00000, 0x0000000081d00000| Complete 
|  29|0x0000000081d00000, 0x0000000081e00000, 0x0000000081e00000|100%| O|  |TAMS 0x0000000081e00000, 0x0000000081e00000| Untracked 
|  30|0x0000000081e00000, 0x0000000081f00000, 0x0000000081f00000|100%| O|  |TAMS 0x0000000081f00000, 0x0000000081f00000| Untracked 
|  31|0x0000000081f00000, 0x0000000082000000, 0x0000000082000000|100%|HS|  |TAMS 0x0000000082000000, 0x0000000082000000| Complete 
|  32|0x0000000082000000, 0x0000000082100000, 0x0000000082100000|100%|HC|  |TAMS 0x0000000082100000, 0x0000000082100000| Complete 
|  33|0x0000000082100000, 0x0000000082200000, 0x0000000082200000|100%|HC|  |TAMS 0x0000000082200000, 0x0000000082200000| Complete 
|  34|0x0000000082200000, 0x0000000082300000, 0x0000000082300000|100%|HS|  |TAMS 0x0000000082300000, 0x0000000082300000| Complete 
|  35|0x0000000082300000, 0x0000000082400000, 0x0000000082400000|100%|HC|  |TAMS 0x0000000082400000, 0x0000000082400000| Complete 
|  36|0x0000000082400000, 0x0000000082500000, 0x0000000082500000|100%| O|  |TAMS 0x0000000082500000, 0x0000000082500000| Untracked 
|  37|0x0000000082500000, 0x0000000082600000, 0x0000000082600000|100%| O|  |TAMS 0x0000000082600000, 0x0000000082600000| Untracked 
|  38|0x0000000082600000, 0x0000000082700000, 0x0000000082700000|100%| O|  |TAMS 0x0000000082700000, 0x0000000082700000| Untracked 
|  39|0x0000000082700000, 0x0000000082800000, 0x0000000082800000|100%| O|  |TAMS 0x0000000082800000, 0x0000000082800000| Untracked 
|  40|0x0000000082800000, 0x0000000082900000, 0x0000000082900000|100%| O|  |TAMS 0x0000000082900000, 0x0000000082900000| Untracked 
|  41|0x0000000082900000, 0x0000000082a00000, 0x0000000082a00000|100%| O|  |TAMS 0x0000000082a00000, 0x0000000082a00000| Untracked 
|  42|0x0000000082a00000, 0x0000000082b00000, 0x0000000082b00000|100%| O|  |TAMS 0x0000000082b00000, 0x0000000082b00000| Untracked 
|  43|0x0000000082b00000, 0x0000000082c00000, 0x0000000082c00000|100%| O|  |TAMS 0x0000000082c00000, 0x0000000082c00000| Untracked 
|  44|0x0000000082c00000, 0x0000000082d00000, 0x0000000082d00000|100%| O|  |TAMS 0x0000000082d00000, 0x0000000082d00000| Untracked 
|  45|0x0000000082d00000, 0x0000000082e00000, 0x0000000082e00000|100%| O|  |TAMS 0x0000000082e00000, 0x0000000082e00000| Untracked 
|  46|0x0000000082e00000, 0x0000000082f00000, 0x0000000082f00000|100%| O|  |TAMS 0x0000000082f00000, 0x0000000082f00000| Untracked 
|  47|0x0000000082f00000, 0x0000000083000000, 0x0000000083000000|100%| O|  |TAMS 0x0000000083000000, 0x0000000083000000| Untracked 
|  48|0x0000000083000000, 0x0000000083100000, 0x0000000083100000|100%| O|  |TAMS 0x0000000083100000, 0x0000000083100000| Untracked 
|  49|0x0000000083100000, 0x0000000083200000, 0x0000000083200000|100%| O|  |TAMS 0x0000000083200000, 0x0000000083200000| Untracked 
|  50|0x0000000083200000, 0x0000000083300000, 0x0000000083300000|100%| O|  |TAMS 0x0000000083300000, 0x0000000083300000| Untracked 
|  51|0x0000000083300000, 0x0000000083400000, 0x0000000083400000|100%| O|  |TAMS 0x0000000083400000, 0x0000000083400000| Untracked 
|  52|0x0000000083400000, 0x0000000083500000, 0x0000000083500000|100%| O|  |TAMS 0x0000000083500000, 0x0000000083500000| Untracked 
|  53|0x0000000083500000, 0x0000000083600000, 0x0000000083600000|100%| O|  |TAMS 0x0000000083600000, 0x0000000083600000| Untracked 
|  54|0x0000000083600000, 0x0000000083700000, 0x0000000083700000|100%| O|  |TAMS 0x0000000083700000, 0x0000000083700000| Untracked 
|  55|0x0000000083700000, 0x0000000083800000, 0x0000000083800000|100%| O|  |TAMS 0x0000000083800000, 0x0000000083800000| Untracked 
|  56|0x0000000083800000, 0x0000000083900000, 0x0000000083900000|100%| O|  |TAMS 0x0000000083900000, 0x0000000083900000| Untracked 
|  57|0x0000000083900000, 0x0000000083a00000, 0x0000000083a00000|100%| O|  |TAMS 0x0000000083a00000, 0x0000000083a00000| Untracked 
|  58|0x0000000083a00000, 0x0000000083b00000, 0x0000000083b00000|100%| O|  |TAMS 0x0000000083b00000, 0x0000000083b00000| Untracked 
|  59|0x0000000083b00000, 0x0000000083c00000, 0x0000000083c00000|100%| O|  |TAMS 0x0000000083c00000, 0x0000000083c00000| Untracked 
|  60|0x0000000083c00000, 0x0000000083d00000, 0x0000000083d00000|100%| O|  |TAMS 0x0000000083d00000, 0x0000000083d00000| Untracked 
|  61|0x0000000083d00000, 0x0000000083e00000, 0x0000000083e00000|100%| O|  |TAMS 0x0000000083e00000, 0x0000000083e00000| Untracked 
|  62|0x0000000083e00000, 0x0000000083f00000, 0x0000000083f00000|100%| O|  |TAMS 0x0000000083f00000, 0x0000000083f00000| Untracked 
|  63|0x0000000083f00000, 0x0000000084000000, 0x0000000084000000|100%| O|  |TAMS 0x0000000084000000, 0x0000000084000000| Untracked 
|  64|0x0000000084000000, 0x0000000084100000, 0x0000000084100000|100%| O|  |TAMS 0x0000000084100000, 0x0000000084100000| Untracked 
|  65|0x0000000084100000, 0x0000000084200000, 0x0000000084200000|100%| O|  |TAMS 0x0000000084200000, 0x0000000084200000| Untracked 
|  66|0x0000000084200000, 0x0000000084300000, 0x0000000084300000|100%| O|  |TAMS 0x0000000084300000, 0x0000000084300000| Untracked 
|  67|0x0000000084300000, 0x0000000084400000, 0x0000000084400000|100%| O|  |TAMS 0x0000000084400000, 0x0000000084400000| Untracked 
|  68|0x0000000084400000, 0x0000000084500000, 0x0000000084500000|100%| O|  |TAMS 0x0000000084500000, 0x0000000084500000| Untracked 
|  69|0x0000000084500000, 0x0000000084600000, 0x0000000084600000|100%| O|  |TAMS 0x0000000084600000, 0x0000000084600000| Untracked 
|  70|0x0000000084600000, 0x0000000084700000, 0x0000000084700000|100%| O|  |TAMS 0x0000000084700000, 0x0000000084700000| Untracked 
|  71|0x0000000084700000, 0x0000000084800000, 0x0000000084800000|100%| O|  |TAMS 0x0000000084800000, 0x0000000084800000| Untracked 
|  72|0x0000000084800000, 0x0000000084900000, 0x0000000084900000|100%| O|  |TAMS 0x0000000084900000, 0x0000000084900000| Untracked 
|  73|0x0000000084900000, 0x0000000084a00000, 0x0000000084a00000|100%| O|  |TAMS 0x0000000084a00000, 0x0000000084a00000| Untracked 
|  74|0x0000000084a00000, 0x0000000084b00000, 0x0000000084b00000|100%| O|  |TAMS 0x0000000084b00000, 0x0000000084b00000| Untracked 
|  75|0x0000000084b00000, 0x0000000084c00000, 0x0000000084c00000|100%| O|  |TAMS 0x0000000084c00000, 0x0000000084c00000| Untracked 
|  76|0x0000000084c00000, 0x0000000084d00000, 0x0000000084d00000|100%| O|  |TAMS 0x0000000084d00000, 0x0000000084d00000| Untracked 
|  77|0x0000000084d00000, 0x0000000084e00000, 0x0000000084e00000|100%| O|  |TAMS 0x0000000084e00000, 0x0000000084e00000| Untracked 
|  78|0x0000000084e00000, 0x0000000084f00000, 0x0000000084f00000|100%| O|  |TAMS 0x0000000084f00000, 0x0000000084f00000| Untracked 
|  79|0x0000000084f00000, 0x0000000085000000, 0x0000000085000000|100%| O|  |TAMS 0x0000000085000000, 0x0000000085000000| Untracked 
|  80|0x0000000085000000, 0x0000000085100000, 0x0000000085100000|100%| O|  |TAMS 0x0000000085100000, 0x0000000085100000| Untracked 
|  81|0x0000000085100000, 0x0000000085200000, 0x0000000085200000|100%| O|  |TAMS 0x0000000085200000, 0x0000000085200000| Untracked 
|  82|0x0000000085200000, 0x0000000085300000, 0x0000000085300000|100%| O|  |TAMS 0x0000000085300000, 0x0000000085300000| Untracked 
|  83|0x0000000085300000, 0x0000000085400000, 0x0000000085400000|100%| O|  |TAMS 0x0000000085400000, 0x0000000085400000| Untracked 
|  84|0x0000000085400000, 0x0000000085500000, 0x0000000085500000|100%| O|  |TAMS 0x0000000085500000, 0x0000000085500000| Untracked 
|  85|0x0000000085500000, 0x0000000085600000, 0x0000000085600000|100%| O|  |TAMS 0x0000000085600000, 0x0000000085600000| Untracked 
|  86|0x0000000085600000, 0x0000000085700000, 0x0000000085700000|100%| O|  |TAMS 0x0000000085700000, 0x0000000085700000| Untracked 
|  87|0x0000000085700000, 0x0000000085800000, 0x0000000085800000|100%| O|  |TAMS 0x0000000085800000, 0x0000000085800000| Untracked 
|  88|0x0000000085800000, 0x0000000085900000, 0x0000000085900000|100%| O|  |TAMS 0x0000000085900000, 0x0000000085900000| Untracked 
|  89|0x0000000085900000, 0x0000000085a00000, 0x0000000085a00000|100%| O|  |TAMS 0x0000000085a00000, 0x0000000085a00000| Untracked 
|  90|0x0000000085a00000, 0x0000000085b00000, 0x0000000085b00000|100%| O|  |TAMS 0x0000000085b00000, 0x0000000085b00000| Untracked 
|  91|0x0000000085b00000, 0x0000000085c00000, 0x0000000085c00000|100%| O|  |TAMS 0x0000000085c00000, 0x0000000085c00000| Untracked 
|  92|0x0000000085c00000, 0x0000000085d00000, 0x0000000085d00000|100%| O|  |TAMS 0x0000000085d00000, 0x0000000085d00000| Untracked 
|  93|0x0000000085d00000, 0x0000000085e00000, 0x0000000085e00000|100%| O|  |TAMS 0x0000000085e00000, 0x0000000085e00000| Untracked 
|  94|0x0000000085e00000, 0x0000000085f00000, 0x0000000085f00000|100%| O|  |TAMS 0x0000000085f00000, 0x0000000085f00000| Untracked 
|  95|0x0000000085f00000, 0x0000000086000000, 0x0000000086000000|100%| O|  |TAMS 0x0000000086000000, 0x0000000086000000| Untracked 
|  96|0x0000000086000000, 0x0000000086100000, 0x0000000086100000|100%| O|  |TAMS 0x0000000086100000, 0x0000000086100000| Untracked 
|  97|0x0000000086100000, 0x0000000086200000, 0x0000000086200000|100%| O|  |TAMS 0x0000000086200000, 0x0000000086200000| Untracked 
|  98|0x0000000086200000, 0x0000000086300000, 0x0000000086300000|100%| O|  |TAMS 0x0000000086300000, 0x0000000086300000| Untracked 
|  99|0x0000000086300000, 0x0000000086400000, 0x0000000086400000|100%| O|  |TAMS 0x0000000086400000, 0x0000000086400000| Untracked 
| 100|0x0000000086400000, 0x0000000086500000, 0x0000000086500000|100%| O|  |TAMS 0x0000000086500000, 0x0000000086500000| Untracked 
| 101|0x0000000086500000, 0x0000000086600000, 0x0000000086600000|100%| O|  |TAMS 0x0000000086600000, 0x0000000086600000| Untracked 
| 102|0x0000000086600000, 0x0000000086700000, 0x0000000086700000|100%| O|  |TAMS 0x0000000086700000, 0x0000000086700000| Untracked 
| 103|0x0000000086700000, 0x0000000086800000, 0x0000000086800000|100%| O|  |TAMS 0x0000000086800000, 0x0000000086800000| Untracked 
| 104|0x0000000086800000, 0x0000000086900000, 0x0000000086900000|100%| O|  |TAMS 0x0000000086900000, 0x0000000086900000| Untracked 
| 105|0x0000000086900000, 0x0000000086a00000, 0x0000000086a00000|100%| O|  |TAMS 0x0000000086a00000, 0x0000000086a00000| Untracked 
| 106|0x0000000086a00000, 0x0000000086b00000, 0x0000000086b00000|100%| O|  |TAMS 0x0000000086b00000, 0x0000000086b00000| Untracked 
| 107|0x0000000086b00000, 0x0000000086c00000, 0x0000000086c00000|100%| O|  |TAMS 0x0000000086c00000, 0x0000000086c00000| Untracked 
| 108|0x0000000086c00000, 0x0000000086d00000, 0x0000000086d00000|100%| O|  |TAMS 0x0000000086d00000, 0x0000000086d00000| Untracked 
| 109|0x0000000086d00000, 0x0000000086e00000, 0x0000000086e00000|100%| O|  |TAMS 0x0000000086e00000, 0x0000000086e00000| Untracked 
| 110|0x0000000086e00000, 0x0000000086f00000, 0x0000000086f00000|100%| O|  |TAMS 0x0000000086f00000, 0x0000000086f00000| Untracked 
| 111|0x0000000086f00000, 0x0000000087000000, 0x0000000087000000|100%| O|  |TAMS 0x0000000087000000, 0x0000000087000000| Untracked 
| 112|0x0000000087000000, 0x0000000087100000, 0x0000000087100000|100%| O|  |TAMS 0x0000000087100000, 0x0000000087100000| Untracked 
| 113|0x0000000087100000, 0x0000000087200000, 0x0000000087200000|100%| O|  |TAMS 0x0000000087200000, 0x0000000087200000| Untracked 
| 114|0x0000000087200000, 0x0000000087300000, 0x0000000087300000|100%| O|  |TAMS 0x0000000087300000, 0x0000000087300000| Untracked 
| 115|0x0000000087300000, 0x0000000087400000, 0x0000000087400000|100%| O|  |TAMS 0x0000000087400000, 0x0000000087400000| Untracked 
| 116|0x0000000087400000, 0x0000000087500000, 0x0000000087500000|100%| O|  |TAMS 0x0000000087500000, 0x0000000087500000| Untracked 
| 117|0x0000000087500000, 0x0000000087600000, 0x0000000087600000|100%| O|  |TAMS 0x0000000087600000, 0x0000000087600000| Untracked 
| 118|0x0000000087600000, 0x0000000087700000, 0x0000000087700000|100%| O|  |TAMS 0x0000000087700000, 0x0000000087700000| Untracked 
| 119|0x0000000087700000, 0x0000000087800000, 0x0000000087800000|100%| O|  |TAMS 0x0000000087800000, 0x0000000087800000| Untracked 
| 120|0x0000000087800000, 0x0000000087900000, 0x0000000087900000|100%| O|  |TAMS 0x000000008787d200, 0x0000000087900000| Untracked 
| 121|0x0000000087900000, 0x000000008797fe00, 0x0000000087a00000| 49%| O|  |TAMS 0x0000000087900000, 0x000000008797fe00| Untracked 
| 122|0x0000000087a00000, 0x0000000087a00000, 0x0000000087b00000|  0%| F|  |TAMS 0x0000000087a00000, 0x0000000087a00000| Untracked 
| 123|0x0000000087b00000, 0x0000000087b00000, 0x0000000087c00000|  0%| F|  |TAMS 0x0000000087b00000, 0x0000000087b00000| Untracked 
| 124|0x0000000087c00000, 0x0000000087c00000, 0x0000000087d00000|  0%| F|  |TAMS 0x0000000087c00000, 0x0000000087c00000| Untracked 
| 125|0x0000000087d00000, 0x0000000087d00000, 0x0000000087e00000|  0%| F|  |TAMS 0x0000000087d00000, 0x0000000087d00000| Untracked 
| 126|0x0000000087e00000, 0x0000000087e00000, 0x0000000087f00000|  0%| F|  |TAMS 0x0000000087e00000, 0x0000000087e00000| Untracked 
| 127|0x0000000087f00000, 0x0000000087f00000, 0x0000000088000000|  0%| F|  |TAMS 0x0000000087f00000, 0x0000000087f00000| Untracked 
| 128|0x0000000088000000, 0x0000000088000000, 0x0000000088100000|  0%| F|  |TAMS 0x0000000088000000, 0x0000000088000000| Untracked 
| 129|0x0000000088100000, 0x0000000088100000, 0x0000000088200000|  0%| F|  |TAMS 0x0000000088100000, 0x0000000088100000| Untracked 
| 130|0x0000000088200000, 0x0000000088200000, 0x0000000088300000|  0%| F|  |TAMS 0x0000000088200000, 0x0000000088200000| Untracked 
| 131|0x0000000088300000, 0x0000000088300000, 0x0000000088400000|  0%| F|  |TAMS 0x0000000088300000, 0x0000000088300000| Untracked 
| 132|0x0000000088400000, 0x0000000088400000, 0x0000000088500000|  0%| F|  |TAMS 0x0000000088400000, 0x0000000088400000| Untracked 
| 133|0x0000000088500000, 0x0000000088500000, 0x0000000088600000|  0%| F|  |TAMS 0x0000000088500000, 0x0000000088500000| Untracked 
| 134|0x0000000088600000, 0x0000000088600000, 0x0000000088700000|  0%| F|  |TAMS 0x0000000088600000, 0x0000000088600000| Untracked 
| 135|0x0000000088700000, 0x0000000088700000, 0x0000000088800000|  0%| F|  |TAMS 0x0000000088700000, 0x0000000088700000| Untracked 
| 136|0x0000000088800000, 0x0000000088800000, 0x0000000088900000|  0%| F|  |TAMS 0x0000000088800000, 0x0000000088800000| Untracked 
| 137|0x0000000088900000, 0x0000000088900000, 0x0000000088a00000|  0%| F|  |TAMS 0x0000000088900000, 0x0000000088900000| Untracked 
| 138|0x0000000088a00000, 0x0000000088a00000, 0x0000000088b00000|  0%| F|  |TAMS 0x0000000088a00000, 0x0000000088a00000| Untracked 
| 139|0x0000000088b00000, 0x0000000088b00000, 0x0000000088c00000|  0%| F|  |TAMS 0x0000000088b00000, 0x0000000088b00000| Untracked 
| 140|0x0000000088c00000, 0x0000000088c00000, 0x0000000088d00000|  0%| F|  |TAMS 0x0000000088c00000, 0x0000000088c00000| Untracked 
| 141|0x0000000088d00000, 0x0000000088d00000, 0x0000000088e00000|  0%| F|  |TAMS 0x0000000088d00000, 0x0000000088d00000| Untracked 
| 142|0x0000000088e00000, 0x0000000088e00000, 0x0000000088f00000|  0%| F|  |TAMS 0x0000000088e00000, 0x0000000088e00000| Untracked 
| 143|0x0000000088f00000, 0x0000000088f00000, 0x0000000089000000|  0%| F|  |TAMS 0x0000000088f00000, 0x0000000088f00000| Untracked 
| 144|0x0000000089000000, 0x0000000089000000, 0x0000000089100000|  0%| F|  |TAMS 0x0000000089000000, 0x0000000089000000| Untracked 
| 145|0x0000000089100000, 0x0000000089100000, 0x0000000089200000|  0%| F|  |TAMS 0x0000000089100000, 0x0000000089100000| Untracked 
| 146|0x0000000089200000, 0x0000000089200000, 0x0000000089300000|  0%| F|  |TAMS 0x0000000089200000, 0x0000000089200000| Untracked 
| 147|0x0000000089300000, 0x0000000089300000, 0x0000000089400000|  0%| F|  |TAMS 0x0000000089300000, 0x0000000089300000| Untracked 
| 148|0x0000000089400000, 0x0000000089400000, 0x0000000089500000|  0%| F|  |TAMS 0x0000000089400000, 0x0000000089400000| Untracked 
| 149|0x0000000089500000, 0x0000000089500000, 0x0000000089600000|  0%| F|  |TAMS 0x0000000089500000, 0x0000000089500000| Untracked 
| 150|0x0000000089600000, 0x0000000089600000, 0x0000000089700000|  0%| F|  |TAMS 0x0000000089600000, 0x0000000089600000| Untracked 
| 151|0x0000000089700000, 0x0000000089700000, 0x0000000089800000|  0%| F|  |TAMS 0x0000000089700000, 0x0000000089700000| Untracked 
| 152|0x0000000089800000, 0x0000000089800000, 0x0000000089900000|  0%| F|  |TAMS 0x0000000089800000, 0x0000000089800000| Untracked 
| 153|0x0000000089900000, 0x0000000089900000, 0x0000000089a00000|  0%| F|  |TAMS 0x0000000089900000, 0x0000000089900000| Untracked 
| 154|0x0000000089a00000, 0x0000000089a00000, 0x0000000089b00000|  0%| F|  |TAMS 0x0000000089a00000, 0x0000000089a00000| Untracked 
| 155|0x0000000089b00000, 0x0000000089b00000, 0x0000000089c00000|  0%| F|  |TAMS 0x0000000089b00000, 0x0000000089b00000| Untracked 
| 156|0x0000000089c00000, 0x0000000089c00000, 0x0000000089d00000|  0%| F|  |TAMS 0x0000000089c00000, 0x0000000089c00000| Untracked 
| 157|0x0000000089d00000, 0x0000000089d00000, 0x0000000089e00000|  0%| F|  |TAMS 0x0000000089d00000, 0x0000000089d00000| Untracked 
| 158|0x0000000089e00000, 0x0000000089e00000, 0x0000000089f00000|  0%| F|  |TAMS 0x0000000089e00000, 0x0000000089e00000| Untracked 
| 159|0x0000000089f00000, 0x0000000089f00000, 0x000000008a000000|  0%| F|  |TAMS 0x0000000089f00000, 0x0000000089f00000| Untracked 
| 160|0x000000008a000000, 0x000000008a000000, 0x000000008a100000|  0%| F|  |TAMS 0x000000008a000000, 0x000000008a000000| Untracked 
| 161|0x000000008a100000, 0x000000008a100000, 0x000000008a200000|  0%| F|  |TAMS 0x000000008a100000, 0x000000008a100000| Untracked 
| 162|0x000000008a200000, 0x000000008a200000, 0x000000008a300000|  0%| F|  |TAMS 0x000000008a200000, 0x000000008a200000| Untracked 
| 163|0x000000008a300000, 0x000000008a300000, 0x000000008a400000|  0%| F|  |TAMS 0x000000008a300000, 0x000000008a300000| Untracked 
| 164|0x000000008a400000, 0x000000008a400000, 0x000000008a500000|  0%| F|  |TAMS 0x000000008a400000, 0x000000008a400000| Untracked 
| 165|0x000000008a500000, 0x000000008a500000, 0x000000008a600000|  0%| F|  |TAMS 0x000000008a500000, 0x000000008a500000| Untracked 
| 166|0x000000008a600000, 0x000000008a600000, 0x000000008a700000|  0%| F|  |TAMS 0x000000008a600000, 0x000000008a600000| Untracked 
| 167|0x000000008a700000, 0x000000008a700000, 0x000000008a800000|  0%| F|  |TAMS 0x000000008a700000, 0x000000008a700000| Untracked 
| 168|0x000000008a800000, 0x000000008a800000, 0x000000008a900000|  0%| F|  |TAMS 0x000000008a800000, 0x000000008a800000| Untracked 
| 169|0x000000008a900000, 0x000000008a900000, 0x000000008aa00000|  0%| F|  |TAMS 0x000000008a900000, 0x000000008a900000| Untracked 
| 170|0x000000008aa00000, 0x000000008aa00000, 0x000000008ab00000|  0%| F|  |TAMS 0x000000008aa00000, 0x000000008aa00000| Untracked 
| 171|0x000000008ab00000, 0x000000008ac00000, 0x000000008ac00000|100%| S|CS|TAMS 0x000000008ab00000, 0x000000008ab00000| Complete 
| 172|0x000000008ac00000, 0x000000008ac00000, 0x000000008ad00000|  0%| F|  |TAMS 0x000000008ac00000, 0x000000008ac00000| Untracked 
| 173|0x000000008ad00000, 0x000000008ad00000, 0x000000008ae00000|  0%| F|  |TAMS 0x000000008ad00000, 0x000000008ad00000| Untracked 
| 174|0x000000008ae00000, 0x000000008ae00000, 0x000000008af00000|  0%| F|  |TAMS 0x000000008ae00000, 0x000000008ae00000| Untracked 
| 175|0x000000008af00000, 0x000000008af00000, 0x000000008b000000|  0%| F|  |TAMS 0x000000008af00000, 0x000000008af00000| Untracked 
| 176|0x000000008b000000, 0x000000008b100000, 0x000000008b100000|100%| S|CS|TAMS 0x000000008b000000, 0x000000008b000000| Complete 
| 177|0x000000008b100000, 0x000000008b200000, 0x000000008b200000|100%| S|CS|TAMS 0x000000008b100000, 0x000000008b100000| Complete 
| 178|0x000000008b200000, 0x000000008b300000, 0x000000008b300000|100%| S|CS|TAMS 0x000000008b200000, 0x000000008b200000| Complete 
| 179|0x000000008b300000, 0x000000008b400000, 0x000000008b400000|100%| S|CS|TAMS 0x000000008b300000, 0x000000008b300000| Complete 
| 180|0x000000008b400000, 0x000000008b400000, 0x000000008b500000|  0%| F|  |TAMS 0x000000008b400000, 0x000000008b400000| Untracked 
| 181|0x000000008b500000, 0x000000008b500000, 0x000000008b600000|  0%| F|  |TAMS 0x000000008b500000, 0x000000008b500000| Untracked 
| 182|0x000000008b600000, 0x000000008b600000, 0x000000008b700000|  0%| F|  |TAMS 0x000000008b600000, 0x000000008b600000| Untracked 
| 183|0x000000008b700000, 0x000000008b700000, 0x000000008b800000|  0%| F|  |TAMS 0x000000008b700000, 0x000000008b700000| Untracked 
| 184|0x000000008b800000, 0x000000008b800000, 0x000000008b900000|  0%| F|  |TAMS 0x000000008b800000, 0x000000008b800000| Untracked 
| 185|0x000000008b900000, 0x000000008b900000, 0x000000008ba00000|  0%| F|  |TAMS 0x000000008b900000, 0x000000008b900000| Untracked 
| 186|0x000000008ba00000, 0x000000008ba00000, 0x000000008bb00000|  0%| F|  |TAMS 0x000000008ba00000, 0x000000008ba00000| Untracked 
| 187|0x000000008bb00000, 0x000000008bb00000, 0x000000008bc00000|  0%| F|  |TAMS 0x000000008bb00000, 0x000000008bb00000| Untracked 
| 188|0x000000008bc00000, 0x000000008bc00000, 0x000000008bd00000|  0%| F|  |TAMS 0x000000008bc00000, 0x000000008bc00000| Untracked 
| 189|0x000000008bd00000, 0x000000008bd00000, 0x000000008be00000|  0%| F|  |TAMS 0x000000008bd00000, 0x000000008bd00000| Untracked 
| 190|0x000000008be00000, 0x000000008be00000, 0x000000008bf00000|  0%| F|  |TAMS 0x000000008be00000, 0x000000008be00000| Untracked 
| 191|0x000000008bf00000, 0x000000008bf00000, 0x000000008c000000|  0%| F|  |TAMS 0x000000008bf00000, 0x000000008bf00000| Untracked 
| 192|0x000000008c000000, 0x000000008c000000, 0x000000008c100000|  0%| F|  |TAMS 0x000000008c000000, 0x000000008c000000| Untracked 
| 193|0x000000008c100000, 0x000000008c100000, 0x000000008c200000|  0%| F|  |TAMS 0x000000008c100000, 0x000000008c100000| Untracked 
| 194|0x000000008c200000, 0x000000008c200000, 0x000000008c300000|  0%| F|  |TAMS 0x000000008c200000, 0x000000008c200000| Untracked 
| 195|0x000000008c300000, 0x000000008c300000, 0x000000008c400000|  0%| F|  |TAMS 0x000000008c300000, 0x000000008c300000| Untracked 
| 196|0x000000008c400000, 0x000000008c400000, 0x000000008c500000|  0%| F|  |TAMS 0x000000008c400000, 0x000000008c400000| Untracked 
| 197|0x000000008c500000, 0x000000008c500000, 0x000000008c600000|  0%| F|  |TAMS 0x000000008c500000, 0x000000008c500000| Untracked 
| 198|0x000000008c600000, 0x000000008c600000, 0x000000008c700000|  0%| F|  |TAMS 0x000000008c600000, 0x000000008c600000| Untracked 
| 199|0x000000008c700000, 0x000000008c700000, 0x000000008c800000|  0%| F|  |TAMS 0x000000008c700000, 0x000000008c700000| Untracked 
| 200|0x000000008c800000, 0x000000008c800000, 0x000000008c900000|  0%| F|  |TAMS 0x000000008c800000, 0x000000008c800000| Untracked 
| 201|0x000000008c900000, 0x000000008c900000, 0x000000008ca00000|  0%| F|  |TAMS 0x000000008c900000, 0x000000008c900000| Untracked 
| 202|0x000000008ca00000, 0x000000008ca00000, 0x000000008cb00000|  0%| F|  |TAMS 0x000000008ca00000, 0x000000008ca00000| Untracked 
| 203|0x000000008cb00000, 0x000000008cb00000, 0x000000008cc00000|  0%| F|  |TAMS 0x000000008cb00000, 0x000000008cb00000| Untracked 
| 204|0x000000008cc00000, 0x000000008cc00000, 0x000000008cd00000|  0%| F|  |TAMS 0x000000008cc00000, 0x000000008cc00000| Untracked 
| 205|0x000000008cd00000, 0x000000008cd00000, 0x000000008ce00000|  0%| F|  |TAMS 0x000000008cd00000, 0x000000008cd00000| Untracked 
| 206|0x000000008ce00000, 0x000000008ce00000, 0x000000008cf00000|  0%| F|  |TAMS 0x000000008ce00000, 0x000000008ce00000| Untracked 
| 207|0x000000008cf00000, 0x000000008cf00000, 0x000000008d000000|  0%| F|  |TAMS 0x000000008cf00000, 0x000000008cf00000| Untracked 
| 208|0x000000008d000000, 0x000000008d000000, 0x000000008d100000|  0%| F|  |TAMS 0x000000008d000000, 0x000000008d000000| Untracked 
| 209|0x000000008d100000, 0x000000008d100000, 0x000000008d200000|  0%| F|  |TAMS 0x000000008d100000, 0x000000008d100000| Untracked 
| 210|0x000000008d200000, 0x000000008d200000, 0x000000008d300000|  0%| F|  |TAMS 0x000000008d200000, 0x000000008d200000| Untracked 
| 211|0x000000008d300000, 0x000000008d300000, 0x000000008d400000|  0%| F|  |TAMS 0x000000008d300000, 0x000000008d300000| Untracked 
| 212|0x000000008d400000, 0x000000008d400000, 0x000000008d500000|  0%| F|  |TAMS 0x000000008d400000, 0x000000008d400000| Untracked 
| 213|0x000000008d500000, 0x000000008d500000, 0x000000008d600000|  0%| F|  |TAMS 0x000000008d500000, 0x000000008d500000| Untracked 
| 214|0x000000008d600000, 0x000000008d600000, 0x000000008d700000|  0%| F|  |TAMS 0x000000008d600000, 0x000000008d600000| Untracked 
| 215|0x000000008d700000, 0x000000008d700000, 0x000000008d800000|  0%| F|  |TAMS 0x000000008d700000, 0x000000008d700000| Untracked 
| 216|0x000000008d800000, 0x000000008d800000, 0x000000008d900000|  0%| F|  |TAMS 0x000000008d800000, 0x000000008d800000| Untracked 
| 217|0x000000008d900000, 0x000000008d900000, 0x000000008da00000|  0%| F|  |TAMS 0x000000008d900000, 0x000000008d900000| Untracked 
| 218|0x000000008da00000, 0x000000008da00000, 0x000000008db00000|  0%| F|  |TAMS 0x000000008da00000, 0x000000008da00000| Untracked 
| 219|0x000000008db00000, 0x000000008db00000, 0x000000008dc00000|  0%| F|  |TAMS 0x000000008db00000, 0x000000008db00000| Untracked 
| 220|0x000000008dc00000, 0x000000008dc00000, 0x000000008dd00000|  0%| F|  |TAMS 0x000000008dc00000, 0x000000008dc00000| Untracked 
| 221|0x000000008dd00000, 0x000000008dd00000, 0x000000008de00000|  0%| F|  |TAMS 0x000000008dd00000, 0x000000008dd00000| Untracked 
| 222|0x000000008de00000, 0x000000008de00000, 0x000000008df00000|  0%| F|  |TAMS 0x000000008de00000, 0x000000008de00000| Untracked 
| 223|0x000000008df00000, 0x000000008df00000, 0x000000008e000000|  0%| F|  |TAMS 0x000000008df00000, 0x000000008df00000| Untracked 
| 224|0x000000008e000000, 0x000000008e000000, 0x000000008e100000|  0%| F|  |TAMS 0x000000008e000000, 0x000000008e000000| Untracked 
| 225|0x000000008e100000, 0x000000008e100000, 0x000000008e200000|  0%| F|  |TAMS 0x000000008e100000, 0x000000008e100000| Untracked 
| 226|0x000000008e200000, 0x000000008e200000, 0x000000008e300000|  0%| F|  |TAMS 0x000000008e200000, 0x000000008e200000| Untracked 
| 227|0x000000008e300000, 0x000000008e300000, 0x000000008e400000|  0%| F|  |TAMS 0x000000008e300000, 0x000000008e300000| Untracked 
| 228|0x000000008e400000, 0x000000008e400000, 0x000000008e500000|  0%| F|  |TAMS 0x000000008e400000, 0x000000008e400000| Untracked 
| 229|0x000000008e500000, 0x000000008e500000, 0x000000008e600000|  0%| F|  |TAMS 0x000000008e500000, 0x000000008e500000| Untracked 
| 230|0x000000008e600000, 0x000000008e600000, 0x000000008e700000|  0%| F|  |TAMS 0x000000008e600000, 0x000000008e600000| Untracked 
| 231|0x000000008e700000, 0x000000008e700000, 0x000000008e800000|  0%| F|  |TAMS 0x000000008e700000, 0x000000008e700000| Untracked 
| 232|0x000000008e800000, 0x000000008e800000, 0x000000008e900000|  0%| F|  |TAMS 0x000000008e800000, 0x000000008e800000| Untracked 
| 233|0x000000008e900000, 0x000000008e900000, 0x000000008ea00000|  0%| F|  |TAMS 0x000000008e900000, 0x000000008e900000| Untracked 
| 234|0x000000008ea00000, 0x000000008ea00000, 0x000000008eb00000|  0%| F|  |TAMS 0x000000008ea00000, 0x000000008ea00000| Untracked 
| 235|0x000000008eb00000, 0x000000008eb00000, 0x000000008ec00000|  0%| F|  |TAMS 0x000000008eb00000, 0x000000008eb00000| Untracked 
| 236|0x000000008ec00000, 0x000000008ec00000, 0x000000008ed00000|  0%| F|  |TAMS 0x000000008ec00000, 0x000000008ec00000| Untracked 
| 237|0x000000008ed00000, 0x000000008ed00000, 0x000000008ee00000|  0%| F|  |TAMS 0x000000008ed00000, 0x000000008ed00000| Untracked 
| 238|0x000000008ee00000, 0x000000008ee00000, 0x000000008ef00000|  0%| F|  |TAMS 0x000000008ee00000, 0x000000008ee00000| Untracked 
| 239|0x000000008ef00000, 0x000000008ef00000, 0x000000008f000000|  0%| F|  |TAMS 0x000000008ef00000, 0x000000008ef00000| Untracked 
| 240|0x000000008f000000, 0x000000008f000000, 0x000000008f100000|  0%| F|  |TAMS 0x000000008f000000, 0x000000008f000000| Untracked 
| 241|0x000000008f100000, 0x000000008f100000, 0x000000008f200000|  0%| F|  |TAMS 0x000000008f100000, 0x000000008f100000| Untracked 
| 242|0x000000008f200000, 0x000000008f200000, 0x000000008f300000|  0%| F|  |TAMS 0x000000008f200000, 0x000000008f200000| Untracked 

Card table byte_map: [0x000001a5a6b60000,0x000001a5a6f60000] _byte_map_base: 0x000001a5a6760000

Marking Bits (Prev, Next): (CMBitMap*) 0x000001a591a9fa38, (CMBitMap*) 0x000001a591a9fa70
 Prev Bits: [0x000001a5a7360000, 0x000001a5a9360000)
 Next Bits: [0x000001a5a9360000, 0x000001a5ab360000)

Polling page: 0x000001a591840000

Metaspace:

Usage:
  Non-class:     97.42 MB capacity,    95.70 MB ( 98%) used,     1.38 MB (  1%) free+waste,   353.19 KB ( <1%) overhead. 
      Class:     15.14 MB capacity,    14.07 MB ( 93%) used,   938.70 KB (  6%) free+waste,   161.44 KB (  1%) overhead. 
       Both:    112.56 MB capacity,   109.76 MB ( 98%) used,     2.30 MB (  2%) free+waste,   514.63 KB ( <1%) overhead. 

Virtual space:
  Non-class space:       98.00 MB reserved,      97.75 MB (>99%) committed 
      Class space:        1.00 GB reserved,      15.32 MB (  1%) committed 
             Both:        1.10 GB reserved,     113.07 MB ( 10%) committed 

Chunk freelists:
   Non-Class:  211.00 KB
       Class:  142.00 KB
        Both:  353.00 KB

MaxMetaspaceSize: 17179869184.00 GB
CompressedClassSpaceSize: 1.00 GB

CodeHeap 'non-profiled nmethods': size=120000Kb used=8294Kb max_used=8294Kb free=111705Kb
 bounds [0x000001a59e7d0000, 0x000001a59eff0000, 0x000001a5a5d00000]
CodeHeap 'profiled nmethods': size=120000Kb used=35726Kb max_used=35726Kb free=84273Kb
 bounds [0x000001a5972a0000, 0x000001a599590000, 0x000001a59e7d0000]
CodeHeap 'non-nmethods': size=5760Kb used=2344Kb max_used=2381Kb free=3415Kb
 bounds [0x000001a596d00000, 0x000001a596f70000, 0x000001a5972a0000]
 total_blobs=16002 nmethods=15035 adapters=877
 compilation: enabled
              stopped_count=0, restarted_count=0
 full_count=0

Compilation events (20 events):
Event: 42.133 Thread 0x000001a5ae765000 nmethod 15435% 0x000001a59954ea10 code [0x000001a59954ebe0, 0x000001a59954ef68]
Event: 42.133 Thread 0x000001a5ae765000 15443 %     3       com.android.tools.r8.ir.regalloc.a::a @ 365 (946 bytes)
Event: 42.141 Thread 0x000001a5ae765000 nmethod 15443% 0x000001a59954f110 code [0x000001a59954fc40, 0x000001a599558508]
Event: 42.141 Thread 0x000001a5ae765000 15495       3       com.android.tools.r8.internal.Oz::a (109 bytes)
Event: 42.142 Thread 0x000001a5ae765000 nmethod 15495 0x000001a59955ad10 code [0x000001a59955af00, 0x000001a59955b3e8]
Event: 42.142 Thread 0x000001a5ae765000 15407 %     3       com.android.tools.r8.internal.Lv::a @ 199 (270 bytes)
Event: 42.146 Thread 0x000001a5ae765000 nmethod 15407% 0x000001a59955b690 code [0x000001a59955bc80, 0x000001a59955f5a8]
Event: 42.146 Thread 0x000001a5ae765000 15490       3       com.android.tools.r8.internal.ja::a (1420 bytes)
Event: 42.169 Thread 0x000001a5ae764800 nmethod 15417 0x000001a59efe5c90 code [0x000001a59efe6000, 0x000001a59efe9040]
Event: 42.171 Thread 0x000001a5ae764800 15447       4       java.util.ArrayList::clear (43 bytes)
Event: 42.171 Thread 0x000001a5ae765000 nmethod 15490 0x000001a599560710 code [0x000001a599561b40, 0x000001a5995713f8]
Event: 42.171 Thread 0x000001a5ae765000 15504       3       java.util.TreeMap::put (247 bytes)
Event: 42.172 Thread 0x000001a5ae765000 nmethod 15504 0x000001a599576e90 code [0x000001a599577180, 0x000001a5995784d8]
Event: 42.172 Thread 0x000001a5ae765000 15507 %     3       com.android.tools.r8.internal.Kz::a @ 73 (109 bytes)
Event: 42.173 Thread 0x000001a5ae765000 nmethod 15507% 0x000001a599578a90 code [0x000001a599578ca0, 0x000001a599579208]
Event: 42.173 Thread 0x000001a5ae765000 15498       3       com.android.tools.r8.internal.W4::a (1165 bytes)
Event: 42.173 Thread 0x000001a5ae764800 nmethod 15447 0x000001a59e7f8e10 code [0x000001a59e7f8fa0, 0x000001a59e7f90b8]
Event: 42.174 Thread 0x000001a5ae764800 15472       4       com.android.tools.r8.graph.G0::a (138 bytes)
Event: 42.183 Thread 0x000001a5ae765000 nmethod 15498 0x000001a599579490 code [0x000001a59957a040, 0x000001a599581be8]
Event: 42.183 Thread 0x000001a5ae765000 15514       3       com.android.tools.r8.ir.regalloc.a::a (3985 bytes)

GC Heap History (20 events):
Event: 38.932 GC heap after
{Heap after GC invocations=60 (full 0):
 garbage-first heap   total 172032K, used 105896K [0x0000000080000000, 0x0000000100000000)
  region size 1024K, 6 young (6144K), 6 survivors (6144K)
 Metaspace       used 105243K, capacity 107695K, committed 107980K, reserved 1142784K
  class space    used 13299K, capacity 14177K, committed 14284K, reserved 1048576K
}
Event: 39.213 GC heap before
{Heap before GC invocations=60 (full 0):
 garbage-first heap   total 172032K, used 139688K [0x0000000080000000, 0x0000000100000000)
  region size 1024K, 39 young (39936K), 6 survivors (6144K)
 Metaspace       used 105622K, capacity 108080K, committed 108236K, reserved 1142784K
  class space    used 13351K, capacity 14241K, committed 14284K, reserved 1048576K
}
Event: 39.286 GC heap after
{Heap after GC invocations=61 (full 0):
 garbage-first heap   total 172032K, used 113186K [0x0000000080000000, 0x0000000100000000)
  region size 1024K, 5 young (5120K), 5 survivors (5120K)
 Metaspace       used 105622K, capacity 108080K, committed 108236K, reserved 1142784K
  class space    used 13351K, capacity 14241K, committed 14284K, reserved 1048576K
}
Event: 39.437 GC heap before
{Heap before GC invocations=61 (full 0):
 garbage-first heap   total 172032K, used 141858K [0x0000000080000000, 0x0000000100000000)
  region size 1024K, 33 young (33792K), 5 survivors (5120K)
 Metaspace       used 106065K, capacity 108545K, committed 108876K, reserved 1144832K
  class space    used 13382K, capacity 14293K, committed 14412K, reserved 1048576K
}
Event: 39.450 GC heap after
{Heap after GC invocations=62 (full 0):
 garbage-first heap   total 172032K, used 118962K [0x0000000080000000, 0x0000000100000000)
  region size 1024K, 5 young (5120K), 5 survivors (5120K)
 Metaspace       used 106065K, capacity 108545K, committed 108876K, reserved 1144832K
  class space    used 13382K, capacity 14293K, committed 14412K, reserved 1048576K
}
Event: 39.589 GC heap before
{Heap before GC invocations=63 (full 0):
 garbage-first heap   total 172032K, used 142514K [0x0000000080000000, 0x0000000100000000)
  region size 1024K, 28 young (28672K), 5 survivors (5120K)
 Metaspace       used 106656K, capacity 109260K, committed 109516K, reserved 1144832K
  class space    used 13532K, capacity 14502K, committed 14540K, reserved 1048576K
}
Event: 39.599 GC heap after
{Heap after GC invocations=64 (full 0):
 garbage-first heap   total 172032K, used 123424K [0x0000000080000000, 0x0000000100000000)
  region size 1024K, 4 young (4096K), 4 survivors (4096K)
 Metaspace       used 106656K, capacity 109260K, committed 109516K, reserved 1144832K
  class space    used 13532K, capacity 14502K, committed 14540K, reserved 1048576K
}
Event: 39.968 GC heap before
{Heap before GC invocations=64 (full 0):
 garbage-first heap   total 172032K, used 143904K [0x0000000080000000, 0x0000000100000000)
  region size 1024K, 25 young (25600K), 4 survivors (4096K)
 Metaspace       used 109789K, capacity 112666K, committed 112844K, reserved 1146880K
  class space    used 14168K, capacity 15262K, committed 15308K, reserved 1048576K
}
Event: 40.044 GC heap after
{Heap after GC invocations=65 (full 0):
 garbage-first heap   total 172032K, used 125008K [0x0000000080000000, 0x0000000100000000)
  region size 1024K, 2 young (2048K), 2 survivors (2048K)
 Metaspace       used 109789K, capacity 112666K, committed 112844K, reserved 1146880K
  class space    used 14168K, capacity 15262K, committed 15308K, reserved 1048576K
}
Event: 40.389 GC heap before
{Heap before GC invocations=65 (full 0):
 garbage-first heap   total 172032K, used 145488K [0x0000000080000000, 0x0000000100000000)
  region size 1024K, 22 young (22528K), 2 survivors (2048K)
 Metaspace       used 110337K, capacity 113165K, committed 113484K, reserved 1146880K
  class space    used 14195K, capacity 15261K, committed 15436K, reserved 1048576K
}
Event: 40.485 GC heap after
{Heap after GC invocations=66 (full 0):
 garbage-first heap   total 248832K, used 124929K [0x0000000080000000, 0x0000000100000000)
  region size 1024K, 2 young (2048K), 2 survivors (2048K)
 Metaspace       used 110337K, capacity 113165K, committed 113484K, reserved 1146880K
  class space    used 14195K, capacity 15261K, committed 15436K, reserved 1048576K
}
Event: 40.830 GC heap before
{Heap before GC invocations=67 (full 0):
 garbage-first heap   total 248832K, used 175105K [0x0000000080000000, 0x0000000100000000)
  region size 1024K, 52 young (53248K), 2 survivors (2048K)
 Metaspace       used 111808K, capacity 114696K, committed 114892K, reserved 1148928K
  class space    used 14395K, capacity 15534K, committed 15564K, reserved 1048576K
}
Event: 40.848 GC heap after
{Heap after GC invocations=68 (full 0):
 garbage-first heap   total 248832K, used 126236K [0x0000000080000000, 0x0000000100000000)
  region size 1024K, 3 young (3072K), 3 survivors (3072K)
 Metaspace       used 111808K, capacity 114696K, committed 114892K, reserved 1148928K
  class space    used 14395K, capacity 15534K, committed 15564K, reserved 1048576K
}
Event: 41.366 GC heap before
{Heap before GC invocations=68 (full 0):
 garbage-first heap   total 248832K, used 180508K [0x0000000080000000, 0x0000000100000000)
  region size 1024K, 56 young (57344K), 3 survivors (3072K)
 Metaspace       used 112195K, capacity 115202K, committed 115532K, reserved 1148928K
  class space    used 14457K, capacity 15617K, committed 15692K, reserved 1048576K
}
Event: 41.387 GC heap after
{Heap after GC invocations=69 (full 0):
 garbage-first heap   total 248832K, used 126863K [0x0000000080000000, 0x0000000100000000)
  region size 1024K, 4 young (4096K), 4 survivors (4096K)
 Metaspace       used 112195K, capacity 115202K, committed 115532K, reserved 1148928K
  class space    used 14457K, capacity 15617K, committed 15692K, reserved 1048576K
}
Event: 41.727 GC heap before
{Heap before GC invocations=69 (full 0):
 garbage-first heap   total 248832K, used 184207K [0x0000000080000000, 0x0000000100000000)
  region size 1024K, 61 young (62464K), 4 survivors (4096K)
 Metaspace       used 112568K, capacity 115569K, committed 115788K, reserved 1148928K
  class space    used 14472K, capacity 15631K, committed 15692K, reserved 1048576K
}
Event: 41.737 GC heap after
{Heap after GC invocations=70 (full 0):
 garbage-first heap   total 248832K, used 129398K [0x0000000080000000, 0x0000000100000000)
  region size 1024K, 6 young (6144K), 6 survivors (6144K)
 Metaspace       used 112568K, capacity 115569K, committed 115788K, reserved 1148928K
  class space    used 14472K, capacity 15631K, committed 15692K, reserved 1048576K
}
Event: 42.022 GC heap before
{Heap before GC invocations=71 (full 0):
 garbage-first heap   total 248832K, used 190838K [0x0000000080000000, 0x0000000100000000)
  region size 1024K, 66 young (67584K), 6 survivors (6144K)
 Metaspace       used 112371K, capacity 115245K, committed 115788K, reserved 1148928K
  class space    used 14402K, capacity 15500K, committed 15692K, reserved 1048576K
}
Event: 42.036 GC heap after
{Heap after GC invocations=72 (full 0):
 garbage-first heap   total 248832K, used 129368K [0x0000000080000000, 0x0000000100000000)
  region size 1024K, 5 young (5120K), 5 survivors (5120K)
 Metaspace       used 112371K, capacity 115245K, committed 115788K, reserved 1148928K
  class space    used 14402K, capacity 15500K, committed 15692K, reserved 1048576K
}
Event: 42.226 GC heap before
{Heap before GC invocations=72 (full 0):
 garbage-first heap   total 248832K, used 192856K [0x0000000080000000, 0x0000000100000000)
  region size 1024K, 67 young (68608K), 5 survivors (5120K)
 Metaspace       used 112398K, capacity 115263K, committed 115788K, reserved 1148928K
  class space    used 14405K, capacity 15506K, committed 15692K, reserved 1048576K
}

Deoptimization events (20 events):
Event: 42.126 Thread 0x000001a5afac7000 DEOPT PACKING pc=0x000001a59efdeaec sp=0x0000003e3bbf97d0
Event: 42.127 Thread 0x000001a5afac7000 DEOPT UNPACKING pc=0x000001a596d278af sp=0x0000003e3bbf9768 mode 2
Event: 42.161 Thread 0x000001a5b09e8000 DEOPT PACKING pc=0x000001a5992e9780 sp=0x0000003e39ef3700
Event: 42.163 Thread 0x000001a5afacb000 DEOPT PACKING pc=0x000001a599218074 sp=0x0000003e3bef9b30
Event: 42.163 Thread 0x000001a5afacb000 DEOPT UNPACKING pc=0x000001a596d276ce sp=0x0000003e3bef9128 mode 0
Event: 42.163 Thread 0x000001a5afacb000 DEOPT PACKING pc=0x000001a599230c76 sp=0x0000003e3bef9b60
Event: 42.163 Thread 0x000001a5afacb000 DEOPT UNPACKING pc=0x000001a596d276ce sp=0x0000003e3bef9100 mode 0
Event: 42.166 Thread 0x000001a5b09e8000 DEOPT UNPACKING pc=0x000001a596d276ce sp=0x0000003e39ef2d70 mode 0
Event: 42.177 Thread 0x000001a5b09e8000 DEOPT PACKING pc=0x000001a59940e55b sp=0x0000003e39ef35b0
Event: 42.177 Thread 0x000001a5b09e8000 DEOPT UNPACKING pc=0x000001a596d276ce sp=0x0000003e39ef2d78 mode 0
Event: 42.185 Thread 0x000001a5afac9000 DEOPT PACKING pc=0x000001a5993bd466 sp=0x0000003e3bdf9800
Event: 42.186 Thread 0x000001a5afac9000 DEOPT UNPACKING pc=0x000001a596d276ce sp=0x0000003e3bdf8e98 mode 0
Event: 42.192 Thread 0x000001a5afac7800 DEOPT PACKING pc=0x000001a59922f646 sp=0x0000003e3bcf9a40
Event: 42.192 Thread 0x000001a5afac7800 DEOPT UNPACKING pc=0x000001a596d276ce sp=0x0000003e3bcf8f88 mode 0
Event: 42.198 Thread 0x000001a5afac0000 DEOPT PACKING pc=0x000001a599340ab7 sp=0x0000003e3b8f9860
Event: 42.198 Thread 0x000001a5afac0000 DEOPT UNPACKING pc=0x000001a596d276ce sp=0x0000003e3b8f8e70 mode 0
Event: 42.199 Thread 0x000001a5afac9000 DEOPT PACKING pc=0x000001a5993aba8a sp=0x0000003e3bdf9a90
Event: 42.199 Thread 0x000001a5afac9000 DEOPT UNPACKING pc=0x000001a596d276ce sp=0x0000003e3bdf8fb0 mode 0
Event: 42.211 Thread 0x000001a5b09e8000 DEOPT PACKING pc=0x000001a59940e50b sp=0x0000003e39ef31e0
Event: 42.211 Thread 0x000001a5b09e8000 DEOPT UNPACKING pc=0x000001a596d276ce sp=0x0000003e39ef29b0 mode 0

Classes redefined (0 events):
No events

Internal exceptions (20 events):
Event: 39.862 Thread 0x000001a5afac9000 Exception <a 'java/lang/NoSuchMethodError'{0x0000000089cbd6e0}: 'int java.lang.invoke.DirectMethodHandle$Holder.invokeSpecial(java.lang.Object, java.lang.Object, java.lang.Object, int, java.lang.Object)'> (0x0000000089cbd6e0) thrown at [./src/hotspot/share/interpreter/linkResolver.cpp, line 773]
Event: 39.877 Thread 0x000001a5afac0000 Exception <a 'java/lang/NoSuchMethodError'{0x0000000089ce61f0}: 'java.lang.Object java.lang.invoke.DirectMethodHandle$Holder.newInvokeSpecial(java.lang.Object, int)'> (0x0000000089ce61f0) thrown at [./src/hotspot/share/interpreter/linkResolver.cpp, line 773]
Event: 39.877 Thread 0x000001a5afacb000 Exception <a 'java/lang/NoSuchMethodError'{0x0000000089b88830}: 'java.lang.Object java.lang.invoke.DirectMethodHandle$Holder.newInvokeSpecial(java.lang.Object, int)'> (0x0000000089b88830) thrown at [./src/hotspot/share/interpreter/linkResolver.cpp, line 773]
Event: 39.877 Thread 0x000001a5afac8800 Exception <a 'java/lang/NoSuchMethodError'{0x0000000089b4af98}: 'java.lang.Object java.lang.invoke.DirectMethodHandle$Holder.newInvokeSpecial(java.lang.Object, int)'> (0x0000000089b4af98) thrown at [./src/hotspot/share/interpreter/linkResolver.cpp, line 773]
Event: 40.182 Thread 0x000001a5b09e8000 Exception <a 'java/lang/NoSuchMethodError'{0x000000008a2cd8a8}: 'java.lang.Object java.lang.invoke.DirectMethodHandle$Holder.invokeInterface(java.lang.Object, java.lang.Object, int)'> (0x000000008a2cd8a8) thrown at [./src/hotspot/share/interpreter/linkResolver.cpp, line 773]
Event: 40.506 Thread 0x000001a5afac9000 Exception <a 'java/lang/NoSuchMethodError'{0x000000008ef31cf0}: 'void java.lang.invoke.DirectMethodHandle$Holder.invokeSpecial(java.lang.Object, java.lang.Object, int, java.lang.Object, java.lang.Object, java.lang.Object, java.lang.Object)'> (0x000000008ef31cf0) thrown at [./src/hotspot/share/interpreter/linkResolver.cpp, line 773]
Event: 40.511 Thread 0x000001a5afac9000 Exception <a 'java/lang/NoSuchMethodError'{0x000000008efbe5b8}: 'java.lang.Object java.lang.invoke.DirectMethodHandle$Holder.invokeSpecial(java.lang.Object, java.lang.Object, java.lang.Object, int, java.lang.Object, java.lang.Object, java.lang.Object)'> (0x000000008efbe5b8) thrown at [./src/hotspot/share/interpreter/linkResolver.cpp, line 773]
Event: 40.514 Thread 0x000001a5afac9000 Exception <a 'java/lang/NoSuchMethodError'{0x000000008efc20d0}: 'java.lang.Object java.lang.invoke.Invokers$Holder.linkToTargetMethod(java.lang.Object, int, java.lang.Object, java.lang.Object, java.lang.Object, java.lang.Object)'> (0x000000008efc20d0) thrown at [./src/hotspot/share/interpreter/linkResolver.cpp, line 773]
Event: 40.514 Thread 0x000001a5afac9000 Exception <a 'java/lang/NoSuchMethodError'{0x000000008efc6580}: 'void java.lang.invoke.DirectMethodHandle$Holder.invokeSpecial(java.lang.Object, java.lang.Object, java.lang.Object, java.lang.Object, java.lang.Object, java.lang.Object, java.lang.Object, java.lang.Object, java.lang.Object)'> (0x000000008efc6580) thrown at [./src/hotspot/share/interpreter/linkResolver.cpp, line 773]
Event: 40.516 Thread 0x000001a5afac0000 Exception <a 'java/lang/NoSuchMethodError'{0x000000008ef1cc78}: 'java.lang.Object java.lang.invoke.Invokers$Holder.linkToTargetMethod(java.lang.Object, int, java.lang.Object, java.lang.Object, java.lang.Object, java.lang.Object)'> (0x000000008ef1cc78) thrown at [./src/hotspot/share/interpreter/linkResolver.cpp, line 773]
Event: 40.522 Thread 0x000001a5afac9000 Exception <a 'java/lang/NoSuchMethodError'{0x000000008ed13918}: 'void java.lang.invoke.DirectMethodHandle$Holder.invokeStatic(java.lang.Object, java.lang.Object, java.lang.Object, java.lang.Object, java.lang.Object, java.lang.Object, java.lang.Object, java.lang.Object)'> (0x000000008ed13918) thrown at [./src/hotspot/share/interpreter/linkResolver.cpp, line 773]
Event: 40.668 Thread 0x000001a5afac9000 Exception <a 'java/lang/IncompatibleClassChangeError'{0x000000008d7921f8}: Found class java.lang.Object, but interface was expected> (0x000000008d7921f8) thrown at [./src/hotspot/share/interpreter/linkResolver.cpp, line 839]
Event: 40.668 Thread 0x000001a5afac0000 Exception <a 'java/lang/IncompatibleClassChangeError'{0x000000008d7a21d0}: Found class java.lang.Object, but interface was expected> (0x000000008d7a21d0) thrown at [./src/hotspot/share/interpreter/linkResolver.cpp, line 839]
Event: 40.851 Thread 0x000001a5afac0000 Exception <a 'java/lang/NoSuchMethodError'{0x000000008f237510}: 'void java.lang.invoke.DirectMethodHandle$Holder.invokeVirtual(java.lang.Object, java.lang.Object, int)'> (0x000000008f237510) thrown at [./src/hotspot/share/interpreter/linkResolver.cpp, line 773]
Event: 40.855 Thread 0x000001a5afac9000 Exception <a 'java/lang/NoSuchMethodError'{0x000000008f223278}: 'void java.lang.invoke.DirectMethodHandle$Holder.invokeVirtual(java.lang.Object, java.lang.Object, int)'> (0x000000008f223278) thrown at [./src/hotspot/share/interpreter/linkResolver.cpp, line 773]
Event: 41.343 Thread 0x000001a5afac9000 Exception <a 'sun/nio/fs/WindowsException'{0x000000008c238bf0}> (0x000000008c238bf0) thrown at [./src/hotspot/share/prims/jni.cpp, line 615]
Event: 41.346 Thread 0x000001a5afac0000 Exception <a 'sun/nio/fs/WindowsException'{0x000000008dec5860}> (0x000000008dec5860) thrown at [./src/hotspot/share/prims/jni.cpp, line 615]
Event: 41.457 Thread 0x000001a5b09e8000 Exception <a 'java/lang/NoSuchMethodError'{0x000000008e8d5d08}: 'int java.lang.invoke.DirectMethodHandle$Holder.invokeInterface(java.lang.Object, java.lang.Object, int)'> (0x000000008e8d5d08) thrown at [./src/hotspot/share/interpreter/linkResolver.cpp, line 773]
Event: 41.506 Thread 0x000001a5afac0000 Exception <a 'sun/nio/fs/WindowsException'{0x000000008e023ae0}> (0x000000008e023ae0) thrown at [./src/hotspot/share/prims/jni.cpp, line 615]
Event: 41.692 Thread 0x000001a5afac9000 Exception <a 'sun/nio/fs/WindowsException'{0x000000008be56a88}> (0x000000008be56a88) thrown at [./src/hotspot/share/prims/jni.cpp, line 615]

Events (20 events):
Event: 42.141 loading class com/android/tools/r8/internal/gu done
Event: 42.141 loading class com/android/tools/r8/internal/gu
Event: 42.141 loading class com/android/tools/r8/internal/gu done
Event: 42.142 loading class com/android/tools/r8/internal/gu
Event: 42.142 loading class com/android/tools/r8/internal/gu done
Event: 42.142 loading class com/android/tools/r8/internal/Me
Event: 42.142 loading class com/android/tools/r8/internal/Me done
Event: 42.142 loading class com/android/tools/r8/internal/gu
Event: 42.142 loading class com/android/tools/r8/internal/gu done
Event: 42.142 loading class com/android/tools/r8/internal/Te
Event: 42.142 loading class com/android/tools/r8/internal/Te done
Event: 42.175 loading class com/android/tools/r8/naming/K
Event: 42.175 loading class com/android/tools/r8/naming/K done
Event: 42.175 loading class com/android/tools/r8/graph/O
Event: 42.175 loading class com/android/tools/r8/graph/O done
Event: 42.175 loading class com/android/tools/r8/naming/K
Event: 42.175 loading class com/android/tools/r8/naming/K done
Event: 42.180 loading class com/android/tools/r8/graph/O
Event: 42.180 loading class com/android/tools/r8/graph/O done
Event: 42.225 Executing VM operation: G1CollectForAllocation


Dynamic libraries:
0x00007ff639d10000 - 0x00007ff639d1a000 	C:\Program Files\Android\Android Studio\jre\bin\java.exe
0x00007ffb5db00000 - 0x00007ffb5dcf0000 	C:\Windows\SYSTEM32\ntdll.dll
0x00007ffb5d5e0000 - 0x00007ffb5d692000 	C:\Windows\System32\KERNEL32.DLL
0x00007ffb5ab20000 - 0x00007ffb5adc5000 	C:\Windows\System32\KERNELBASE.dll
0x00007ffb5b710000 - 0x00007ffb5b80a000 	C:\Windows\System32\ucrtbase.dll
0x00007ffb557d0000 - 0x00007ffb557e7000 	C:\Program Files\Android\Android Studio\jre\bin\VCRUNTIME140.dll
0x00007ffb53540000 - 0x00007ffb53559000 	C:\Program Files\Android\Android Studio\jre\bin\jli.dll
0x00007ffb5bd90000 - 0x00007ffb5bf24000 	C:\Windows\System32\USER32.dll
0x00007ffb5b6e0000 - 0x00007ffb5b701000 	C:\Windows\System32\win32u.dll
0x00007ffb5bd60000 - 0x00007ffb5bd86000 	C:\Windows\System32\GDI32.dll
0x00007ffb5b810000 - 0x00007ffb5b9a8000 	C:\Windows\System32\gdi32full.dll
0x00007ffb5b9b0000 - 0x00007ffb5ba4e000 	C:\Windows\System32\msvcp_win.dll
0x00007ffb49f10000 - 0x00007ffb4a194000 	C:\Windows\WinSxS\amd64_microsoft.windows.common-controls_6595b64144ccf1df_6.0.18362.1556_none_9e7e372fe45e41d5\COMCTL32.dll
0x00007ffb5c900000 - 0x00007ffb5c99e000 	C:\Windows\System32\msvcrt.dll
0x00007ffb5d290000 - 0x00007ffb5d5c6000 	C:\Windows\System32\combase.dll
0x00007ffb5c7e0000 - 0x00007ffb5c8ff000 	C:\Windows\System32\RPCRT4.dll
0x00007ffb5b600000 - 0x00007ffb5b681000 	C:\Windows\System32\bcryptPrimitives.dll
0x00007ffb5cac0000 - 0x00007ffb5caee000 	C:\Windows\System32\IMM32.DLL
0x00007ffb36680000 - 0x00007ffb3671d000 	C:\Program Files\Android\Android Studio\jre\bin\msvcp140.dll
0x00007ffb10190000 - 0x00007ffb10c5f000 	C:\Program Files\Android\Android Studio\jre\bin\server\jvm.dll
0x00007ffb5caf0000 - 0x00007ffb5cb93000 	C:\Windows\System32\ADVAPI32.dll
0x00007ffb5ca20000 - 0x00007ffb5cab7000 	C:\Windows\System32\sechost.dll
0x00007ffb5dab0000 - 0x00007ffb5dab8000 	C:\Windows\System32\PSAPI.DLL
0x00007ffb55870000 - 0x00007ffb55879000 	C:\Windows\SYSTEM32\WSOCK32.dll
0x00007ffb51ad0000 - 0x00007ffb51ada000 	C:\Windows\SYSTEM32\VERSION.dll
0x00007ffb584a0000 - 0x00007ffb584c4000 	C:\Windows\SYSTEM32\WINMM.dll
0x00007ffb5d080000 - 0x00007ffb5d0ef000 	C:\Windows\System32\WS2_32.dll
0x00007ffb58470000 - 0x00007ffb5849d000 	C:\Windows\SYSTEM32\winmmbase.dll
0x00007ffb5b690000 - 0x00007ffb5b6da000 	C:\Windows\System32\cfgmgr32.dll
0x00007ffb5a9c0000 - 0x00007ffb5a9d1000 	C:\Windows\System32\kernel.appcore.dll
0x00007ffb53310000 - 0x00007ffb53321000 	C:\Program Files\Android\Android Studio\jre\bin\verify.dll
0x00007ffb4cdc0000 - 0x00007ffb4cfb4000 	C:\Windows\SYSTEM32\DBGHELP.DLL
0x00007ffb4bcd0000 - 0x00007ffb4bcfa000 	C:\Windows\SYSTEM32\dbgcore.DLL
0x00007ffb52fb0000 - 0x00007ffb52fd9000 	C:\Program Files\Android\Android Studio\jre\bin\java.dll
0x00007ffb557f0000 - 0x00007ffb557fb000 	C:\Program Files\Android\Android Studio\jre\bin\jimage.dll
0x00007ffb51b40000 - 0x00007ffb51b58000 	C:\Program Files\Android\Android Studio\jre\bin\zip.dll
0x00007ffb5bf30000 - 0x00007ffb5c617000 	C:\Windows\System32\SHELL32.dll
0x00007ffb5d930000 - 0x00007ffb5d9d8000 	C:\Windows\System32\shcore.dll
0x00007ffb5ae80000 - 0x00007ffb5b5fb000 	C:\Windows\System32\windows.storage.dll
0x00007ffb5aa50000 - 0x00007ffb5aa6e000 	C:\Windows\System32\profapi.dll
0x00007ffb5aa00000 - 0x00007ffb5aa4a000 	C:\Windows\System32\powrprof.dll
0x00007ffb5a9b0000 - 0x00007ffb5a9c0000 	C:\Windows\System32\UMPDC.dll
0x00007ffb5d0f0000 - 0x00007ffb5d142000 	C:\Windows\System32\shlwapi.dll
0x00007ffb5ae60000 - 0x00007ffb5ae77000 	C:\Windows\System32\cryptsp.dll
0x00007ffb516e0000 - 0x00007ffb516fa000 	C:\Program Files\Android\Android Studio\jre\bin\net.dll
0x00007ffb4ece0000 - 0x00007ffb4edda000 	C:\Windows\SYSTEM32\WINHTTP.dll
0x00007ffb5a190000 - 0x00007ffb5a1f7000 	C:\Windows\system32\mswsock.dll
0x00007ffb511b0000 - 0x00007ffb511c4000 	C:\Program Files\Android\Android Studio\jre\bin\nio.dll
0x00007ffb40db0000 - 0x00007ffb40dd7000 	C:\Users\YoungHwan\.gradle\native\8bec1ad78214c89d9ad589b4d07fe93259594b29d510b10fafb7a158f7737e5d\windows-amd64\native-platform.dll
0x00007ffb2a190000 - 0x00007ffb2a2cd000 	C:\Users\YoungHwan\.gradle\native\53dbd7edfb1c66fb8903c78663c9afc45aea4f116125fa6feffd364cf09443e8\windows-amd64\native-platform-file-events.dll
0x00007ffb57380000 - 0x00007ffb5738a000 	C:\Program Files\Android\Android Studio\jre\bin\management.dll
0x00007ffb56150000 - 0x00007ffb5615c000 	C:\Program Files\Android\Android Studio\jre\bin\management_ext.dll
0x00007ffb59d10000 - 0x00007ffb59d43000 	C:\Windows\system32\rsaenh.dll
0x00007ffb5ae30000 - 0x00007ffb5ae56000 	C:\Windows\System32\bcrypt.dll
0x00007ffb5a8d0000 - 0x00007ffb5a8f5000 	C:\Windows\SYSTEM32\USERENV.dll
0x00007ffb5a360000 - 0x00007ffb5a36c000 	C:\Windows\SYSTEM32\CRYPTBASE.dll
0x00007ffb59ea0000 - 0x00007ffb59eda000 	C:\Windows\SYSTEM32\IPHLPAPI.DLL
0x00007ffb5c7d0000 - 0x00007ffb5c7d8000 	C:\Windows\System32\NSI.dll
0x00007ffb51d10000 - 0x00007ffb51d26000 	C:\Windows\SYSTEM32\dhcpcsvc6.DLL
0x00007ffb51d50000 - 0x00007ffb51d6c000 	C:\Windows\SYSTEM32\dhcpcsvc.DLL
0x00007ffb59ee0000 - 0x00007ffb59fab000 	C:\Windows\SYSTEM32\DNSAPI.dll
0x00007ffb504d0000 - 0x00007ffb504f7000 	C:\Program Files\Android\Android Studio\jre\bin\sunec.dll
0x00007ffb52fe0000 - 0x00007ffb52fea000 	C:\Windows\System32\rasadhlp.dll
0x00007ffb51860000 - 0x00007ffb518d7000 	C:\Windows\System32\fwpuclnt.dll

dbghelp: loaded successfully - version: 4.0.5 - missing functions: none
symbol engine: initialized successfully - sym options: 0x614 - pdb path: .;C:\Program Files\Android\Android Studio\jre\bin;C:\Windows\SYSTEM32;C:\Windows\WinSxS\amd64_microsoft.windows.common-controls_6595b64144ccf1df_6.0.18362.1556_none_9e7e372fe45e41d5;C:\Program Files\Android\Android Studio\jre\bin\server;C:\Users\YoungHwan\.gradle\native\8bec1ad78214c89d9ad589b4d07fe93259594b29d510b10fafb7a158f7737e5d\windows-amd64;C:\Users\YoungHwan\.gradle\native\53dbd7edfb1c66fb8903c78663c9afc45aea4f116125fa6feffd364cf09443e8\windows-amd64

VM Arguments:
jvm_args: --add-opens=java.base/java.util=ALL-UNNAMED --add-opens=java.base/java.lang=ALL-UNNAMED --add-opens=java.base/java.lang.invoke=ALL-UNNAMED --add-opens=java.base/java.util=ALL-UNNAMED --add-opens=java.prefs/java.util.prefs=ALL-UNNAMED --add-opens=java.prefs/java.util.prefs=ALL-UNNAMED --add-opens=java.base/java.nio.charset=ALL-UNNAMED --add-opens=java.base/java.net=ALL-UNNAMED --add-opens=java.base/java.util.concurrent.atomic=ALL-UNNAMED -Xmx2048m -Dfile.encoding=UTF-8 -Duser.country=KR -Duser.language=ko -Duser.variant 
java_command: org.gradle.launcher.daemon.bootstrap.GradleDaemon 7.0.2
java_class_path (initial): C:\Users\YoungHwan\.gradle\wrapper\dists\gradle-7.0.2-bin\857tjihv64xamwrf0h14cai3r\gradle-7.0.2\lib\gradle-launcher-7.0.2.jar
Launcher Type: SUN_STANDARD

[Global flags]
     intx CICompilerCount                          = 4                                         {product} {ergonomic}
     uint ConcGCThreads                            = 2                                         {product} {ergonomic}
     uint G1ConcRefinementThreads                  = 8                                         {product} {ergonomic}
   size_t G1HeapRegionSize                         = 1048576                                   {product} {ergonomic}
    uintx GCDrainStackTargetSize                   = 64                                        {product} {ergonomic}
   size_t InitialHeapSize                          = 100663296                                 {product} {ergonomic}
   size_t MarkStackSize                            = 4194304                                   {product} {ergonomic}
   size_t MaxHeapSize                              = 2147483648                                {product} {command line}
   size_t MaxNewSize                               = 1287651328                                {product} {ergonomic}
   size_t MinHeapDeltaBytes                        = 1048576                                   {product} {ergonomic}
    uintx NonNMethodCodeHeapSize                   = 5836300                                {pd product} {ergonomic}
    uintx NonProfiledCodeHeapSize                  = 122910970                              {pd product} {ergonomic}
    uintx ProfiledCodeHeapSize                     = 122910970                              {pd product} {ergonomic}
    uintx ReservedCodeCacheSize                    = 251658240                              {pd product} {ergonomic}
     bool SegmentedCodeCache                       = true                                      {product} {ergonomic}
     bool UseCompressedClassPointers               = true                                 {lp64_product} {ergonomic}
     bool UseCompressedOops                        = true                                 {lp64_product} {ergonomic}
     bool UseG1GC                                  = true                                      {product} {ergonomic}
     bool UseLargePagesIndividualAllocation        = false                                  {pd product} {ergonomic}

Logging:
Log output configuration:
 #0: stdout all=warning uptime,level,tags
 #1: stderr all=off uptime,level,tags

Environment Variables:
JAVA_HOME=C:\Program Files\Java\jdk-15.0.2
JRE_HOME=C:\Program Files\Java\jre1.8.0_301
PATH=C:\Program Files\Common Files\Oracle\Java\javapath;C:\Program Files\NVIDIA GPU Computing Toolkit\CUDA\v10.0\bin;C:\Program Files\NVIDIA GPU Computing Toolkit\CUDA\v10.0\libnvvp;C:\Windows\system32;C:\Windows;C:\Windows\System32\Wbem;C:\Windows\System32\WindowsPowerShell\v1.0\;C:\Windows\System32\OpenSSH\;C:\Users\ÃÖ¿µÈ¯\AppData\Roaming\Microsoft\Windows\Start Menu\Programs\Python 3.8;C;\Program Files (x86)\NVIDIA Corporation\PhysX\Common;C:\Program Files\dotnet\;C:\Program Files\Git\cmd;C:\Program Files\Java\jdk-15.0.2\lib;C:\Program Files\Microsoft SQL Server\Client SDK\ODBC\170\Tools\Binn\;C:\Program Files (x86)\Microsoft SQL Server\150\Tools\Binn\;C:\Program Files\Microsoft SQL Server\150\Tools\Binn\;C:\Program Files\Microsoft SQL Server\150\DTS\Binn\;C:\Program Files (x86)\Microsoft SQL Server\150\DTS\Binn\;C:\Program Files\Azure Data Studio\bin;C:\Program Files\nodejs\;C:\Program Files\Redis\;C:\Users\YoungHwan\AppData\Local\Programs\Python\Python38\Scripts\;C:\Users\YoungHwan\AppData\Local\Programs\Python\Python38\;C:\Program Files\MySQL\MySQL Shell 8.0\bin\;C:\Users\YoungHwan\AppData\Local\Programs\Python\Python39\Scripts\;C:\Users\YoungHwan\AppData\Local\Programs\Python\Python39\;C:\Users\ÃÖ¿µÈ¯\AppData\Local\Programs\Python\Python38\Scripts\;C:\Users\ÃÖ¿µÈ¯\AppData\Local\Programs\Python\Python38\;C:\Users\YoungHwan\AppData\Local\Microsoft\WindowsApps;C:\Users\YoungHwan\.dotnet\tools;C:\Program Files\CMake\bin;C:\Program Files\Bandizip\;C:\Program Files\Java\jdk-15.0.2\bin;;C:\Program Files\Azure Data Studio\bin;C:\Program Files\JetBrains\PyCharm Community Edition 2020.2.1\bin;;C:\Users\YoungHwan\AppData\Roaming\npm;C:\Users\YoungHwan\AppData\Local\Programs\Microsoft VS Code\bin
USERNAME=YoungHwan
OS=Windows_NT
PROCESSOR_IDENTIFIER=AMD64 Family 23 Model 24 Stepping 1, AuthenticAMD



---------------  S Y S T E M  ---------------

OS: Windows 10 , 64 bit Build 18362 (10.0.18362.1500)
OS uptime: 121 days 4:29 hours

CPU:total 8 (initial active 8) (8 cores per cpu, 2 threads per core) family 23 model 24 stepping 1 microcode 0x0, cmov, cx8, fxsr, mmx, sse, sse2, sse3, ssse3, sse4.1, sse4.2, popcnt, avx, avx2, aes, clmul, mmxext, 3dnowpref, lzcnt, sse4a, ht, tsc, tscinvbit, tscinv, bmi1, bmi2, adx, s

Memory: 4k page, system-wide physical 6082M (324M free)
TotalPageFile size 24511M (AvailPageFile size 63M)
current process WorkingSet (physical memory assigned to process): 405M, peak: 440M
current process commit charge ("private bytes"): 621M, peak: 723M

vm_info: OpenJDK 64-Bit Server VM (11.0.10+0-b96-7249189) for windows-amd64 JRE (11.0.10+0-b96-7249189), built on Mar 31 2021 21:44:00 by "builder" with MS VC++ 14.0 (VS2015)

END.
