#
# There is insufficient memory for the Java Runtime Environment to continue.
# Native memory allocation (mmap) failed to map 213909504 bytes for Failed to commit area from 0x000000008cc00000 to 0x0000000099800000 of length 213909504.
# Possible reasons:
#   The system is out of physical RAM or swap space
#   The process is running with CompressedOops enabled, and the Java Heap may be blocking the growth of the native heap
# Possible solutions:
#   Reduce memory load on the system
#   Increase physical memory or swap space
#   Check if swap backing store is full
#   Decrease Java heap size (-Xmx/-Xms)
#   Decrease number of Java threads
#   Decrease Java thread stack sizes (-Xss)
#   Set larger code cache with -XX:ReservedCodeCacheSize=
#   JVM is running with Unscaled Compressed Oops mode in which the Java heap is
#     placed in the first 4GB address space. The Java Heap base address is the
#     maximum limit for the native heap growth. Please use -XX:HeapBaseMinAddress
#     to set the Java Heap base and to place the Java Heap above 4GB virtual address.
# This output file may be truncated or incomplete.
#
#  Out of Memory Error (./src/hotspot/os/windows/os_windows.cpp:3301), pid=36944, tid=27364
#
# JRE version: OpenJDK Runtime Environment (11.0.10) (build 11.0.10+0-b96-7249189)
# Java VM: OpenJDK 64-Bit Server VM (11.0.10+0-b96-7249189, mixed mode, tiered, compressed oops, g1 gc, windows-amd64)
# No core dump will be written. Minidumps are not enabled by default on client versions of Windows
#

---------------  S U M M A R Y ------------

Command Line: --add-opens=java.base/java.util=ALL-UNNAMED --add-opens=java.base/java.lang=ALL-UNNAMED --add-opens=java.base/java.lang.invoke=ALL-UNNAMED --add-opens=java.base/java.util=ALL-UNNAMED --add-opens=java.prefs/java.util.prefs=ALL-UNNAMED --add-opens=java.prefs/java.util.prefs=ALL-UNNAMED --add-opens=java.base/java.nio.charset=ALL-UNNAMED --add-opens=java.base/java.net=ALL-UNNAMED --add-opens=java.base/java.util.concurrent.atomic=ALL-UNNAMED -Xmx2048m -Dfile.encoding=UTF-8 -Duser.country=KR -Duser.language=ko -Duser.variant org.gradle.launcher.daemon.bootstrap.GradleDaemon 7.0.2

Host: AMD Ryzen 7 3700U with Radeon Vega Mobile Gfx  , 8 cores, 5G,  Windows 10 , 64 bit Build 18362 (10.0.18362.1500)
Time: Thu Mar 24 14:25:26 2022 ¢¥eCN©öI¡¾©ö C¡ÍA¨ª¨öA elapsed time: 30.467314 seconds (0d 0h 0m 30s)

---------------  T H R E A D  ---------------

Current thread (0x0000021b688f8000):  VMThread "VM Thread" [stack: 0x000000fccb400000,0x000000fccb500000] [id=27364]

Stack: [0x000000fccb400000,0x000000fccb500000]
[error occurred during error reporting (printing stack bounds), id 0xc0000005, EXCEPTION_ACCESS_VIOLATION (0xc0000005) at pc=0x0000021b51f90f2d]

Native frames: (J=compiled Java code, j=interpreted, Vv=VM code, C=native code)
V  [jvm.dll+0x5ecfaa]
V  [jvm.dll+0x722bd5]
V  [jvm.dll+0x72412d]
V  [jvm.dll+0x724745]
V  [jvm.dll+0x7246fb]
V  [jvm.dll+0x5ec348]
V  [jvm.dll+0x5ecad8]
C  [ntdll.dll+0xa1fff]
C  [ntdll.dll+0x6aad9]
C  [ntdll.dll+0xa0c6e]
C  0x0000021b51f90f2d

VM_Operation (0x000000fcce4f8950): G1CollectForAllocation, mode: safepoint, requested by thread 0x0000021b6a345800


---------------  P R O C E S S  ---------------

Threads class SMR info:
_java_thread_list=0x0000021b762d3980, length=66, elements={
0x0000021b4e4b3800, 0x0000021b688fb000, 0x0000021b688fc000, 0x0000021b69226800,
0x0000021b6891b000, 0x0000021b6891c000, 0x0000021b6892e800, 0x0000021b6892f800,
0x0000021b68935800, 0x0000021b69383800, 0x0000021b6ad2f800, 0x0000021b6b227000,
0x0000021b6a4ab000, 0x0000021b6a5e4000, 0x0000021b6a513000, 0x0000021b69fd7000,
0x0000021b69742800, 0x0000021b69fda800, 0x0000021b69fdd000, 0x0000021b6a4f5000,
0x0000021b6a4f3800, 0x0000021b6a4f1800, 0x0000021b6a4f6800, 0x0000021b6a4f7800,
0x0000021b6a4f6000, 0x0000021b6a4f8000, 0x0000021b6a4f4000, 0x0000021b6a4f2800,
0x0000021b6a33d000, 0x0000021b6a33a000, 0x0000021b6a33a800, 0x0000021b6a33b800,
0x0000021b6a33e000, 0x0000021b6a341000, 0x0000021b6a342000, 0x0000021b6a33c800,
0x0000021b6a344800, 0x0000021b6a343000, 0x0000021b6a345800, 0x0000021b6a343800,
0x0000021b6a346000, 0x0000021b6a347000, 0x0000021b6a347800, 0x0000021b6a348800,
0x0000021b6dd94000, 0x0000021b6dd96000, 0x0000021b6dd93800, 0x0000021b6dd95000,
0x0000021b6dd96800, 0x0000021b6dd92800, 0x0000021b6dd98800, 0x0000021b6dd9a000,
0x0000021b6dd99000, 0x0000021b6dd9b800, 0x0000021b6dd9d000, 0x0000021b6dd9c800,
0x0000021b6dd97800, 0x0000021b6dd9f800, 0x0000021b6dd9f000, 0x0000021b6dd9e000,
0x0000021b6dda0800, 0x0000021b6dda1800, 0x0000021b6d71e000, 0x0000021b6d720800,
0x0000021b6d721800, 0x0000021b70789800
}

Java Threads: ( => current thread )
  0x0000021b4e4b3800 JavaThread "main" [_thread_blocked, id=32940, stack(0x000000fccae00000,0x000000fccaf00000)]
  0x0000021b688fb000 JavaThread "Reference Handler" daemon [_thread_blocked, id=36572, stack(0x000000fccb500000,0x000000fccb600000)]
  0x0000021b688fc000 JavaThread "Finalizer" daemon [_thread_blocked, id=36800, stack(0x000000fccb600000,0x000000fccb700000)]
  0x0000021b69226800 JavaThread "Signal Dispatcher" daemon [_thread_blocked, id=29460, stack(0x000000fccb700000,0x000000fccb800000)]
  0x0000021b6891b000 JavaThread "Attach Listener" daemon [_thread_blocked, id=15308, stack(0x000000fccb800000,0x000000fccb900000)]
  0x0000021b6891c000 JavaThread "Service Thread" daemon [_thread_blocked, id=36700, stack(0x000000fccb900000,0x000000fccba00000)]
  0x0000021b6892e800 JavaThread "C2 CompilerThread0" daemon [_thread_blocked, id=8704, stack(0x000000fccba00000,0x000000fccbb00000)]
  0x0000021b6892f800 JavaThread "C1 CompilerThread0" daemon [_thread_blocked, id=38004, stack(0x000000fccbb00000,0x000000fccbc00000)]
  0x0000021b68935800 JavaThread "Sweeper thread" daemon [_thread_blocked, id=13372, stack(0x000000fccbc00000,0x000000fccbd00000)]
  0x0000021b69383800 JavaThread "Common-Cleaner" daemon [_thread_blocked, id=31316, stack(0x000000fccbd00000,0x000000fccbe00000)]
  0x0000021b6ad2f800 JavaThread "Daemon health stats" [_thread_blocked, id=24108, stack(0x000000fccc100000,0x000000fccc200000)]
  0x0000021b6b227000 JavaThread "Incoming local TCP Connector on port 14795" [_thread_in_native, id=36444, stack(0x000000fccbf00000,0x000000fccc000000)]
  0x0000021b6a4ab000 JavaThread "Daemon periodic checks" [_thread_blocked, id=12296, stack(0x000000fccc400000,0x000000fccc500000)]
  0x0000021b6a5e4000 JavaThread "Daemon" [_thread_blocked, id=38832, stack(0x000000fccc500000,0x000000fccc600000)]
  0x0000021b6a513000 JavaThread "Handler for socket connection from /127.0.0.1:14795 to /127.0.0.1:14796" [_thread_in_native, id=25524, stack(0x000000fccc600000,0x000000fccc700000)]
  0x0000021b69fd7000 JavaThread "Cancel handler" [_thread_blocked, id=21732, stack(0x000000fccc700000,0x000000fccc800000)]
  0x0000021b69742800 JavaThread "Daemon worker" [_thread_blocked, id=17128, stack(0x000000fccc800000,0x000000fccc900000)]
  0x0000021b69fda800 JavaThread "Asynchronous log dispatcher for DefaultDaemonConnection: socket connection from /127.0.0.1:14795 to /127.0.0.1:14796" [_thread_blocked, id=32796, stack(0x000000fccc900000,0x000000fccca00000)]
  0x0000021b69fdd000 JavaThread "Stdin handler" [_thread_blocked, id=29376, stack(0x000000fccca00000,0x000000fcccb00000)]
  0x0000021b6a4f5000 JavaThread "Daemon client event forwarder" [_thread_blocked, id=34756, stack(0x000000fcccb00000,0x000000fcccc00000)]
  0x0000021b6a4f3800 JavaThread "Cache worker for file hash cache (C:\Users\YoungHwan\.gradle\caches\7.0.2\fileHashes)" [_thread_blocked, id=21496, stack(0x000000fcccc00000,0x000000fcccd00000)]
  0x0000021b6a4f1800 JavaThread "File lock request listener" [_thread_in_native, id=25020, stack(0x000000fcccd00000,0x000000fccce00000)]
  0x0000021b6a4f6800 JavaThread "Cache worker for journal cache (C:\Users\YoungHwan\.gradle\caches\journal-1)" [_thread_blocked, id=34772, stack(0x000000fccd300000,0x000000fccd400000)]
  0x0000021b6a4f7800 JavaThread "Cache worker for file hash cache (C:\Users\YoungHwan\Desktop\Android_Prac_BNR4th\Ch12\CriminalIntent\.gradle\7.0.2\fileHashes)" [_thread_blocked, id=35804, stack(0x000000fccd500000,0x000000fccd600000)]
  0x0000021b6a4f6000 JavaThread "File watcher server" daemon [_thread_blocked, id=29692, stack(0x000000fccd600000,0x000000fccd700000)]
  0x0000021b6a4f8000 JavaThread "File watcher consumer" daemon [_thread_blocked, id=35292, stack(0x000000fccd700000,0x000000fccd800000)]
  0x0000021b6a4f4000 JavaThread "Cache worker for checksums cache (C:\Users\YoungHwan\Desktop\Android_Prac_BNR4th\Ch12\CriminalIntent\.gradle\checksums)" [_thread_blocked, id=26200, stack(0x000000fccd800000,0x000000fccd900000)]
  0x0000021b6a4f2800 JavaThread "Cache worker for cache directory md-supplier (C:\Users\YoungHwan\.gradle\caches\7.0.2\md-supplier)" [_thread_blocked, id=33292, stack(0x000000fccd900000,0x000000fccda00000)]
  0x0000021b6a33d000 JavaThread "Cache worker for cache directory md-rule (C:\Users\YoungHwan\.gradle\caches\7.0.2\md-rule)" [_thread_blocked, id=25320, stack(0x000000fccda00000,0x000000fccdb00000)]
  0x0000021b6a33a000 JavaThread "Cache worker for execution history cache (C:\Users\YoungHwan\.gradle\caches\7.0.2\executionHistory)" [_thread_blocked, id=36856, stack(0x000000fccdb00000,0x000000fccdc00000)]
  0x0000021b6a33a800 JavaThread "jar transforms" [_thread_blocked, id=22116, stack(0x000000fccdc00000,0x000000fccdd00000)]
  0x0000021b6a33b800 JavaThread "jar transforms Thread 2" [_thread_blocked, id=35224, stack(0x000000fccdd00000,0x000000fccde00000)]
  0x0000021b6a33e000 JavaThread "Cache worker for file content cache (C:\Users\YoungHwan\.gradle\caches\7.0.2\fileContent)" [_thread_blocked, id=38344, stack(0x000000fccde00000,0x000000fccdf00000)]
  0x0000021b6a341000 JavaThread "Cache worker for dependencies-accessors (C:\Users\YoungHwan\Desktop\Android_Prac_BNR4th\Ch12\CriminalIntent\.gradle\7.0.2\dependencies-accessors)" [_thread_blocked, id=15712, stack(0x000000fccdf00000,0x000000fcce000000)]
  0x0000021b6a342000 JavaThread "jar transforms Thread 3" [_thread_blocked, id=26944, stack(0x000000fcce000000,0x000000fcce100000)]
  0x0000021b6a33c800 JavaThread "Cache worker for Build Output Cleanup Cache (C:\Users\YoungHwan\Desktop\Android_Prac_BNR4th\Ch12\CriminalIntent\.gradle\buildOutputCleanup)" [_thread_blocked, id=29020, stack(0x000000fcce100000,0x000000fcce200000)]
  0x0000021b6a344800 JavaThread "Build operations" [_thread_blocked, id=37764, stack(0x000000fcce200000,0x000000fcce300000)]
  0x0000021b6a343000 JavaThread "Build operations Thread 2" [_thread_blocked, id=14664, stack(0x000000fcce300000,0x000000fcce400000)]
  0x0000021b6a345800 JavaThread "Build operations Thread 3" [_thread_blocked, id=35016, stack(0x000000fcce400000,0x000000fcce500000)]
  0x0000021b6a343800 JavaThread "Build operations Thread 4" [_thread_blocked, id=29072, stack(0x000000fcce500000,0x000000fcce600000)]
  0x0000021b6a346000 JavaThread "Build operations Thread 5" [_thread_blocked, id=2184, stack(0x000000fcce600000,0x000000fcce700000)]
  0x0000021b6a347000 JavaThread "Build operations Thread 6" [_thread_blocked, id=36092, stack(0x000000fcce700000,0x000000fcce800000)]
  0x0000021b6a347800 JavaThread "Build operations Thread 7" [_thread_blocked, id=12008, stack(0x000000fcce800000,0x000000fcce900000)]
  0x0000021b6a348800 JavaThread "Build operations Thread 8" [_thread_blocked, id=3228, stack(0x000000fcce900000,0x000000fccea00000)]
  0x0000021b6dd94000 JavaThread "jar transforms Thread 4" [_thread_blocked, id=24672, stack(0x000000fccea00000,0x000000fcceb00000)]
  0x0000021b6dd96000 JavaThread "jar transforms Thread 5" [_thread_blocked, id=3920, stack(0x000000fcceb00000,0x000000fccec00000)]
  0x0000021b6dd93800 JavaThread "jar transforms Thread 6" [_thread_blocked, id=13036, stack(0x000000fccec00000,0x000000fcced00000)]
  0x0000021b6dd95000 JavaThread "jar transforms Thread 7" [_thread_blocked, id=29880, stack(0x000000fcced00000,0x000000fccee00000)]
  0x0000021b6dd96800 JavaThread "jar transforms Thread 8" [_thread_blocked, id=19184, stack(0x000000fccee00000,0x000000fccef00000)]
  0x0000021b6dd92800 JavaThread "Memory manager" [_thread_blocked, id=36660, stack(0x000000fccef00000,0x000000fccf000000)]
  0x0000021b6dd98800 JavaThread "build event listener" [_thread_blocked, id=37068, stack(0x000000fccd400000,0x000000fccd500000)]
  0x0000021b6dd9a000 JavaThread "pool-3-thread-1" [_thread_blocked, id=33692, stack(0x000000fccf000000,0x000000fccf100000)]
  0x0000021b6dd99000 JavaThread "build event listener" [_thread_blocked, id=38552, stack(0x000000fccf100000,0x000000fccf200000)]
  0x0000021b6dd9b800 JavaThread "Execution worker for ':'" [_thread_blocked, id=37352, stack(0x000000fccf200000,0x000000fccf300000)]
  0x0000021b6dd9d000 JavaThread "Execution worker for ':' Thread 2" [_thread_blocked, id=33284, stack(0x000000fccf300000,0x000000fccf400000)]
  0x0000021b6dd9c800 JavaThread "Execution worker for ':' Thread 3" [_thread_blocked, id=21644, stack(0x000000fccf400000,0x000000fccf500000)]
  0x0000021b6dd97800 JavaThread "Execution worker for ':' Thread 4" [_thread_blocked, id=14980, stack(0x000000fccf500000,0x000000fccf600000)]
  0x0000021b6dd9f800 JavaThread "Execution worker for ':' Thread 5" [_thread_blocked, id=3004, stack(0x000000fccf600000,0x000000fccf700000)]
  0x0000021b6dd9f000 JavaThread "Execution worker for ':' Thread 6" [_thread_blocked, id=7156, stack(0x000000fccf700000,0x000000fccf800000)]
  0x0000021b6dd9e000 JavaThread "Execution worker for ':' Thread 7" [_thread_blocked, id=30132, stack(0x000000fccf800000,0x000000fccf900000)]
  0x0000021b6dda0800 JavaThread "Cache worker for execution history cache (C:\Users\YoungHwan\Desktop\Android_Prac_BNR4th\Ch12\CriminalIntent\.gradle\7.0.2\executionHistory)" [_thread_blocked, id=9184, stack(0x000000fccf900000,0x000000fccfa00000)]
  0x0000021b6dda1800 JavaThread "WorkerExecutor Queue" [_thread_blocked, id=35388, stack(0x000000fccfa00000,0x000000fccfb00000)]
  0x0000021b6d71e000 JavaThread "pool-4-thread-1" [_thread_blocked, id=18772, stack(0x000000fccfb00000,0x000000fccfc00000)]
  0x0000021b6d720800 JavaThread "stderr" [_thread_in_native, id=30744, stack(0x000000fccfc00000,0x000000fccfd00000)]
  0x0000021b6d721800 JavaThread "stdout" [_thread_in_native, id=24040, stack(0x000000fccfd00000,0x000000fccfe00000)]
  0x0000021b70789800 JavaThread "C2 CompilerThread1" daemon [_thread_blocked, id=24720, stack(0x000000fccfe00000,0x000000fccff00000)]

Other Threads:
=>0x0000021b688f8000 VMThread "VM Thread" [stack: 0x000000fccb400000,0x000000fccb500000] [id=27364]
  0x0000021b693c8800 WatcherThread [stack: 0x000000fccbe00000,0x000000fccbf00000] [id=22220]
  0x0000021b4e4ca800 GCTaskThread "GC Thread#0" [stack: 0x000000fccaf00000,0x000000fccb000000] [id=2472]
  0x0000021b69a21800 GCTaskThread "GC Thread#1" [stack: 0x000000fccc000000,0x000000fccc100000] [id=17568]
  0x0000021b6a8f8000 GCTaskThread "GC Thread#2" [stack: 0x000000fccc200000,0x000000fccc300000] [id=27712]
  0x0000021b6a5c4800 GCTaskThread "GC Thread#3" [stack: 0x000000fccc300000,0x000000fccc400000] [id=6732]
  0x0000021b6b866800 GCTaskThread "GC Thread#4" [stack: 0x000000fccce00000,0x000000fcccf00000] [id=36456]
  0x0000021b6a56b800 GCTaskThread "GC Thread#5" [stack: 0x000000fcccf00000,0x000000fccd000000] [id=20508]
  0x0000021b6a56c000 GCTaskThread "GC Thread#6" [stack: 0x000000fccd000000,0x000000fccd100000] [id=34360]
  0x0000021b6b8fc800 GCTaskThread "GC Thread#7" [stack: 0x000000fccd100000,0x000000fccd200000] [id=18348]
  0x0000021b4e4fe800 ConcurrentGCThread "G1 Main Marker" [stack: 0x000000fccb000000,0x000000fccb100000] [id=31120]
  0x0000021b4e500000 ConcurrentGCThread "G1 Conc#0" [stack: 0x000000fccb100000,0x000000fccb200000] [id=17268]
  0x0000021b69d49000 ConcurrentGCThread "G1 Conc#1" [stack: 0x000000fccd200000,0x000000fccd300000] [id=35616]
  0x0000021b68750800 ConcurrentGCThread "G1 Refine#0" [stack: 0x000000fccb200000,0x000000fccb300000] [id=26988]
  0x0000021b68751000 ConcurrentGCThread "G1 Young RemSet Sampling" [stack: 0x000000fccb300000,0x000000fccb400000] [id=11232]

Threads with active compile tasks:
C2 CompilerThread0  30537 11157 %     4       com.android.tools.r8.internal.T6::a @ 2560 (6044 bytes)
C1 CompilerThread0  30537 13021 %     3       com.android.tools.r8.internal.ja::a @ 229 (1420 bytes)
C2 CompilerThread1  30537 12953       4       com.android.tools.r8.internal.x::putAll (124 bytes)

VM state:at safepoint (normal execution)

VM Mutex/Monitor currently owned by a thread:  ([mutex/lock_event])
[0x0000021b4e4af870] Threads_lock - owner thread: 0x0000021b688f8000
[0x0000021b4e4ae310] Heap_lock - owner thread: 0x0000021b6a345800

Heap address: 0x0000000080000000, size: 2048 MB, Compressed Oops mode: 32-bit
Narrow klass base: 0x0000000000000000, Narrow klass shift: 3
Compressed class space size: 1073741824 Address: 0x0000000100000000

Heap:
 garbage-first heap   total 417792K, used 122690K [0x0000000080000000, 0x0000000100000000)
  region size 1024K, 3 young (3072K), 3 survivors (3072K)
 Metaspace       used 102668K, capacity 105279K, committed 105548K, reserved 1140736K
  class space    used 13321K, capacity 14323K, committed 14412K, reserved 1048576K
Heap Regions: E=young(eden), S=young(survivor), O=old, HS=humongous(starts), HC=humongous(continues), CS=collection set, F=free, A=archive, TAMS=top-at-mark-start (previous, next)
|   0|0x0000000080000000, 0x0000000080100000, 0x0000000080100000|100%| O|  |TAMS 0x0000000080100000, 0x0000000080000000| Untracked 
|   1|0x0000000080100000, 0x0000000080200000, 0x0000000080200000|100%| O|  |TAMS 0x0000000080200000, 0x0000000080100000| Untracked 
|   2|0x0000000080200000, 0x0000000080300000, 0x0000000080300000|100%| O|  |TAMS 0x0000000080300000, 0x0000000080200000| Untracked 
|   3|0x0000000080300000, 0x0000000080400000, 0x0000000080400000|100%|HS|  |TAMS 0x0000000080400000, 0x0000000080300000| Complete 
|   4|0x0000000080400000, 0x0000000080500000, 0x0000000080500000|100%|HC|  |TAMS 0x0000000080500000, 0x0000000080400000| Complete 
|   5|0x0000000080500000, 0x0000000080600000, 0x0000000080600000|100%|HC|  |TAMS 0x0000000080600000, 0x0000000080500000| Complete 
|   6|0x0000000080600000, 0x0000000080700000, 0x0000000080700000|100%| O|  |TAMS 0x0000000080700000, 0x0000000080600000| Untracked 
|   7|0x0000000080700000, 0x0000000080800000, 0x0000000080800000|100%| O|  |TAMS 0x0000000080800000, 0x0000000080700000| Untracked 
|   8|0x0000000080800000, 0x0000000080900000, 0x0000000080900000|100%| O|  |TAMS 0x0000000080900000, 0x0000000080800000| Untracked 
|   9|0x0000000080900000, 0x0000000080a00000, 0x0000000080a00000|100%| O|  |TAMS 0x0000000080a00000, 0x0000000080900000| Untracked 
|  10|0x0000000080a00000, 0x0000000080b00000, 0x0000000080b00000|100%| O|  |TAMS 0x0000000080b00000, 0x0000000080a00000| Untracked 
|  11|0x0000000080b00000, 0x0000000080c00000, 0x0000000080c00000|100%| O|  |TAMS 0x0000000080c00000, 0x0000000080b00000| Untracked 
|  12|0x0000000080c00000, 0x0000000080d00000, 0x0000000080d00000|100%| O|  |TAMS 0x0000000080d00000, 0x0000000080c00000| Untracked 
|  13|0x0000000080d00000, 0x0000000080e00000, 0x0000000080e00000|100%| O|  |TAMS 0x0000000080e00000, 0x0000000080d00000| Untracked 
|  14|0x0000000080e00000, 0x0000000080f00000, 0x0000000080f00000|100%| O|  |TAMS 0x0000000080f00000, 0x0000000080e00000| Untracked 
|  15|0x0000000080f00000, 0x0000000081000000, 0x0000000081000000|100%| O|  |TAMS 0x0000000081000000, 0x0000000080f00000| Untracked 
|  16|0x0000000081000000, 0x0000000081100000, 0x0000000081100000|100%| O|  |TAMS 0x0000000081100000, 0x0000000081000000| Untracked 
|  17|0x0000000081100000, 0x0000000081200000, 0x0000000081200000|100%| O|  |TAMS 0x0000000081200000, 0x0000000081100000| Untracked 
|  18|0x0000000081200000, 0x0000000081300000, 0x0000000081300000|100%| O|  |TAMS 0x0000000081300000, 0x0000000081200000| Untracked 
|  19|0x0000000081300000, 0x0000000081400000, 0x0000000081400000|100%| O|  |TAMS 0x0000000081400000, 0x0000000081300000| Untracked 
|  20|0x0000000081400000, 0x0000000081500000, 0x0000000081500000|100%| O|  |TAMS 0x0000000081500000, 0x0000000081400000| Untracked 
|  21|0x0000000081500000, 0x0000000081600000, 0x0000000081600000|100%| O|  |TAMS 0x0000000081600000, 0x0000000081500000| Untracked 
|  22|0x0000000081600000, 0x0000000081700000, 0x0000000081700000|100%| O|  |TAMS 0x0000000081700000, 0x0000000081600000| Untracked 
|  23|0x0000000081700000, 0x0000000081800000, 0x0000000081800000|100%| O|  |TAMS 0x0000000081800000, 0x0000000081700000| Untracked 
|  24|0x0000000081800000, 0x0000000081900000, 0x0000000081900000|100%| O|  |TAMS 0x0000000081900000, 0x0000000081800000| Untracked 
|  25|0x0000000081900000, 0x0000000081a00000, 0x0000000081a00000|100%|HS|  |TAMS 0x0000000081a00000, 0x0000000081900000| Complete 
|  26|0x0000000081a00000, 0x0000000081b00000, 0x0000000081b00000|100%|HS|  |TAMS 0x0000000081b00000, 0x0000000081a00000| Complete 
|  27|0x0000000081b00000, 0x0000000081c00000, 0x0000000081c00000|100%| O|  |TAMS 0x0000000081c00000, 0x0000000081b00000| Untracked 
|  28|0x0000000081c00000, 0x0000000081d00000, 0x0000000081d00000|100%| O|  |TAMS 0x0000000081d00000, 0x0000000081c00000| Untracked 
|  29|0x0000000081d00000, 0x0000000081e00000, 0x0000000081e00000|100%|HS|  |TAMS 0x0000000081e00000, 0x0000000081d00000| Complete 
|  30|0x0000000081e00000, 0x0000000081f00000, 0x0000000081f00000|100%|HS|  |TAMS 0x0000000081f00000, 0x0000000081e00000| Complete 
|  31|0x0000000081f00000, 0x0000000082000000, 0x0000000082000000|100%|HC|  |TAMS 0x0000000082000000, 0x0000000081f00000| Complete 
|  32|0x0000000082000000, 0x0000000082100000, 0x0000000082100000|100%|HC|  |TAMS 0x0000000082100000, 0x0000000082000000| Complete 
|  33|0x0000000082100000, 0x0000000082200000, 0x0000000082200000|100%|HS|  |TAMS 0x0000000082200000, 0x0000000082100000| Complete 
|  34|0x0000000082200000, 0x0000000082300000, 0x0000000082300000|100%|HC|  |TAMS 0x0000000082300000, 0x0000000082200000| Complete 
|  35|0x0000000082300000, 0x0000000082400000, 0x0000000082400000|100%| O|  |TAMS 0x0000000082400000, 0x0000000082300000| Untracked 
|  36|0x0000000082400000, 0x0000000082500000, 0x0000000082500000|100%| O|  |TAMS 0x0000000082500000, 0x0000000082400000| Untracked 
|  37|0x0000000082500000, 0x0000000082600000, 0x0000000082600000|100%| O|  |TAMS 0x0000000082600000, 0x0000000082500000| Untracked 
|  38|0x0000000082600000, 0x0000000082700000, 0x0000000082700000|100%| O|  |TAMS 0x0000000082700000, 0x0000000082600000| Untracked 
|  39|0x0000000082700000, 0x0000000082800000, 0x0000000082800000|100%| O|  |TAMS 0x0000000082800000, 0x0000000082700000| Untracked 
|  40|0x0000000082800000, 0x0000000082900000, 0x0000000082900000|100%| O|  |TAMS 0x0000000082900000, 0x0000000082800000| Untracked 
|  41|0x0000000082900000, 0x0000000082a00000, 0x0000000082a00000|100%| O|  |TAMS 0x0000000082a00000, 0x0000000082900000| Untracked 
|  42|0x0000000082a00000, 0x0000000082b00000, 0x0000000082b00000|100%| O|  |TAMS 0x0000000082b00000, 0x0000000082a00000| Untracked 
|  43|0x0000000082b00000, 0x0000000082c00000, 0x0000000082c00000|100%| O|  |TAMS 0x0000000082c00000, 0x0000000082b00000| Untracked 
|  44|0x0000000082c00000, 0x0000000082d00000, 0x0000000082d00000|100%| O|  |TAMS 0x0000000082d00000, 0x0000000082c00000| Untracked 
|  45|0x0000000082d00000, 0x0000000082e00000, 0x0000000082e00000|100%| O|  |TAMS 0x0000000082e00000, 0x0000000082d00000| Untracked 
|  46|0x0000000082e00000, 0x0000000082f00000, 0x0000000082f00000|100%| O|  |TAMS 0x0000000082f00000, 0x0000000082e00000| Untracked 
|  47|0x0000000082f00000, 0x0000000083000000, 0x0000000083000000|100%| O|  |TAMS 0x0000000083000000, 0x0000000082f00000| Untracked 
|  48|0x0000000083000000, 0x0000000083100000, 0x0000000083100000|100%| O|  |TAMS 0x0000000083100000, 0x0000000083000000| Untracked 
|  49|0x0000000083100000, 0x0000000083200000, 0x0000000083200000|100%| O|  |TAMS 0x0000000083200000, 0x0000000083100000| Untracked 
|  50|0x0000000083200000, 0x0000000083300000, 0x0000000083300000|100%| O|  |TAMS 0x0000000083300000, 0x0000000083200000| Untracked 
|  51|0x0000000083300000, 0x0000000083400000, 0x0000000083400000|100%| O|  |TAMS 0x0000000083400000, 0x0000000083300000| Untracked 
|  52|0x0000000083400000, 0x0000000083500000, 0x0000000083500000|100%| O|  |TAMS 0x0000000083500000, 0x0000000083400000| Untracked 
|  53|0x0000000083500000, 0x0000000083600000, 0x0000000083600000|100%| O|  |TAMS 0x0000000083600000, 0x0000000083500000| Untracked 
|  54|0x0000000083600000, 0x0000000083700000, 0x0000000083700000|100%| O|  |TAMS 0x0000000083700000, 0x0000000083600000| Untracked 
|  55|0x0000000083700000, 0x0000000083800000, 0x0000000083800000|100%| O|  |TAMS 0x0000000083800000, 0x0000000083700000| Untracked 
|  56|0x0000000083800000, 0x0000000083900000, 0x0000000083900000|100%| O|  |TAMS 0x0000000083900000, 0x0000000083800000| Untracked 
|  57|0x0000000083900000, 0x0000000083a00000, 0x0000000083a00000|100%| O|  |TAMS 0x0000000083a00000, 0x0000000083900000| Untracked 
|  58|0x0000000083a00000, 0x0000000083b00000, 0x0000000083b00000|100%| O|  |TAMS 0x0000000083b00000, 0x0000000083a00000| Untracked 
|  59|0x0000000083b00000, 0x0000000083c00000, 0x0000000083c00000|100%| O|  |TAMS 0x0000000083c00000, 0x0000000083b00000| Untracked 
|  60|0x0000000083c00000, 0x0000000083d00000, 0x0000000083d00000|100%| O|  |TAMS 0x0000000083d00000, 0x0000000083c00000| Untracked 
|  61|0x0000000083d00000, 0x0000000083e00000, 0x0000000083e00000|100%| O|  |TAMS 0x0000000083e00000, 0x0000000083d00000| Untracked 
|  62|0x0000000083e00000, 0x0000000083f00000, 0x0000000083f00000|100%| O|  |TAMS 0x0000000083f00000, 0x0000000083e00000| Untracked 
|  63|0x0000000083f00000, 0x0000000084000000, 0x0000000084000000|100%| O|  |TAMS 0x0000000084000000, 0x0000000083f00000| Untracked 
|  64|0x0000000084000000, 0x0000000084100000, 0x0000000084100000|100%| O|  |TAMS 0x0000000084100000, 0x0000000084000000| Untracked 
|  65|0x0000000084100000, 0x0000000084200000, 0x0000000084200000|100%| O|  |TAMS 0x0000000084200000, 0x0000000084100000| Untracked 
|  66|0x0000000084200000, 0x0000000084300000, 0x0000000084300000|100%| O|  |TAMS 0x0000000084300000, 0x0000000084200000| Untracked 
|  67|0x0000000084300000, 0x0000000084400000, 0x0000000084400000|100%| O|  |TAMS 0x0000000084400000, 0x0000000084300000| Untracked 
|  68|0x0000000084400000, 0x0000000084500000, 0x0000000084500000|100%| O|  |TAMS 0x0000000084500000, 0x0000000084400000| Untracked 
|  69|0x0000000084500000, 0x0000000084600000, 0x0000000084600000|100%| O|  |TAMS 0x0000000084600000, 0x0000000084500000| Untracked 
|  70|0x0000000084600000, 0x0000000084700000, 0x0000000084700000|100%| O|  |TAMS 0x0000000084700000, 0x0000000084600000| Untracked 
|  71|0x0000000084700000, 0x0000000084800000, 0x0000000084800000|100%| O|  |TAMS 0x0000000084800000, 0x0000000084700000| Untracked 
|  72|0x0000000084800000, 0x0000000084900000, 0x0000000084900000|100%| O|  |TAMS 0x0000000084900000, 0x0000000084800000| Untracked 
|  73|0x0000000084900000, 0x0000000084a00000, 0x0000000084a00000|100%| O|  |TAMS 0x0000000084a00000, 0x0000000084900000| Untracked 
|  74|0x0000000084a00000, 0x0000000084b00000, 0x0000000084b00000|100%| O|  |TAMS 0x0000000084b00000, 0x0000000084a00000| Untracked 
|  75|0x0000000084b00000, 0x0000000084c00000, 0x0000000084c00000|100%| O|  |TAMS 0x0000000084c00000, 0x0000000084b00000| Untracked 
|  76|0x0000000084c00000, 0x0000000084d00000, 0x0000000084d00000|100%| O|  |TAMS 0x0000000084d00000, 0x0000000084c00000| Untracked 
|  77|0x0000000084d00000, 0x0000000084e00000, 0x0000000084e00000|100%| O|  |TAMS 0x0000000084e00000, 0x0000000084d00000| Untracked 
|  78|0x0000000084e00000, 0x0000000084f00000, 0x0000000084f00000|100%| O|  |TAMS 0x0000000084f00000, 0x0000000084e00000| Untracked 
|  79|0x0000000084f00000, 0x0000000085000000, 0x0000000085000000|100%| O|  |TAMS 0x0000000085000000, 0x0000000084f00000| Untracked 
|  80|0x0000000085000000, 0x0000000085100000, 0x0000000085100000|100%| O|  |TAMS 0x0000000085100000, 0x0000000085000000| Untracked 
|  81|0x0000000085100000, 0x0000000085200000, 0x0000000085200000|100%| O|  |TAMS 0x0000000085200000, 0x0000000085100000| Untracked 
|  82|0x0000000085200000, 0x0000000085300000, 0x0000000085300000|100%| O|  |TAMS 0x0000000085300000, 0x0000000085200000| Untracked 
|  83|0x0000000085300000, 0x0000000085400000, 0x0000000085400000|100%| O|  |TAMS 0x0000000085400000, 0x0000000085300000| Untracked 
|  84|0x0000000085400000, 0x0000000085500000, 0x0000000085500000|100%| O|  |TAMS 0x0000000085500000, 0x0000000085400000| Untracked 
|  85|0x0000000085500000, 0x0000000085600000, 0x0000000085600000|100%| O|  |TAMS 0x0000000085600000, 0x0000000085500000| Untracked 
|  86|0x0000000085600000, 0x0000000085700000, 0x0000000085700000|100%| O|  |TAMS 0x0000000085700000, 0x0000000085600000| Untracked 
|  87|0x0000000085700000, 0x0000000085800000, 0x0000000085800000|100%| O|  |TAMS 0x0000000085800000, 0x0000000085700000| Untracked 
|  88|0x0000000085800000, 0x0000000085900000, 0x0000000085900000|100%| O|  |TAMS 0x0000000085900000, 0x0000000085800000| Untracked 
|  89|0x0000000085900000, 0x0000000085a00000, 0x0000000085a00000|100%| O|  |TAMS 0x0000000085a00000, 0x0000000085900000| Untracked 
|  90|0x0000000085a00000, 0x0000000085b00000, 0x0000000085b00000|100%| O|  |TAMS 0x0000000085b00000, 0x0000000085a00000| Untracked 
|  91|0x0000000085b00000, 0x0000000085c00000, 0x0000000085c00000|100%| O|  |TAMS 0x0000000085c00000, 0x0000000085b00000| Untracked 
|  92|0x0000000085c00000, 0x0000000085d00000, 0x0000000085d00000|100%| O|  |TAMS 0x0000000085d00000, 0x0000000085c00000| Untracked 
|  93|0x0000000085d00000, 0x0000000085e00000, 0x0000000085e00000|100%| O|  |TAMS 0x0000000085e00000, 0x0000000085d00000| Untracked 
|  94|0x0000000085e00000, 0x0000000085f00000, 0x0000000085f00000|100%| O|  |TAMS 0x0000000085f00000, 0x0000000085e00000| Untracked 
|  95|0x0000000085f00000, 0x0000000086000000, 0x0000000086000000|100%| O|  |TAMS 0x0000000086000000, 0x0000000085f00000| Untracked 
|  96|0x0000000086000000, 0x0000000086100000, 0x0000000086100000|100%| O|  |TAMS 0x0000000086100000, 0x0000000086000000| Untracked 
|  97|0x0000000086100000, 0x0000000086200000, 0x0000000086200000|100%| O|  |TAMS 0x0000000086200000, 0x0000000086100000| Untracked 
|  98|0x0000000086200000, 0x0000000086300000, 0x0000000086300000|100%| O|  |TAMS 0x0000000086300000, 0x0000000086200000| Untracked 
|  99|0x0000000086300000, 0x0000000086400000, 0x0000000086400000|100%| O|  |TAMS 0x0000000086400000, 0x0000000086300000| Untracked 
| 100|0x0000000086400000, 0x0000000086500000, 0x0000000086500000|100%| O|  |TAMS 0x0000000086500000, 0x0000000086400000| Untracked 
| 101|0x0000000086500000, 0x0000000086600000, 0x0000000086600000|100%| O|  |TAMS 0x0000000086600000, 0x0000000086500000| Untracked 
| 102|0x0000000086600000, 0x0000000086700000, 0x0000000086700000|100%| O|  |TAMS 0x0000000086700000, 0x0000000086600000| Untracked 
| 103|0x0000000086700000, 0x0000000086800000, 0x0000000086800000|100%| O|  |TAMS 0x0000000086800000, 0x0000000086700000| Untracked 
| 104|0x0000000086800000, 0x0000000086900000, 0x0000000086900000|100%| O|  |TAMS 0x0000000086900000, 0x0000000086800000| Untracked 
| 105|0x0000000086900000, 0x0000000086a00000, 0x0000000086a00000|100%| O|  |TAMS 0x0000000086a00000, 0x0000000086900000| Untracked 
| 106|0x0000000086a00000, 0x0000000086b00000, 0x0000000086b00000|100%| O|  |TAMS 0x0000000086b00000, 0x0000000086a00000| Untracked 
| 107|0x0000000086b00000, 0x0000000086c00000, 0x0000000086c00000|100%| O|  |TAMS 0x0000000086c00000, 0x0000000086b00000| Untracked 
| 108|0x0000000086c00000, 0x0000000086d00000, 0x0000000086d00000|100%| O|  |TAMS 0x0000000086d00000, 0x0000000086c00000| Untracked 
| 109|0x0000000086d00000, 0x0000000086e00000, 0x0000000086e00000|100%| O|  |TAMS 0x0000000086e00000, 0x0000000086d00000| Untracked 
| 110|0x0000000086e00000, 0x0000000086f00000, 0x0000000086f00000|100%| O|  |TAMS 0x0000000086f00000, 0x0000000086e00000| Untracked 
| 111|0x0000000086f00000, 0x0000000087000000, 0x0000000087000000|100%| O|  |TAMS 0x0000000087000000, 0x0000000086f00000| Untracked 
| 112|0x0000000087000000, 0x0000000087100000, 0x0000000087100000|100%| O|  |TAMS 0x0000000087100000, 0x0000000087000000| Untracked 
| 113|0x0000000087100000, 0x0000000087200000, 0x0000000087200000|100%| O|  |TAMS 0x0000000087200000, 0x0000000087100000| Untracked 
| 114|0x0000000087200000, 0x0000000087300000, 0x0000000087300000|100%| O|  |TAMS 0x0000000087300000, 0x0000000087200000| Untracked 
| 115|0x0000000087300000, 0x0000000087400000, 0x0000000087400000|100%| O|  |TAMS 0x00000000873ef600, 0x0000000087300000| Untracked 
| 116|0x0000000087400000, 0x0000000087500000, 0x0000000087500000|100%| O|  |TAMS 0x0000000087400000, 0x0000000087400000| Untracked 
| 117|0x0000000087500000, 0x0000000087505c00, 0x0000000087600000|  2%| O|  |TAMS 0x0000000087500000, 0x0000000087500000| Untracked 
| 118|0x0000000087600000, 0x0000000087600000, 0x0000000087700000|  0%| F|  |TAMS 0x0000000087600000, 0x0000000087600000| Untracked 
| 119|0x0000000087700000, 0x0000000087700000, 0x0000000087800000|  0%| F|  |TAMS 0x0000000087700000, 0x0000000087700000| Untracked 
| 120|0x0000000087800000, 0x0000000087800000, 0x0000000087900000|  0%| F|  |TAMS 0x0000000087800000, 0x0000000087800000| Untracked 
| 121|0x0000000087900000, 0x0000000087900000, 0x0000000087a00000|  0%| F|  |TAMS 0x0000000087900000, 0x0000000087900000| Untracked 
| 122|0x0000000087a00000, 0x0000000087a00000, 0x0000000087b00000|  0%| F|  |TAMS 0x0000000087a00000, 0x0000000087a00000| Untracked 
| 123|0x0000000087b00000, 0x0000000087b00000, 0x0000000087c00000|  0%| F|  |TAMS 0x0000000087b00000, 0x0000000087b00000| Untracked 
| 124|0x0000000087c00000, 0x0000000087c00000, 0x0000000087d00000|  0%| F|  |TAMS 0x0000000087c00000, 0x0000000087c00000| Untracked 
| 125|0x0000000087d00000, 0x0000000087d00000, 0x0000000087e00000|  0%| F|  |TAMS 0x0000000087d00000, 0x0000000087d00000| Untracked 
| 126|0x0000000087e00000, 0x0000000087e00000, 0x0000000087f00000|  0%| F|  |TAMS 0x0000000087e00000, 0x0000000087e00000| Untracked 
| 127|0x0000000087f00000, 0x0000000087f00000, 0x0000000088000000|  0%| F|  |TAMS 0x0000000087f00000, 0x0000000087f00000| Untracked 
| 128|0x0000000088000000, 0x0000000088000000, 0x0000000088100000|  0%| F|  |TAMS 0x0000000088000000, 0x0000000088000000| Untracked 
| 129|0x0000000088100000, 0x0000000088100000, 0x0000000088200000|  0%| F|  |TAMS 0x0000000088100000, 0x0000000088100000| Untracked 
| 130|0x0000000088200000, 0x0000000088200000, 0x0000000088300000|  0%| F|  |TAMS 0x0000000088200000, 0x0000000088200000| Untracked 
| 131|0x0000000088300000, 0x0000000088300000, 0x0000000088400000|  0%| F|  |TAMS 0x0000000088300000, 0x0000000088300000| Untracked 
| 132|0x0000000088400000, 0x0000000088400000, 0x0000000088500000|  0%| F|  |TAMS 0x0000000088400000, 0x0000000088400000| Untracked 
| 133|0x0000000088500000, 0x0000000088500000, 0x0000000088600000|  0%| F|  |TAMS 0x0000000088500000, 0x0000000088500000| Untracked 
| 134|0x0000000088600000, 0x0000000088600000, 0x0000000088700000|  0%| F|  |TAMS 0x0000000088600000, 0x0000000088600000| Untracked 
| 135|0x0000000088700000, 0x0000000088700000, 0x0000000088800000|  0%| F|  |TAMS 0x0000000088700000, 0x0000000088700000| Untracked 
| 136|0x0000000088800000, 0x0000000088800000, 0x0000000088900000|  0%| F|  |TAMS 0x0000000088800000, 0x0000000088800000| Untracked 
| 137|0x0000000088900000, 0x0000000088900000, 0x0000000088a00000|  0%| F|  |TAMS 0x0000000088900000, 0x0000000088900000| Untracked 
| 138|0x0000000088a00000, 0x0000000088a00000, 0x0000000088b00000|  0%| F|  |TAMS 0x0000000088a00000, 0x0000000088a00000| Untracked 
| 139|0x0000000088b00000, 0x0000000088b00000, 0x0000000088c00000|  0%| F|  |TAMS 0x0000000088b00000, 0x0000000088b00000| Untracked 
| 140|0x0000000088c00000, 0x0000000088c00000, 0x0000000088d00000|  0%| F|  |TAMS 0x0000000088c00000, 0x0000000088c00000| Untracked 
| 141|0x0000000088d00000, 0x0000000088d00000, 0x0000000088e00000|  0%| F|  |TAMS 0x0000000088d00000, 0x0000000088d00000| Untracked 
| 142|0x0000000088e00000, 0x0000000088e00000, 0x0000000088f00000|  0%| F|  |TAMS 0x0000000088e00000, 0x0000000088e00000| Untracked 
| 143|0x0000000088f00000, 0x0000000088f00000, 0x0000000089000000|  0%| F|  |TAMS 0x0000000088f00000, 0x0000000088f00000| Untracked 
| 144|0x0000000089000000, 0x0000000089000000, 0x0000000089100000|  0%| F|  |TAMS 0x0000000089000000, 0x0000000089000000| Untracked 
| 145|0x0000000089100000, 0x0000000089100000, 0x0000000089200000|  0%| F|  |TAMS 0x0000000089100000, 0x0000000089100000| Untracked 
| 146|0x0000000089200000, 0x0000000089200000, 0x0000000089300000|  0%| F|  |TAMS 0x0000000089200000, 0x0000000089200000| Untracked 
| 147|0x0000000089300000, 0x0000000089300000, 0x0000000089400000|  0%| F|  |TAMS 0x0000000089300000, 0x0000000089300000| Untracked 
| 148|0x0000000089400000, 0x0000000089400000, 0x0000000089500000|  0%| F|  |TAMS 0x0000000089400000, 0x0000000089400000| Untracked 
| 149|0x0000000089500000, 0x0000000089500000, 0x0000000089600000|  0%| F|  |TAMS 0x0000000089500000, 0x0000000089500000| Untracked 
| 150|0x0000000089600000, 0x0000000089600000, 0x0000000089700000|  0%| F|  |TAMS 0x0000000089600000, 0x0000000089600000| Untracked 
| 151|0x0000000089700000, 0x00000000897caf30, 0x0000000089800000| 79%| S|CS|TAMS 0x0000000089700000, 0x0000000089700000| Complete 
| 152|0x0000000089800000, 0x0000000089800000, 0x0000000089900000|  0%| F|  |TAMS 0x0000000089800000, 0x0000000089800000| Untracked 
| 153|0x0000000089900000, 0x0000000089900000, 0x0000000089a00000|  0%| F|  |TAMS 0x0000000089900000, 0x0000000089900000| Untracked 
| 154|0x0000000089a00000, 0x0000000089b00000, 0x0000000089b00000|100%| S|CS|TAMS 0x0000000089a00000, 0x0000000089a00000| Complete 
| 155|0x0000000089b00000, 0x0000000089c00000, 0x0000000089c00000|100%| S|CS|TAMS 0x0000000089b00000, 0x0000000089b00000| Complete 
| 156|0x0000000089c00000, 0x0000000089c00000, 0x0000000089d00000|  0%| F|  |TAMS 0x0000000089c00000, 0x0000000089c00000| Untracked 
| 157|0x0000000089d00000, 0x0000000089d00000, 0x0000000089e00000|  0%| F|  |TAMS 0x0000000089d00000, 0x0000000089d00000| Untracked 
| 158|0x0000000089e00000, 0x0000000089e00000, 0x0000000089f00000|  0%| F|  |TAMS 0x0000000089e00000, 0x0000000089e00000| Untracked 
| 159|0x0000000089f00000, 0x0000000089f00000, 0x000000008a000000|  0%| F|  |TAMS 0x0000000089f00000, 0x0000000089f00000| Untracked 
| 160|0x000000008a000000, 0x000000008a000000, 0x000000008a100000|  0%| F|  |TAMS 0x000000008a000000, 0x000000008a000000| Untracked 
| 161|0x000000008a100000, 0x000000008a100000, 0x000000008a200000|  0%| F|  |TAMS 0x000000008a100000, 0x000000008a100000| Untracked 
| 162|0x000000008a200000, 0x000000008a200000, 0x000000008a300000|  0%| F|  |TAMS 0x000000008a200000, 0x000000008a200000| Untracked 
| 163|0x000000008a300000, 0x000000008a300000, 0x000000008a400000|  0%| F|  |TAMS 0x000000008a300000, 0x000000008a300000| Untracked 
| 164|0x000000008a400000, 0x000000008a400000, 0x000000008a500000|  0%| F|  |TAMS 0x000000008a400000, 0x000000008a400000| Untracked 
| 165|0x000000008a500000, 0x000000008a500000, 0x000000008a600000|  0%| F|  |TAMS 0x000000008a500000, 0x000000008a500000| Untracked 
| 166|0x000000008a600000, 0x000000008a600000, 0x000000008a700000|  0%| F|  |TAMS 0x000000008a600000, 0x000000008a600000| Untracked 
| 167|0x000000008a700000, 0x000000008a700000, 0x000000008a800000|  0%| F|  |TAMS 0x000000008a700000, 0x000000008a700000| Untracked 
| 168|0x000000008a800000, 0x000000008a800000, 0x000000008a900000|  0%| F|  |TAMS 0x000000008a800000, 0x000000008a800000| Untracked 
| 169|0x000000008a900000, 0x000000008a900000, 0x000000008aa00000|  0%| F|  |TAMS 0x000000008a900000, 0x000000008a900000| Untracked 
| 170|0x000000008aa00000, 0x000000008aa00000, 0x000000008ab00000|  0%| F|  |TAMS 0x000000008aa00000, 0x000000008aa00000| Untracked 
| 171|0x000000008ab00000, 0x000000008ab00000, 0x000000008ac00000|  0%| F|  |TAMS 0x000000008ab00000, 0x000000008ab00000| Untracked 
| 172|0x000000008ac00000, 0x000000008ac00000, 0x000000008ad00000|  0%| F|  |TAMS 0x000000008ac00000, 0x000000008ac00000| Untracked 
| 173|0x000000008ad00000, 0x000000008ad00000, 0x000000008ae00000|  0%| F|  |TAMS 0x000000008ad00000, 0x000000008ad00000| Untracked 
| 174|0x000000008ae00000, 0x000000008ae00000, 0x000000008af00000|  0%| F|  |TAMS 0x000000008ae00000, 0x000000008ae00000| Untracked 
| 175|0x000000008af00000, 0x000000008af00000, 0x000000008b000000|  0%| F|  |TAMS 0x000000008af00000, 0x000000008af00000| Untracked 
| 176|0x000000008b000000, 0x000000008b000000, 0x000000008b100000|  0%| F|  |TAMS 0x000000008b000000, 0x000000008b000000| Untracked 
| 177|0x000000008b100000, 0x000000008b100000, 0x000000008b200000|  0%| F|  |TAMS 0x000000008b100000, 0x000000008b100000| Untracked 
| 178|0x000000008b200000, 0x000000008b200000, 0x000000008b300000|  0%| F|  |TAMS 0x000000008b200000, 0x000000008b200000| Untracked 
| 179|0x000000008b300000, 0x000000008b300000, 0x000000008b400000|  0%| F|  |TAMS 0x000000008b300000, 0x000000008b300000| Untracked 
| 180|0x000000008b400000, 0x000000008b400000, 0x000000008b500000|  0%| F|  |TAMS 0x000000008b400000, 0x000000008b400000| Untracked 
| 181|0x000000008b500000, 0x000000008b500000, 0x000000008b600000|  0%| F|  |TAMS 0x000000008b500000, 0x000000008b500000| Untracked 
| 182|0x000000008b600000, 0x000000008b600000, 0x000000008b700000|  0%| F|  |TAMS 0x000000008b600000, 0x000000008b600000| Untracked 
| 183|0x000000008b700000, 0x000000008b700000, 0x000000008b800000|  0%| F|  |TAMS 0x000000008b700000, 0x000000008b700000| Untracked 
| 184|0x000000008b800000, 0x000000008b800000, 0x000000008b900000|  0%| F|  |TAMS 0x000000008b800000, 0x000000008b800000| Untracked 
| 185|0x000000008b900000, 0x000000008b900000, 0x000000008ba00000|  0%| F|  |TAMS 0x000000008b900000, 0x000000008b900000| Untracked 
| 186|0x000000008ba00000, 0x000000008ba00000, 0x000000008bb00000|  0%| F|  |TAMS 0x000000008ba00000, 0x000000008ba00000| Untracked 
| 187|0x000000008bb00000, 0x000000008bb00000, 0x000000008bc00000|  0%| F|  |TAMS 0x000000008bb00000, 0x000000008bb00000| Untracked 
| 188|0x000000008bc00000, 0x000000008bc00000, 0x000000008bd00000|  0%| F|  |TAMS 0x000000008bc00000, 0x000000008bc00000| Untracked 
| 189|0x000000008bd00000, 0x000000008bd00000, 0x000000008be00000|  0%| F|  |TAMS 0x000000008bd00000, 0x000000008bd00000| Untracked 
| 190|0x000000008be00000, 0x000000008be00000, 0x000000008bf00000|  0%| F|  |TAMS 0x000000008be00000, 0x000000008be00000| Untracked 
| 191|0x000000008bf00000, 0x000000008bf00000, 0x000000008c000000|  0%| F|  |TAMS 0x000000008bf00000, 0x000000008bf00000| Untracked 
| 192|0x000000008c000000, 0x000000008c000000, 0x000000008c100000|  0%| F|  |TAMS 0x000000008c000000, 0x000000008c000000| Untracked 
| 193|0x000000008c100000, 0x000000008c100000, 0x000000008c200000|  0%| F|  |TAMS 0x000000008c100000, 0x000000008c100000| Untracked 
| 194|0x000000008c200000, 0x000000008c200000, 0x000000008c300000|  0%| F|  |TAMS 0x000000008c200000, 0x000000008c200000| Untracked 
| 195|0x000000008c300000, 0x000000008c300000, 0x000000008c400000|  0%| F|  |TAMS 0x000000008c300000, 0x000000008c300000| Untracked 
| 196|0x000000008c400000, 0x000000008c400000, 0x000000008c500000|  0%| F|  |TAMS 0x000000008c400000, 0x000000008c400000| Untracked 
| 197|0x000000008c500000, 0x000000008c500000, 0x000000008c600000|  0%| F|  |TAMS 0x000000008c500000, 0x000000008c500000| Untracked 
| 198|0x000000008c600000, 0x000000008c600000, 0x000000008c700000|  0%| F|  |TAMS 0x000000008c600000, 0x000000008c600000| Untracked 
| 199|0x000000008c700000, 0x000000008c700000, 0x000000008c800000|  0%| F|  |TAMS 0x000000008c700000, 0x000000008c700000| Untracked 
| 200|0x000000008c800000, 0x000000008c800000, 0x000000008c900000|  0%| F|  |TAMS 0x000000008c800000, 0x000000008c800000| Untracked 
| 201|0x000000008c900000, 0x000000008c900000, 0x000000008ca00000|  0%| F|  |TAMS 0x000000008c900000, 0x000000008c900000| Untracked 
| 202|0x000000008ca00000, 0x000000008ca00000, 0x000000008cb00000|  0%| F|  |TAMS 0x000000008ca00000, 0x000000008ca00000| Untracked 
| 203|0x000000008cb00000, 0x000000008cb00000, 0x000000008cc00000|  0%| F|  |TAMS 0x000000008cb00000, 0x000000008cb00000| Untracked 

Card table byte_map: [0x0000021b616c0000,0x0000021b61ac0000] _byte_map_base: 0x0000021b612c0000

Marking Bits (Prev, Next): (CMBitMap*) 0x0000021b4e4f5e78, (CMBitMap*) 0x0000021b4e4f5eb0
 Prev Bits: [0x0000021b61ec0000, 0x0000021b63ec0000)
 Next Bits: [0x0000021b63ec0000, 0x0000021b65ec0000)

Polling page: 0x0000021b4dc80000

Metaspace:

Usage:
  Non-class:     88.82 MB capacity,    87.25 MB ( 98%) used,     1.26 MB (  1%) free+waste,   317.38 KB ( <1%) overhead. 
      Class:     13.99 MB capacity,    13.01 MB ( 93%) used,   857.64 KB (  6%) free+waste,   143.69 KB (  1%) overhead. 
       Both:    102.81 MB capacity,   100.26 MB ( 98%) used,     2.10 MB (  2%) free+waste,   461.06 KB ( <1%) overhead. 

Virtual space:
  Non-class space:       90.00 MB reserved,      89.00 MB ( 99%) committed 
      Class space:        1.00 GB reserved,      14.07 MB (  1%) committed 
             Both:        1.09 GB reserved,     103.07 MB (  9%) committed 

Chunk freelists:
   Non-Class:  52.00 KB
       Class:  77.00 KB
        Both:  129.00 KB

MaxMetaspaceSize: 17179869184.00 GB
CompressedClassSpaceSize: 1.00 GB

CodeHeap 'non-profiled nmethods': size=120000Kb used=5904Kb max_used=5904Kb free=114095Kb
 bounds [0x0000021b59a60000, 0x0000021b5a030000, 0x0000021b60f90000]
CodeHeap 'profiled nmethods': size=120000Kb used=27223Kb max_used=27223Kb free=92776Kb
 bounds [0x0000021b52530000, 0x0000021b53fd0000, 0x0000021b59a60000]
CodeHeap 'non-nmethods': size=5760Kb used=2309Kb max_used=2346Kb free=3450Kb
 bounds [0x0000021b51f90000, 0x0000021b52200000, 0x0000021b52530000]
 total_blobs=13519 nmethods=12599 adapters=831
 compilation: enabled
              stopped_count=0, restarted_count=0
 full_count=0

Compilation events (20 events):
Event: 30.388 Thread 0x0000021b6892f800 nmethod 12998 0x0000021b53faa810 code [0x0000021b53faa9e0, 0x0000021b53faace8]
Event: 30.388 Thread 0x0000021b6892f800 12916       3       com.android.tools.r8.internal.Fg::a (22 bytes)
Event: 30.389 Thread 0x0000021b6892f800 nmethod 12916 0x0000021b53faae10 code [0x0000021b53faafe0, 0x0000021b53fab2c8]
Event: 30.389 Thread 0x0000021b6892f800 12933       3       com.android.tools.r8.internal.Fg::a (26 bytes)
Event: 30.390 Thread 0x0000021b6892f800 nmethod 12933 0x0000021b53fab410 code [0x0000021b53fab640, 0x0000021b53fabdd8]
Event: 30.390 Thread 0x0000021b6892f800 12911       3       com.android.tools.r8.graph.e0$$Lambda$1473/0x0000000100d45040::a (5 bytes)
Event: 30.391 Thread 0x0000021b6892f800 nmethod 12911 0x0000021b53fac010 code [0x0000021b53fac2c0, 0x0000021b53fad028]
Event: 30.391 Thread 0x0000021b6892f800 12872       3       com.android.tools.r8.internal.ja::c (36 bytes)
Event: 30.392 Thread 0x0000021b6892f800 nmethod 12872 0x0000021b53fad490 code [0x0000021b53fad640, 0x0000021b53fad838]
Event: 30.392 Thread 0x0000021b6892f800 12913       3       com.android.tools.r8.internal.W4::e (8 bytes)
Event: 30.392 Thread 0x0000021b6892f800 nmethod 12913 0x0000021b53fad990 code [0x0000021b53fadb40, 0x0000021b53fadc78]
Event: 30.392 Thread 0x0000021b6892f800 12908       3       com.android.tools.r8.internal.h2::a (95 bytes)
Event: 30.401 Thread 0x0000021b6892f800 nmethod 12908 0x0000021b53fadd10 code [0x0000021b53fadf60, 0x0000021b53fae948]
Event: 30.401 Thread 0x0000021b6892f800 13008 %     3       com.android.tools.r8.internal.W4::a @ 90 (366 bytes)
Event: 30.403 Thread 0x0000021b6892f800 nmethod 13008% 0x0000021b53faed10 code [0x0000021b53faf240, 0x0000021b53fb21d8]
Event: 30.403 Thread 0x0000021b6892f800 13005       3       com.android.tools.r8.internal.Kv::a (1305 bytes)
Event: 30.424 Thread 0x0000021b6892f800 nmethod 13005 0x0000021b53fb2e10 code [0x0000021b53fb3fe0, 0x0000021b53fc08f8]
Event: 30.424 Thread 0x0000021b6892f800 13012       3       java.util.Collection::removeIf (51 bytes)
Event: 30.424 Thread 0x0000021b6892f800 nmethod 13012 0x0000021b53fc5390 code [0x0000021b53fc55c0, 0x0000021b53fc5d38]
Event: 30.425 Thread 0x0000021b6892f800 13021 %     3       com.android.tools.r8.internal.ja::a @ 229 (1420 bytes)

GC Heap History (20 events):
Event: 26.367 GC heap after
{Heap after GC invocations=44 (full 0):
 garbage-first heap   total 172032K, used 83038K [0x0000000080000000, 0x0000000100000000)
  region size 1024K, 5 young (5120K), 5 survivors (5120K)
 Metaspace       used 90506K, capacity 92676K, committed 93132K, reserved 1130496K
  class space    used 11592K, capacity 12354K, committed 12492K, reserved 1048576K
}
Event: 26.764 GC heap before
{Heap before GC invocations=44 (full 0):
 garbage-first heap   total 172032K, used 130142K [0x0000000080000000, 0x0000000100000000)
  region size 1024K, 52 young (53248K), 5 survivors (5120K)
 Metaspace       used 91906K, capacity 94029K, committed 94284K, reserved 1130496K
  class space    used 11760K, capacity 12527K, committed 12620K, reserved 1048576K
}
Event: 26.776 GC heap after
{Heap after GC invocations=45 (full 0):
 garbage-first heap   total 172032K, used 94196K [0x0000000080000000, 0x0000000100000000)
  region size 1024K, 7 young (7168K), 7 survivors (7168K)
 Metaspace       used 91906K, capacity 94029K, committed 94284K, reserved 1130496K
  class space    used 11760K, capacity 12527K, committed 12620K, reserved 1048576K
}
Event: 27.194 GC heap before
{Heap before GC invocations=46 (full 0):
 garbage-first heap   total 172032K, used 133108K [0x0000000080000000, 0x0000000100000000)
  region size 1024K, 46 young (47104K), 7 survivors (7168K)
 Metaspace       used 94372K, capacity 96641K, committed 96716K, reserved 1132544K
  class space    used 12108K, capacity 12945K, committed 13004K, reserved 1048576K
}
Event: 27.209 GC heap after
{Heap after GC invocations=47 (full 0):
 garbage-first heap   total 172032K, used 97280K [0x0000000080000000, 0x0000000100000000)
  region size 1024K, 6 young (6144K), 6 survivors (6144K)
 Metaspace       used 94372K, capacity 96641K, committed 96716K, reserved 1132544K
  class space    used 12108K, capacity 12945K, committed 13004K, reserved 1048576K
}
Event: 27.442 GC heap before
{Heap before GC invocations=47 (full 0):
 garbage-first heap   total 172032K, used 136192K [0x0000000080000000, 0x0000000100000000)
  region size 1024K, 44 young (45056K), 6 survivors (6144K)
 Metaspace       used 95975K, capacity 98388K, committed 98508K, reserved 1134592K
  class space    used 12334K, capacity 13205K, committed 13260K, reserved 1048576K
}
Event: 27.465 GC heap after
{Heap after GC invocations=48 (full 0):
 garbage-first heap   total 172032K, used 104117K [0x0000000080000000, 0x0000000100000000)
  region size 1024K, 6 young (6144K), 6 survivors (6144K)
 Metaspace       used 95975K, capacity 98388K, committed 98508K, reserved 1134592K
  class space    used 12334K, capacity 13205K, committed 13260K, reserved 1048576K
}
Event: 27.626 GC heap before
{Heap before GC invocations=48 (full 0):
 garbage-first heap   total 172032K, used 137909K [0x0000000080000000, 0x0000000100000000)
  region size 1024K, 39 young (39936K), 6 survivors (6144K)
 Metaspace       used 96551K, capacity 98888K, committed 99148K, reserved 1134592K
  class space    used 12378K, capacity 13240K, committed 13388K, reserved 1048576K
}
Event: 27.648 GC heap after
{Heap after GC invocations=49 (full 0):
 garbage-first heap   total 208896K, used 110575K [0x0000000080000000, 0x0000000100000000)
  region size 1024K, 5 young (5120K), 5 survivors (5120K)
 Metaspace       used 96551K, capacity 98888K, committed 99148K, reserved 1134592K
  class space    used 12378K, capacity 13240K, committed 13388K, reserved 1048576K
}
Event: 28.249 GC heap before
{Heap before GC invocations=50 (full 0):
 garbage-first heap   total 208896K, used 155631K [0x0000000080000000, 0x0000000100000000)
  region size 1024K, 49 young (50176K), 5 survivors (5120K)
 Metaspace       used 98151K, capacity 100702K, committed 101068K, reserved 1136640K
  class space    used 12717K, capacity 13660K, committed 13772K, reserved 1048576K
}
Event: 28.293 GC heap after
{Heap after GC invocations=51 (full 0):
 garbage-first heap   total 208896K, used 118551K [0x0000000080000000, 0x0000000100000000)
  region size 1024K, 7 young (7168K), 7 survivors (7168K)
 Metaspace       used 98151K, capacity 100702K, committed 101068K, reserved 1136640K
  class space    used 12717K, capacity 13660K, committed 13772K, reserved 1048576K
}
Event: 28.941 GC heap before
{Heap before GC invocations=51 (full 0):
 garbage-first heap   total 208896K, used 161559K [0x0000000080000000, 0x0000000100000000)
  region size 1024K, 49 young (50176K), 7 survivors (7168K)
 Metaspace       used 100687K, capacity 103403K, committed 103628K, reserved 1138688K
  class space    used 13164K, capacity 14178K, committed 14284K, reserved 1048576K
}
Event: 29.108 GC heap after
{Heap after GC invocations=52 (full 0):
 garbage-first heap   total 208896K, used 120926K [0x0000000080000000, 0x0000000100000000)
  region size 1024K, 3 young (3072K), 3 survivors (3072K)
 Metaspace       used 100687K, capacity 103403K, committed 103628K, reserved 1138688K
  class space    used 13164K, capacity 14178K, committed 14284K, reserved 1048576K
}
Event: 29.402 GC heap before
{Heap before GC invocations=52 (full 0):
 garbage-first heap   total 208896K, used 163934K [0x0000000080000000, 0x0000000100000000)
  region size 1024K, 45 young (46080K), 3 survivors (3072K)
 Metaspace       used 101123K, capacity 103790K, committed 103884K, reserved 1138688K
  class space    used 13206K, capacity 14215K, committed 14284K, reserved 1048576K
}
Event: 29.408 GC heap after
{Heap after GC invocations=53 (full 0):
 garbage-first heap   total 208896K, used 121333K [0x0000000080000000, 0x0000000100000000)
  region size 1024K, 3 young (3072K), 3 survivors (3072K)
 Metaspace       used 101123K, capacity 103790K, committed 103884K, reserved 1138688K
  class space    used 13206K, capacity 14215K, committed 14284K, reserved 1048576K
}
Event: 29.705 GC heap before
{Heap before GC invocations=54 (full 0):
 garbage-first heap   total 208896K, used 166389K [0x0000000080000000, 0x0000000100000000)
  region size 1024K, 47 young (48128K), 3 survivors (3072K)
 Metaspace       used 101109K, capacity 103653K, committed 104140K, reserved 1138688K
  class space    used 13159K, capacity 14092K, committed 14284K, reserved 1048576K
}
Event: 29.710 GC heap after
{Heap after GC invocations=55 (full 0):
 garbage-first heap   total 208896K, used 121458K [0x0000000080000000, 0x0000000100000000)
  region size 1024K, 3 young (3072K), 3 survivors (3072K)
 Metaspace       used 101109K, capacity 103653K, committed 104140K, reserved 1138688K
  class space    used 13159K, capacity 14092K, committed 14284K, reserved 1048576K
}
Event: 30.001 GC heap before
{Heap before GC invocations=55 (full 0):
 garbage-first heap   total 208896K, used 167538K [0x0000000080000000, 0x0000000100000000)
  region size 1024K, 48 young (49152K), 3 survivors (3072K)
 Metaspace       used 102029K, capacity 104606K, committed 105036K, reserved 1140736K
  class space    used 13285K, capacity 14261K, committed 14412K, reserved 1048576K
}
Event: 30.011 GC heap after
{Heap after GC invocations=56 (full 0):
 garbage-first heap   total 208896K, used 122544K [0x0000000080000000, 0x0000000100000000)
  region size 1024K, 4 young (4096K), 4 survivors (4096K)
 Metaspace       used 102029K, capacity 104606K, committed 105036K, reserved 1140736K
  class space    used 13285K, capacity 14261K, committed 14412K, reserved 1048576K
}
Event: 30.425 GC heap before
{Heap before GC invocations=57 (full 0):
 garbage-first heap   total 208896K, used 169648K [0x0000000080000000, 0x0000000100000000)
  region size 1024K, 50 young (51200K), 4 survivors (4096K)
 Metaspace       used 102668K, capacity 105279K, committed 105548K, reserved 1140736K
  class space    used 13321K, capacity 14323K, committed 14412K, reserved 1048576K
}

Deoptimization events (20 events):
Event: 30.147 Thread 0x0000021b69742800 Uncommon trap: trap_request=0xffffffde fr.pc=0x0000021b5a014608 relative=0x00000000000003a8
Event: 30.147 Thread 0x0000021b69742800 Uncommon trap: reason=class_check action=maybe_recompile pc=0x0000021b5a014608 method=java.util.Spliterators$IteratorSpliterator.tryAdvance(Ljava/util/function/Consumer;)Z @ 68 c2
Event: 30.147 Thread 0x0000021b69742800 DEOPT PACKING pc=0x0000021b5a014608 sp=0x000000fccc8f3840
Event: 30.147 Thread 0x0000021b69742800 DEOPT UNPACKING pc=0x0000021b51fb78af sp=0x000000fccc8f37d8 mode 2
Event: 30.168 Thread 0x0000021b6a343800 Uncommon trap: trap_request=0xffffffe4 fr.pc=0x0000021b5a013cfc relative=0x00000000000002bc
Event: 30.168 Thread 0x0000021b6a343800 Uncommon trap: reason=range_check action=make_not_entrant pc=0x0000021b5a013cfc method=com.android.tools.r8.graph.c0.a(Lcom/android/tools/r8/graph/c0;)I @ 26 c2
Event: 30.168 Thread 0x0000021b6a343800 DEOPT PACKING pc=0x0000021b5a013cfc sp=0x000000fcce5f9f50
Event: 30.168 Thread 0x0000021b6a343800 DEOPT UNPACKING pc=0x0000021b51fb78af sp=0x000000fcce5f9ed0 mode 2
Event: 30.179 Thread 0x0000021b6a343800 Uncommon trap: trap_request=0xffffffde fr.pc=0x0000021b59fef4c4 relative=0x0000000000000244
Event: 30.179 Thread 0x0000021b6a343800 Uncommon trap: reason=class_check action=maybe_recompile pc=0x0000021b59fef4c4 method=com.android.tools.r8.internal.BE.a(Lcom/android/tools/r8/internal/BE;Lcom/android/tools/r8/internal/e8;)I @ 19 c2
Event: 30.179 Thread 0x0000021b6a343800 DEOPT PACKING pc=0x0000021b59fef4c4 sp=0x000000fcce5fa080
Event: 30.179 Thread 0x0000021b6a343800 DEOPT UNPACKING pc=0x0000021b51fb78af sp=0x000000fcce5fa018 mode 2
Event: 30.179 Thread 0x0000021b6a343800 Uncommon trap: trap_request=0xffffffde fr.pc=0x0000021b59fef4c4 relative=0x0000000000000244
Event: 30.179 Thread 0x0000021b6a343800 Uncommon trap: reason=class_check action=maybe_recompile pc=0x0000021b59fef4c4 method=com.android.tools.r8.internal.BE.a(Lcom/android/tools/r8/internal/BE;Lcom/android/tools/r8/internal/e8;)I @ 19 c2
Event: 30.179 Thread 0x0000021b6a343800 DEOPT PACKING pc=0x0000021b59fef4c4 sp=0x000000fcce5fa080
Event: 30.179 Thread 0x0000021b6a343800 DEOPT UNPACKING pc=0x0000021b51fb78af sp=0x000000fcce5fa018 mode 2
Event: 30.297 Thread 0x0000021b6a345800 DEOPT PACKING pc=0x0000021b53d6d300 sp=0x000000fcce4f92c0
Event: 30.297 Thread 0x0000021b6a345800 DEOPT UNPACKING pc=0x0000021b51fb76ce sp=0x000000fcce4f8950 mode 0
Event: 30.327 Thread 0x0000021b6a345800 DEOPT PACKING pc=0x0000021b53d5d001 sp=0x000000fcce4f9180
Event: 30.327 Thread 0x0000021b6a345800 DEOPT UNPACKING pc=0x0000021b51fb76ce sp=0x000000fcce4f8958 mode 0

Classes redefined (0 events):
No events

Internal exceptions (20 events):
Event: 28.150 Thread 0x0000021b6a343800 Exception <a 'java/lang/IncompatibleClassChangeError'{0x000000008ab5fc30}: Found class java.lang.Object, but interface was expected> (0x000000008ab5fc30) thrown at [./src/hotspot/share/interpreter/linkResolver.cpp, line 839]
Event: 28.152 Thread 0x0000021b6a343800 Exception <a 'java/lang/IncompatibleClassChangeError'{0x000000008abbf3b8}: Found class java.lang.Object, but interface was expected> (0x000000008abbf3b8) thrown at [./src/hotspot/share/interpreter/linkResolver.cpp, line 839]
Event: 28.330 Thread 0x0000021b6a345800 Exception <a 'java/lang/NoSuchMethodError'{0x000000008c901030}: 'void java.lang.invoke.DirectMethodHandle$Holder.invokeVirtual(java.lang.Object, java.lang.Object, int, java.lang.Object)'> (0x000000008c901030) thrown at [./src/hotspot/share/interpreter/linkResolver.cpp, line 773]
Event: 28.330 Thread 0x0000021b6a348800 Exception <a 'java/lang/NoSuchMethodError'{0x000000008c920558}: 'void java.lang.invoke.DirectMethodHandle$Holder.invokeVirtual(java.lang.Object, java.lang.Object, int, java.lang.Object)'> (0x000000008c920558) thrown at [./src/hotspot/share/interpreter/linkResolver.cpp, line 773]
Event: 28.338 Thread 0x0000021b69742800 Exception <a 'java/lang/NoSuchMethodError'{0x000000008ca6c438}: 'void java.lang.invoke.DirectMethodHandle$Holder.invokeVirtual(java.lang.Object, java.lang.Object, int, java.lang.Object)'> (0x000000008ca6c438) thrown at [./src/hotspot/share/interpreter/linkResolver.cpp, line 773]
Event: 28.585 Thread 0x0000021b6a345800 Exception <a 'java/lang/NoSuchMethodError'{0x000000008c4cb470}: 'java.lang.Object java.lang.invoke.DirectMethodHandle$Holder.newInvokeSpecial(java.lang.Object, int)'> (0x000000008c4cb470) thrown at [./src/hotspot/share/interpreter/linkResolver.cpp, line 773]
Event: 28.585 Thread 0x0000021b69742800 Exception <a 'java/lang/NoSuchMethodError'{0x000000008c4633e0}: 'java.lang.Object java.lang.invoke.DirectMethodHandle$Holder.newInvokeSpecial(java.lang.Object, int)'> (0x000000008c4633e0) thrown at [./src/hotspot/share/interpreter/linkResolver.cpp, line 773]
Event: 28.585 Thread 0x0000021b6a346000 Exception <a 'java/lang/NoSuchMethodError'{0x000000008c567460}: 'java.lang.Object java.lang.invoke.DirectMethodHandle$Holder.newInvokeSpecial(java.lang.Object, int)'> (0x000000008c567460) thrown at [./src/hotspot/share/interpreter/linkResolver.cpp, line 773]
Event: 28.585 Thread 0x0000021b6a347800 Exception <a 'java/lang/NoSuchMethodError'{0x000000008c433200}: 'java.lang.Object java.lang.invoke.DirectMethodHandle$Holder.newInvokeSpecial(java.lang.Object, int)'> (0x000000008c433200) thrown at [./src/hotspot/share/interpreter/linkResolver.cpp, line 773]
Event: 28.585 Thread 0x0000021b6a347000 Exception <a 'java/lang/NoSuchMethodError'{0x000000008c4f0658}: 'java.lang.Object java.lang.invoke.DirectMethodHandle$Holder.newInvokeSpecial(java.lang.Object, int)'> (0x000000008c4f0658) thrown at [./src/hotspot/share/interpreter/linkResolver.cpp, line 773]
Event: 28.585 Thread 0x0000021b6a348800 Exception <a 'java/lang/NoSuchMethodError'{0x000000008c4db9a0}: 'java.lang.Object java.lang.invoke.DirectMethodHandle$Holder.newInvokeSpecial(java.lang.Object, int)'> (0x000000008c4db9a0) thrown at [./src/hotspot/share/interpreter/linkResolver.cpp, line 773]
Event: 28.585 Thread 0x0000021b6a343800 Exception <a 'java/lang/NoSuchMethodError'{0x000000008c4e5330}: 'java.lang.Object java.lang.invoke.DirectMethodHandle$Holder.newInvokeSpecial(java.lang.Object, int)'> (0x000000008c4e5330) thrown at [./src/hotspot/share/interpreter/linkResolver.cpp, line 773]
Event: 28.738 Thread 0x0000021b69742800 Exception <a 'java/lang/NoSuchMethodError'{0x000000008bd52b08}: 'java.lang.Object java.lang.invoke.DirectMethodHandle$Holder.invokeInterface(java.lang.Object, java.lang.Object, int)'> (0x000000008bd52b08) thrown at [./src/hotspot/share/interpreter/linkResolver.cpp, line 773]
Event: 29.191 Thread 0x0000021b6a343800 Exception <a 'java/lang/NoSuchMethodError'{0x000000008bf9d6e0}: 'int java.lang.invoke.DirectMethodHandle$Holder.invokeInterface(java.lang.Object, java.lang.Object, int)'> (0x000000008bf9d6e0) thrown at [./src/hotspot/share/interpreter/linkResolver.cpp, line 773]
Event: 29.849 Thread 0x0000021b6a343800 Exception <a 'java/lang/NoSuchMethodError'{0x000000008b43b1a8}: 'void java.lang.invoke.DirectMethodHandle$Holder.invokeSpecial(java.lang.Object, java.lang.Object, int, java.lang.Object, java.lang.Object, java.lang.Object, java.lang.Object)'> (0x000000008b43b1a8) thrown at [./src/hotspot/share/interpreter/linkResolver.cpp, line 773]
Event: 29.851 Thread 0x0000021b6a343800 Exception <a 'java/lang/NoSuchMethodError'{0x000000008b446da8}: 'java.lang.Object java.lang.invoke.Invokers$Holder.linkToTargetMethod(java.lang.Object, int, java.lang.Object, java.lang.Object, java.lang.Object, java.lang.Object)'> (0x000000008b446da8) thrown at [./src/hotspot/share/interpreter/linkResolver.cpp, line 773]
Event: 29.852 Thread 0x0000021b6a343800 Exception <a 'java/lang/NoSuchMethodError'{0x000000008b44b258}: 'void java.lang.invoke.DirectMethodHandle$Holder.invokeSpecial(java.lang.Object, java.lang.Object, java.lang.Object, java.lang.Object, java.lang.Object, java.lang.Object, java.lang.Object, java.lang.Object, java.lang.Object)'> (0x000000008b44b258) thrown at [./src/hotspot/share/interpreter/linkResolver.cpp, line 773]
Event: 29.857 Thread 0x0000021b6a343800 Exception <a 'java/lang/NoSuchMethodError'{0x000000008b3761a8}: 'void java.lang.invoke.DirectMethodHandle$Holder.invokeStatic(java.lang.Object, java.lang.Object, java.lang.Object, java.lang.Object, java.lang.Object, java.lang.Object, java.lang.Object, java.lang.Object)'> (0x000000008b3761a8) thrown at [./src/hotspot/share/interpreter/linkResolver.cpp, line 773]
Event: 30.064 Thread 0x0000021b6a343800 Exception <a 'java/lang/IncompatibleClassChangeError'{0x000000008c752c30}: Found class java.lang.Object, but interface was expected> (0x000000008c752c30) thrown at [./src/hotspot/share/interpreter/linkResolver.cpp, line 839]
Event: 30.355 Thread 0x0000021b6a343800 Exception <a 'java/lang/NoSuchMethodError'{0x000000008b19a680}: 'void java.lang.invoke.DirectMethodHandle$Holder.invokeVirtual(java.lang.Object, java.lang.Object, int)'> (0x000000008b19a680) thrown at [./src/hotspot/share/interpreter/linkResolver.cpp, line 773]

Events (20 events):
Event: 30.411 loading class com/android/tools/r8/dex/m done
Event: 30.413 loading class com/android/tools/r8/graph/Z
Event: 30.413 loading class com/android/tools/r8/graph/Z done
Event: 30.413 loading class com/android/tools/r8/dex/m
Event: 30.413 loading class com/android/tools/r8/dex/m done
Event: 30.413 loading class com/android/tools/r8/graph/y
Event: 30.413 loading class com/android/tools/r8/graph/y done
Event: 30.413 loading class com/android/tools/r8/graph/y
Event: 30.413 loading class com/android/tools/r8/graph/y done
Event: 30.413 loading class com/android/tools/r8/dex/m
Event: 30.413 loading class com/android/tools/r8/dex/m done
Event: 30.414 loading class com/android/tools/r8/graph/Y
Event: 30.414 loading class com/android/tools/r8/graph/Y done
Event: 30.414 loading class com/android/tools/r8/graph/Y
Event: 30.414 loading class com/android/tools/r8/graph/Y done
Event: 30.414 loading class com/android/tools/r8/dex/m
Event: 30.414 loading class com/android/tools/r8/dex/m done
Event: 30.415 loading class java/util/zip/Adler32
Event: 30.417 loading class java/util/zip/Adler32 done
Event: 30.425 Executing VM operation: G1CollectForAllocation


Dynamic libraries:
0x00007ff639d10000 - 0x00007ff639d1a000 	C:\Program Files\Android\Android Studio\jre\bin\java.exe
0x00007ffb5db00000 - 0x00007ffb5dcf0000 	C:\Windows\SYSTEM32\ntdll.dll
0x00007ffb5d5e0000 - 0x00007ffb5d692000 	C:\Windows\System32\KERNEL32.DLL
0x00007ffb5ab20000 - 0x00007ffb5adc5000 	C:\Windows\System32\KERNELBASE.dll
0x00007ffb5b710000 - 0x00007ffb5b80a000 	C:\Windows\System32\ucrtbase.dll
0x00007ffb53540000 - 0x00007ffb53559000 	C:\Program Files\Android\Android Studio\jre\bin\jli.dll
0x00007ffb557d0000 - 0x00007ffb557e7000 	C:\Program Files\Android\Android Studio\jre\bin\VCRUNTIME140.dll
0x00007ffb5bd90000 - 0x00007ffb5bf24000 	C:\Windows\System32\USER32.dll
0x00007ffb5b6e0000 - 0x00007ffb5b701000 	C:\Windows\System32\win32u.dll
0x00007ffb5bd60000 - 0x00007ffb5bd86000 	C:\Windows\System32\GDI32.dll
0x00007ffb5b810000 - 0x00007ffb5b9a8000 	C:\Windows\System32\gdi32full.dll
0x00007ffb49f10000 - 0x00007ffb4a194000 	C:\Windows\WinSxS\amd64_microsoft.windows.common-controls_6595b64144ccf1df_6.0.18362.1556_none_9e7e372fe45e41d5\COMCTL32.dll
0x00007ffb5b9b0000 - 0x00007ffb5ba4e000 	C:\Windows\System32\msvcp_win.dll
0x00007ffb5c900000 - 0x00007ffb5c99e000 	C:\Windows\System32\msvcrt.dll
0x00007ffb5d290000 - 0x00007ffb5d5c6000 	C:\Windows\System32\combase.dll
0x00007ffb5c7e0000 - 0x00007ffb5c8ff000 	C:\Windows\System32\RPCRT4.dll
0x00007ffb5b600000 - 0x00007ffb5b681000 	C:\Windows\System32\bcryptPrimitives.dll
0x00007ffb5cac0000 - 0x00007ffb5caee000 	C:\Windows\System32\IMM32.DLL
0x00007ffb2d6d0000 - 0x00007ffb2d76d000 	C:\Program Files\Android\Android Studio\jre\bin\msvcp140.dll
0x00007ffb10190000 - 0x00007ffb10c5f000 	C:\Program Files\Android\Android Studio\jre\bin\server\jvm.dll
0x00007ffb5caf0000 - 0x00007ffb5cb93000 	C:\Windows\System32\ADVAPI32.dll
0x00007ffb5ca20000 - 0x00007ffb5cab7000 	C:\Windows\System32\sechost.dll
0x00007ffb5dab0000 - 0x00007ffb5dab8000 	C:\Windows\System32\PSAPI.DLL
0x00007ffb55870000 - 0x00007ffb55879000 	C:\Windows\SYSTEM32\WSOCK32.dll
0x00007ffb584a0000 - 0x00007ffb584c4000 	C:\Windows\SYSTEM32\WINMM.dll
0x00007ffb51ad0000 - 0x00007ffb51ada000 	C:\Windows\SYSTEM32\VERSION.dll
0x00007ffb5d080000 - 0x00007ffb5d0ef000 	C:\Windows\System32\WS2_32.dll
0x00007ffb58470000 - 0x00007ffb5849d000 	C:\Windows\SYSTEM32\WINMMBASE.dll
0x00007ffb5b690000 - 0x00007ffb5b6da000 	C:\Windows\System32\cfgmgr32.dll
0x00007ffb5a9c0000 - 0x00007ffb5a9d1000 	C:\Windows\System32\kernel.appcore.dll
0x00007ffb53310000 - 0x00007ffb53321000 	C:\Program Files\Android\Android Studio\jre\bin\verify.dll
0x00007ffb4cdc0000 - 0x00007ffb4cfb4000 	C:\Windows\SYSTEM32\DBGHELP.DLL
0x00007ffb4bcd0000 - 0x00007ffb4bcfa000 	C:\Windows\SYSTEM32\dbgcore.DLL
0x00007ffb52fb0000 - 0x00007ffb52fd9000 	C:\Program Files\Android\Android Studio\jre\bin\java.dll
0x00007ffb557f0000 - 0x00007ffb557fb000 	C:\Program Files\Android\Android Studio\jre\bin\jimage.dll
0x00007ffb51b40000 - 0x00007ffb51b58000 	C:\Program Files\Android\Android Studio\jre\bin\zip.dll
0x00007ffb5bf30000 - 0x00007ffb5c617000 	C:\Windows\System32\SHELL32.dll
0x00007ffb5d930000 - 0x00007ffb5d9d8000 	C:\Windows\System32\shcore.dll
0x00007ffb5ae80000 - 0x00007ffb5b5fb000 	C:\Windows\System32\windows.storage.dll
0x00007ffb5aa50000 - 0x00007ffb5aa6e000 	C:\Windows\System32\profapi.dll
0x00007ffb5aa00000 - 0x00007ffb5aa4a000 	C:\Windows\System32\powrprof.dll
0x00007ffb5a9b0000 - 0x00007ffb5a9c0000 	C:\Windows\System32\UMPDC.dll
0x00007ffb5d0f0000 - 0x00007ffb5d142000 	C:\Windows\System32\shlwapi.dll
0x00007ffb5ae60000 - 0x00007ffb5ae77000 	C:\Windows\System32\cryptsp.dll
0x00007ffb516e0000 - 0x00007ffb516fa000 	C:\Program Files\Android\Android Studio\jre\bin\net.dll
0x00007ffb4ece0000 - 0x00007ffb4edda000 	C:\Windows\SYSTEM32\WINHTTP.dll
0x00007ffb5a190000 - 0x00007ffb5a1f7000 	C:\Windows\system32\mswsock.dll
0x00007ffb511b0000 - 0x00007ffb511c4000 	C:\Program Files\Android\Android Studio\jre\bin\nio.dll
0x00007ffb40db0000 - 0x00007ffb40dd7000 	C:\Users\YoungHwan\.gradle\native\8bec1ad78214c89d9ad589b4d07fe93259594b29d510b10fafb7a158f7737e5d\windows-amd64\native-platform.dll
0x00007ffb2a190000 - 0x00007ffb2a2cd000 	C:\Users\YoungHwan\.gradle\native\53dbd7edfb1c66fb8903c78663c9afc45aea4f116125fa6feffd364cf09443e8\windows-amd64\native-platform-file-events.dll
0x00007ffb57380000 - 0x00007ffb5738a000 	C:\Program Files\Android\Android Studio\jre\bin\management.dll
0x00007ffb56150000 - 0x00007ffb5615c000 	C:\Program Files\Android\Android Studio\jre\bin\management_ext.dll
0x00007ffb59d10000 - 0x00007ffb59d43000 	C:\Windows\system32\rsaenh.dll
0x00007ffb5ae30000 - 0x00007ffb5ae56000 	C:\Windows\System32\bcrypt.dll
0x00007ffb5a8d0000 - 0x00007ffb5a8f5000 	C:\Windows\SYSTEM32\USERENV.dll
0x00007ffb5a360000 - 0x00007ffb5a36c000 	C:\Windows\SYSTEM32\CRYPTBASE.dll
0x00007ffb59ea0000 - 0x00007ffb59eda000 	C:\Windows\SYSTEM32\IPHLPAPI.DLL
0x00007ffb5c7d0000 - 0x00007ffb5c7d8000 	C:\Windows\System32\NSI.dll
0x00007ffb51d10000 - 0x00007ffb51d26000 	C:\Windows\SYSTEM32\dhcpcsvc6.DLL
0x00007ffb51d50000 - 0x00007ffb51d6c000 	C:\Windows\SYSTEM32\dhcpcsvc.DLL
0x00007ffb59ee0000 - 0x00007ffb59fab000 	C:\Windows\SYSTEM32\DNSAPI.dll

dbghelp: loaded successfully - version: 4.0.5 - missing functions: none
symbol engine: initialized successfully - sym options: 0x614 - pdb path: .;C:\Program Files\Android\Android Studio\jre\bin;C:\Windows\SYSTEM32;C:\Windows\WinSxS\amd64_microsoft.windows.common-controls_6595b64144ccf1df_6.0.18362.1556_none_9e7e372fe45e41d5;C:\Program Files\Android\Android Studio\jre\bin\server;C:\Users\YoungHwan\.gradle\native\8bec1ad78214c89d9ad589b4d07fe93259594b29d510b10fafb7a158f7737e5d\windows-amd64;C:\Users\YoungHwan\.gradle\native\53dbd7edfb1c66fb8903c78663c9afc45aea4f116125fa6feffd364cf09443e8\windows-amd64

VM Arguments:
jvm_args: --add-opens=java.base/java.util=ALL-UNNAMED --add-opens=java.base/java.lang=ALL-UNNAMED --add-opens=java.base/java.lang.invoke=ALL-UNNAMED --add-opens=java.base/java.util=ALL-UNNAMED --add-opens=java.prefs/java.util.prefs=ALL-UNNAMED --add-opens=java.prefs/java.util.prefs=ALL-UNNAMED --add-opens=java.base/java.nio.charset=ALL-UNNAMED --add-opens=java.base/java.net=ALL-UNNAMED --add-opens=java.base/java.util.concurrent.atomic=ALL-UNNAMED -Xmx2048m -Dfile.encoding=UTF-8 -Duser.country=KR -Duser.language=ko -Duser.variant 
java_command: org.gradle.launcher.daemon.bootstrap.GradleDaemon 7.0.2
java_class_path (initial): C:\Users\YoungHwan\.gradle\wrapper\dists\gradle-7.0.2-bin\857tjihv64xamwrf0h14cai3r\gradle-7.0.2\lib\gradle-launcher-7.0.2.jar
Launcher Type: SUN_STANDARD

[Global flags]
     intx CICompilerCount                          = 4                                         {product} {ergonomic}
     uint ConcGCThreads                            = 2                                         {product} {ergonomic}
     uint G1ConcRefinementThreads                  = 8                                         {product} {ergonomic}
   size_t G1HeapRegionSize                         = 1048576                                   {product} {ergonomic}
    uintx GCDrainStackTargetSize                   = 64                                        {product} {ergonomic}
   size_t InitialHeapSize                          = 100663296                                 {product} {ergonomic}
   size_t MarkStackSize                            = 4194304                                   {product} {ergonomic}
   size_t MaxHeapSize                              = 2147483648                                {product} {command line}
   size_t MaxNewSize                               = 1287651328                                {product} {ergonomic}
   size_t MinHeapDeltaBytes                        = 1048576                                   {product} {ergonomic}
    uintx NonNMethodCodeHeapSize                   = 5836300                                {pd product} {ergonomic}
    uintx NonProfiledCodeHeapSize                  = 122910970                              {pd product} {ergonomic}
    uintx ProfiledCodeHeapSize                     = 122910970                              {pd product} {ergonomic}
    uintx ReservedCodeCacheSize                    = 251658240                              {pd product} {ergonomic}
     bool SegmentedCodeCache                       = true                                      {product} {ergonomic}
     bool UseCompressedClassPointers               = true                                 {lp64_product} {ergonomic}
     bool UseCompressedOops                        = true                                 {lp64_product} {ergonomic}
     bool UseG1GC                                  = true                                      {product} {ergonomic}
     bool UseLargePagesIndividualAllocation        = false                                  {pd product} {ergonomic}

Logging:
Log output configuration:
 #0: stdout all=warning uptime,level,tags
 #1: stderr all=off uptime,level,tags

Environment Variables:
JAVA_HOME=C:\Program Files\Java\jdk-15.0.2
JRE_HOME=C:\Program Files\Java\jre1.8.0_301
PATH=C:\Program Files\Common Files\Oracle\Java\javapath;C:\Program Files\NVIDIA GPU Computing Toolkit\CUDA\v10.0\bin;C:\Program Files\NVIDIA GPU Computing Toolkit\CUDA\v10.0\libnvvp;C:\Windows\system32;C:\Windows;C:\Windows\System32\Wbem;C:\Windows\System32\WindowsPowerShell\v1.0\;C:\Windows\System32\OpenSSH\;C:\Users\ÃÖ¿µÈ¯\AppData\Roaming\Microsoft\Windows\Start Menu\Programs\Python 3.8;C;\Program Files (x86)\NVIDIA Corporation\PhysX\Common;C:\Program Files\dotnet\;C:\Program Files\Git\cmd;C:\Program Files\Java\jdk-15.0.2\lib;C:\Program Files\Microsoft SQL Server\Client SDK\ODBC\170\Tools\Binn\;C:\Program Files (x86)\Microsoft SQL Server\150\Tools\Binn\;C:\Program Files\Microsoft SQL Server\150\Tools\Binn\;C:\Program Files\Microsoft SQL Server\150\DTS\Binn\;C:\Program Files (x86)\Microsoft SQL Server\150\DTS\Binn\;C:\Program Files\Azure Data Studio\bin;C:\Program Files\nodejs\;C:\Program Files\Redis\;C:\Users\YoungHwan\AppData\Local\Programs\Python\Python38\Scripts\;C:\Users\YoungHwan\AppData\Local\Programs\Python\Python38\;C:\Program Files\MySQL\MySQL Shell 8.0\bin\;C:\Users\YoungHwan\AppData\Local\Programs\Python\Python39\Scripts\;C:\Users\YoungHwan\AppData\Local\Programs\Python\Python39\;C:\Users\ÃÖ¿µÈ¯\AppData\Local\Programs\Python\Python38\Scripts\;C:\Users\ÃÖ¿µÈ¯\AppData\Local\Programs\Python\Python38\;C:\Users\YoungHwan\AppData\Local\Microsoft\WindowsApps;C:\Users\YoungHwan\.dotnet\tools;C:\Program Files\CMake\bin;C:\Program Files\Bandizip\;C:\Program Files\Java\jdk-15.0.2\bin;;C:\Program Files\Azure Data Studio\bin;C:\Program Files\JetBrains\PyCharm Community Edition 2020.2.1\bin;;C:\Users\YoungHwan\AppData\Roaming\npm;C:\Users\YoungHwan\AppData\Local\Programs\Microsoft VS Code\bin
USERNAME=YoungHwan
OS=Windows_NT
PROCESSOR_IDENTIFIER=AMD64 Family 23 Model 24 Stepping 1, AuthenticAMD



---------------  S Y S T E M  ---------------

OS: Windows 10 , 64 bit Build 18362 (10.0.18362.1500)
OS uptime: 121 days 4:30 hours

CPU:total 8 (initial active 8) (8 cores per cpu, 2 threads per core) family 23 model 24 stepping 1 microcode 0x0, cmov, cx8, fxsr, mmx, sse, sse2, sse3, ssse3, sse4.1, sse4.2, popcnt, avx, avx2, aes, clmul, mmxext, 3dnowpref, lzcnt, sse4a, ht, tsc, tscinvbit, tscinv, bmi1, bmi2, adx, s

Memory: 4k page, system-wide physical 6082M (331M free)
TotalPageFile size 24511M (AvailPageFile size 85M)
current process WorkingSet (physical memory assigned to process): 423M, peak: 426M
current process commit charge ("private bytes"): 572M, peak: 776M

vm_info: OpenJDK 64-Bit Server VM (11.0.10+0-b96-7249189) for windows-amd64 JRE (11.0.10+0-b96-7249189), built on Mar 31 2021 21:44:00 by "builder" with MS VC++ 14.0 (VS2015)

END.
